Log file open, 06/18/22 21:41:16
LogWindows: Failed to load 'aqProf.dll' (GetLastError=126)
LogWindows: File 'aqProf.dll' does not exist
LogWindows: Failed to load 'VtuneApi.dll' (GetLastError=126)
LogWindows: File 'VtuneApi.dll' does not exist
LogWindows: Failed to load 'VtuneApi32e.dll' (GetLastError=126)
LogWindows: File 'VtuneApi32e.dll' does not exist
LogConsoleResponse: Display: Failed to find resolution value strings in scalability ini. Falling back to default.
LogConsoleResponse: Display: Failed to find resolution value strings in scalability ini. Falling back to default.
LogPakFile: Display: Found Pak file ../../../ActionRoguelike/Content/Paks/ActionRoguelike-WindowsNoEditor.pak attempting to mount.
LogPakFile: Display: Mounting pak file ../../../ActionRoguelike/Content/Paks/ActionRoguelike-WindowsNoEditor.pak.
LogPakFile: PakFile PrimaryIndexSize=37654
LogPakFile: PakFile PathHashIndexSize=49926
LogPakFile: PakFile FullDirectoryIndexSize=80840
LogShaderLibrary: Display: ShaderCodeLibraryPakFileMountedCallback: PakFile '../../../ActionRoguelike/Content/Paks/ActionRoguelike-WindowsNoEditor.pak' (chunk index -1, root '../../../') mounted
LogShaderLibrary: Display: ShaderCodeLibraryPakFileMountedCallback: pending pak file info (ChunkID:-1 Root:../../../ File:../../../ActionRoguelike/Content/Paks/ActionRoguelike-WindowsNoEditor.pak)
LogPakFile: OnPakFileMounted2Time == 0.000047
LogPlatformFile: Not using cached read wrapper
LogTaskGraph: Started task graph with 5 named threads and 47 total threads with 3 sets of task threads.
LogStats: Stats thread started at 0.080884
LogICUInternationalization: ICU TimeZone Detection - Raw Offset: -5:00, Platform Override: ''
LogInit: Display: Loading text-based GConfig....
LogPluginManager: Mounting plugin Paper2D
LogPluginManager: Mounting plugin AISupport
LogPluginManager: Mounting plugin EnvironmentQueryEditor
LogPluginManager: Mounting plugin LightPropagationVolume
LogPluginManager: Mounting plugin CameraShakePreviewer
LogPluginManager: Mounting plugin GameplayCameras
LogPluginManager: Mounting plugin TemplateSequence
LogPluginManager: Mounting plugin LevelSequenceEditor
LogPluginManager: Mounting plugin OodleData
LogPluginManager: Mounting plugin OodleNetwork
LogPluginManager: Mounting plugin AnimationSharing
LogPluginManager: Mounting plugin SignificanceManager
LogPluginManager: Mounting plugin PixWinPlugin
LogPluginManager: Mounting plugin PluginUtils
LogPluginManager: Mounting plugin PropertyAccessEditor
LogPluginManager: Mounting plugin UObjectPlugin
LogPluginManager: Mounting plugin AssetManagerEditor
LogPluginManager: Mounting plugin FacialAnimation
LogPluginManager: Mounting plugin GeometryMode
LogPluginManager: Mounting plugin SpeedTreeImporter
LogPluginManager: Mounting plugin DatasmithContent
LogPluginManager: Mounting plugin VariantManagerContent
LogPluginManager: Mounting plugin AlembicImporter
LogPluginManager: Mounting plugin GeometryCache
LogPluginManager: Mounting plugin AutomationUtils
LogPluginManager: Mounting plugin ScreenshotTools
LogPluginManager: Mounting plugin BackChannel
LogPluginManager: Mounting plugin ChaosClothEditor
LogPluginManager: Mounting plugin ChaosCloth
LogPluginManager: Mounting plugin ChaosEditor
LogPluginManager: Mounting plugin PlanarCut
LogPluginManager: Mounting plugin GeometryProcessing
LogPluginManager: Mounting plugin EditableMesh
LogPluginManager: Mounting plugin GeometryCollectionPlugin
LogPluginManager: Mounting plugin ProceduralMeshComponent
LogPluginManager: Mounting plugin ChaosSolverPlugin
LogPluginManager: Mounting plugin ChaosNiagara
LogPluginManager: Mounting plugin Niagara
LogPluginManager: Mounting plugin PythonScriptPlugin
LogPluginManager: Mounting plugin CharacterAI
LogPluginManager: Mounting plugin MotoSynth
LogPluginManager: Mounting plugin OpenImageDenoise
LogPluginManager: Mounting plugin PlatformCrypto
LogPluginManager: Mounting plugin MagicLeapPassableWorld
LogPluginManager: Mounting plugin MagicLeap
LogPluginManager: Mounting plugin MLSDK
LogPluginManager: Mounting plugin MagicLeapLightEstimation
LogPluginManager: Mounting plugin AvfMedia
LogPluginManager: Mounting plugin ImgMedia
LogPluginManager: Mounting plugin MediaCompositing
LogPluginManager: Mounting plugin WmfMedia
LogPluginManager: Mounting plugin MeshPainting
LogPluginManager: Mounting plugin TcpMessaging
LogPluginManager: Mounting plugin UdpMessaging
LogPluginManager: Mounting plugin ActorSequence
LogPluginManager: Mounting plugin MatineeToLevelSequence
LogPluginManager: Mounting plugin OnlineSubsystemNull
LogPluginManager: Mounting plugin OnlineSubsystem
LogPluginManager: Mounting plugin OnlineSubsystemUtils
LogPluginManager: Mounting plugin LauncherChunkInstaller
LogPluginManager: Mounting plugin ActorLayerUtilities
LogPluginManager: Mounting plugin AndroidPermission
LogPluginManager: Mounting plugin AppleImageUtils
LogPluginManager: Mounting plugin ArchVisCharacter
LogPluginManager: Mounting plugin AssetTags
LogPluginManager: Mounting plugin AudioCapture
LogPluginManager: Mounting plugin CableComponent
LogPluginManager: Mounting plugin ChunkDownloader
LogPluginManager: Mounting plugin CustomMeshComponent
LogPluginManager: Mounting plugin ExampleDeviceProfileSelector
LogPluginManager: Mounting plugin GooglePAD
LogPluginManager: Mounting plugin LocationServicesBPLibrary
LogPluginManager: Mounting plugin MobilePatchingUtils
LogPluginManager: Mounting plugin PhysXVehicles
LogPluginManager: Mounting plugin RuntimePhysXCooking
LogPluginManager: Mounting plugin SoundFields
LogPluginManager: Mounting plugin Synthesis
LogPluginManager: Mounting plugin AudioSynesthesia
LogPluginManager: Mounting plugin WebMMoviePlayer
LogPluginManager: Mounting plugin WebMMedia
LogPluginManager: Mounting plugin WindowsMoviePlayer
PixWinPlugin: PIX capture plugin failed to initialize! Check that the process is launched from PIX.
LogLuminAPIImpl: Warning: MLSDK not found.  This likely means the MLSDK environment variable is not set.
LogInit: Using libcurl 7.55.1-DEV
LogInit:  - built for x86_64-pc-win32
LogInit:  - supports SSL with OpenSSL/1.1.1
LogInit:  - supports HTTP deflate (compression) using libz 1.2.8
LogInit:  - other features:
LogInit:      CURL_VERSION_SSL
LogInit:      CURL_VERSION_LIBZ
LogInit:      CURL_VERSION_IPV6
LogInit:      CURL_VERSION_ASYNCHDNS
LogInit:      CURL_VERSION_LARGEFILE
LogInit:      CURL_VERSION_IDN
LogInit:  CurlRequestOptions (configurable via config and command line):
LogInit:  - bVerifyPeer = true  - Libcurl will verify peer certificate
LogInit:  - bUseHttpProxy = false  - Libcurl will NOT use HTTP proxy
LogInit:  - bDontReuseConnections = false  - Libcurl will reuse connections
LogInit:  - MaxHostConnections = 16  - Libcurl will limit the number of connections to a host
LogInit:  - LocalHostAddr = Default
LogInit:  - BufferSize = 65536
LogOnline: OSS: Creating online subsystem instance for: NULL
LogInit: WinSock: version 1.1 (2.2), MaxSocks=32767, MaxUdp=65467
LogOnline: OSS: TryLoadSubsystemAndSetDefault: Loaded subsystem for module [NULL]
LogInit: Build: ++UE4+Release-4.27-CL-18319896
LogInit: Engine Version: 4.27.2-18319896+++UE4+Release-4.27
LogInit: Compatible Engine Version: 4.27.0-17155196+++UE4+Release-4.27
LogInit: Net CL: 17155196
LogInit: OS: Windows 10 (Release 2009) (), CPU: Intel(R) Core(TM) i9-9900K CPU @ 3.60GHz, GPU: NVIDIA GeForce RTX 3080 Ti
LogInit: Compiled (64-bit): Nov 30 2021 07:26:28
LogInit: Compiled with Visual C++: 19.16.27032.01
LogInit: Build Configuration: Development
LogInit: Branch Name: ++UE4+Release-4.27
LogInit: Command Line:  -trace=counters,cpu, frame,bookmark,loadtime -statnamedevents
LogInit: Base Directory: D:/Projects/Unreal/ActionRoguelike/Packaged/WindowsNoEditor/ActionRoguelike/Binaries/Win64/
LogInit: Allocator: binned2
LogInit: Installed Engine Build: 0
LogDevObjectVersion: Number of dev versions registered: 29
LogDevObjectVersion:   Dev-Blueprints (B0D832E4-1F89-4F0D-ACCF-7EB736FD4AA2): 10
LogDevObjectVersion:   Dev-Build (E1C64328-A22C-4D53-A36C-8E866417BD8C): 0
LogDevObjectVersion:   Dev-Core (375EC13C-06E4-48FB-B500-84F0262A717E): 4
LogDevObjectVersion:   Dev-Editor (E4B068ED-F494-42E9-A231-DA0B2E46BB41): 40
LogDevObjectVersion:   Dev-Framework (CFFC743F-43B0-4480-9391-14DF171D2073): 37
LogDevObjectVersion:   Dev-Mobile (B02B49B5-BB20-44E9-A304-32B752E40360): 3
LogDevObjectVersion:   Dev-Networking (A4E4105C-59A1-49B5-A7C5-40C4547EDFEE): 0
LogDevObjectVersion:   Dev-Online (39C831C9-5AE6-47DC-9A44-9C173E1C8E7C): 0
LogDevObjectVersion:   Dev-Physics (78F01B33-EBEA-4F98-B9B4-84EACCB95AA2): 14
LogDevObjectVersion:   Dev-Platform (6631380F-2D4D-43E0-8009-CF276956A95A): 0
LogDevObjectVersion:   Dev-Rendering (12F88B9F-8875-4AFC-A67C-D90C383ABD29): 45
LogDevObjectVersion:   Dev-Sequencer (7B5AE74C-D270-4C10-A958-57980B212A5A): 13
LogDevObjectVersion:   Dev-VR (D7296918-1DD6-4BDD-9DE2-64A83CC13884): 3
LogDevObjectVersion:   Dev-LoadTimes (C2A15278-BFE7-4AFE-6C17-90FF531DF755): 1
LogDevObjectVersion:   Private-Geometry (6EACA3D4-40EC-4CC1-B786-8BED09428FC5): 3
LogDevObjectVersion:   Dev-AnimPhys (29E575DD-E0A3-4627-9D10-D276232CDCEA): 17
LogDevObjectVersion:   Dev-Anim (AF43A65D-7FD3-4947-9873-3E8ED9C1BB05): 15
LogDevObjectVersion:   Dev-ReflectionCapture (6B266CEC-1EC7-4B8F-A30B-E4D90942FC07): 1
LogDevObjectVersion:   Dev-Automation (0DF73D61-A23F-47EA-B727-89E90C41499A): 1
LogDevObjectVersion:   FortniteMain (601D1886-AC64-4F84-AA16-D3DE0DEAC7D6): 47
LogDevObjectVersion:   FortniteRelease (E7086368-6B23-4C58-8439-1B7016265E91): 1
LogDevObjectVersion:   Dev-Enterprise (9DFFBCD6-494F-0158-E221-12823C92A888): 10
LogDevObjectVersion:   Dev-Niagara (F2AED0AC-9AFE-416F-8664-AA7FFA26D6FC): 1
LogDevObjectVersion:   Dev-Destruction (174F1F0B-B4C6-45A5-B13F-2EE8D0FB917D): 10
LogDevObjectVersion:   Dev-Physics-Ext (35F94A83-E258-406C-A318-09F59610247C): 41
LogDevObjectVersion:   Dev-PhysicsMaterial-Chaos (B68FC16E-8B1B-42E2-B453-215C058844FE): 1
LogDevObjectVersion:   Dev-CineCamera (B2E18506-4273-CFC2-A54E-F4BB758BBA07): 1
LogDevObjectVersion:   Dev-VirtualProduction (64F58936-FD1B-42BA-BA96-7289D5D0FA4E): 1
LogDevObjectVersion:   Dev-MediaFramework (6F0ED827-A609-4895-9C91-998D90180EA4): 2
LogInit: Presizing for max 2097152 objects, including 1 objects not considered by GC, pre-allocating 0 bytes for permanent pool.
LogConfig: Applying CVar settings from Section [/Script/Engine.StreamingSettings] File [../../../ActionRoguelike/Saved/Config/WindowsNoEditor/Engine.ini]
LogConfig: Setting CVar [[s.MinBulkDataSizeForAsyncLoading:131072]]
LogConfig: Setting CVar [[s.AsyncLoadingThreadEnabled:0]]
LogConfig: Setting CVar [[s.EventDrivenLoaderEnabled:1]]
LogConfig: Setting CVar [[s.WarnIfTimeLimitExceeded:0]]
LogConfig: Setting CVar [[s.TimeLimitExceededMultiplier:1.5]]
LogConfig: Setting CVar [[s.TimeLimitExceededMinTime:0.005]]
LogConfig: Setting CVar [[s.UseBackgroundLevelStreaming:1]]
LogConfig: Setting CVar [[s.PriorityAsyncLoadingExtraTime:15.0]]
LogConfig: Setting CVar [[s.LevelStreamingActorsUpdateTimeLimit:5.0]]
LogConfig: Setting CVar [[s.PriorityLevelStreamingActorsUpdateExtraTime:5.0]]
LogConfig: Setting CVar [[s.LevelStreamingComponentsRegistrationGranularity:10]]
LogConfig: Setting CVar [[s.UnregisterComponentsTimeLimit:1.0]]
LogConfig: Setting CVar [[s.LevelStreamingComponentsUnregistrationGranularity:5]]
LogConfig: Setting CVar [[s.FlushStreamingOnExit:1]]
LogStreaming: Display: Async Loading initialized: Event Driven Loader: true, Async Loading Thread: false, Async Post Load: true
LogInit: Object subsystem initialized
LogConfig: Setting CVar [[con.DebugEarlyDefault:1]]
LogConfig: Setting CVar [[r.setres:1280x720]]
LogConfig: Setting CVar [[fx.NiagaraAllowRuntimeScalabilityChanges:1]]
[2022.06.19-01.41.16:460][  0]LogConfig: Setting CVar [[con.DebugEarlyDefault:1]]
[2022.06.19-01.41.16:460][  0]LogConfig: Setting CVar [[r.setres:1280x720]]
[2022.06.19-01.41.16:460][  0]LogConfig: Setting CVar [[fx.NiagaraAllowRuntimeScalabilityChanges:1]]
[2022.06.19-01.41.16:460][  0]LogConfig: Applying CVar settings from Section [/Script/Engine.RendererSettings] File [../../../ActionRoguelike/Saved/Config/WindowsNoEditor/Engine.ini]
[2022.06.19-01.41.16:460][  0]LogConfig: Setting CVar [[r.GPUCrashDebugging:0]]
[2022.06.19-01.41.16:460][  0]LogConfig: Applying CVar settings from Section [/Script/Engine.RendererOverrideSettings] File [../../../ActionRoguelike/Saved/Config/WindowsNoEditor/Engine.ini]
[2022.06.19-01.41.16:460][  0]LogConfig: Applying CVar settings from Section [/Script/Engine.StreamingSettings] File [../../../ActionRoguelike/Saved/Config/WindowsNoEditor/Engine.ini]
[2022.06.19-01.41.16:460][  0]LogConfig: Setting CVar [[s.MinBulkDataSizeForAsyncLoading:131072]]
[2022.06.19-01.41.16:460][  0]LogConfig: Setting CVar [[s.AsyncLoadingThreadEnabled:0]]
[2022.06.19-01.41.16:460][  0]LogConfig: Setting CVar [[s.EventDrivenLoaderEnabled:1]]
[2022.06.19-01.41.16:460][  0]LogConfig: Setting CVar [[s.WarnIfTimeLimitExceeded:0]]
[2022.06.19-01.41.16:460][  0]LogConfig: Setting CVar [[s.TimeLimitExceededMultiplier:1.5]]
[2022.06.19-01.41.16:460][  0]LogConfig: Setting CVar [[s.TimeLimitExceededMinTime:0.005]]
[2022.06.19-01.41.16:460][  0]LogConfig: Setting CVar [[s.UseBackgroundLevelStreaming:1]]
[2022.06.19-01.41.16:460][  0]LogConfig: Setting CVar [[s.PriorityAsyncLoadingExtraTime:15.0]]
[2022.06.19-01.41.16:460][  0]LogConfig: Setting CVar [[s.LevelStreamingActorsUpdateTimeLimit:5.0]]
[2022.06.19-01.41.16:460][  0]LogConfig: Setting CVar [[s.PriorityLevelStreamingActorsUpdateExtraTime:5.0]]
[2022.06.19-01.41.16:460][  0]LogConfig: Setting CVar [[s.LevelStreamingComponentsRegistrationGranularity:10]]
[2022.06.19-01.41.16:461][  0]LogConfig: Setting CVar [[s.UnregisterComponentsTimeLimit:1.0]]
[2022.06.19-01.41.16:461][  0]LogConfig: Setting CVar [[s.LevelStreamingComponentsUnregistrationGranularity:5]]
[2022.06.19-01.41.16:461][  0]LogConfig: Setting CVar [[s.FlushStreamingOnExit:1]]
[2022.06.19-01.41.16:461][  0]LogConfig: Applying CVar settings from Section [/Script/Engine.GarbageCollectionSettings] File [../../../ActionRoguelike/Saved/Config/WindowsNoEditor/Engine.ini]
[2022.06.19-01.41.16:461][  0]LogConfig: Setting CVar [[gc.MaxObjectsNotConsideredByGC:1]]
[2022.06.19-01.41.16:461][  0]LogConfig: Setting CVar [[gc.SizeOfPermanentObjectPool:0]]
[2022.06.19-01.41.16:461][  0]LogConfig: Setting CVar [[gc.FlushStreamingOnGC:0]]
[2022.06.19-01.41.16:461][  0]LogConfig: Setting CVar [[gc.NumRetriesBeforeForcingGC:10]]
[2022.06.19-01.41.16:461][  0]LogConfig: Setting CVar [[gc.AllowParallelGC:1]]
[2022.06.19-01.41.16:461][  0]LogConfig: Setting CVar [[gc.TimeBetweenPurgingPendingKillObjects:61.1]]
[2022.06.19-01.41.16:461][  0]LogConfig: Setting CVar [[gc.MaxObjectsInEditor:25165824]]
[2022.06.19-01.41.16:461][  0]LogConfig: Setting CVar [[gc.IncrementalBeginDestroyEnabled:1]]
[2022.06.19-01.41.16:461][  0]LogConfig: Setting CVar [[gc.CreateGCClusters:1]]
[2022.06.19-01.41.16:461][  0]LogConfig: Setting CVar [[gc.MinGCClusterSize:5]]
[2022.06.19-01.41.16:461][  0]LogConfig: Setting CVar [[gc.ActorClusteringEnabled:0]]
[2022.06.19-01.41.16:461][  0]LogConfig: Setting CVar [[gc.BlueprintClusteringEnabled:0]]
[2022.06.19-01.41.16:461][  0]LogConfig: Setting CVar [[gc.UseDisregardForGCOnDedicatedServers:0]]
[2022.06.19-01.41.16:461][  0]LogConfig: Setting CVar [[gc.MultithreadedDestructionEnabled:1]]
[2022.06.19-01.41.16:461][  0]LogConfig: Applying CVar settings from Section [/Script/Engine.NetworkSettings] File [../../../ActionRoguelike/Saved/Config/WindowsNoEditor/Engine.ini]
[2022.06.19-01.41.16:492][  0]LogConfig: Applying CVar settings from Section [ViewDistanceQuality@3] File [../../../ActionRoguelike/Saved/Config/WindowsNoEditor/Scalability.ini]
[2022.06.19-01.41.16:492][  0]LogConfig: Setting CVar [[r.SkeletalMeshLODBias:0]]
[2022.06.19-01.41.16:492][  0]LogConfig: Setting CVar [[r.ViewDistanceScale:1.0]]
[2022.06.19-01.41.16:492][  0]LogConfig: Applying CVar settings from Section [AntiAliasingQuality@3] File [../../../ActionRoguelike/Saved/Config/WindowsNoEditor/Scalability.ini]
[2022.06.19-01.41.16:492][  0]LogConfig: Setting CVar [[r.PostProcessAAQuality:4]]
[2022.06.19-01.41.16:492][  0]LogConfig: Applying CVar settings from Section [ShadowQuality@3] File [../../../ActionRoguelike/Saved/Config/WindowsNoEditor/Scalability.ini]
[2022.06.19-01.41.16:492][  0]LogConfig: Setting CVar [[r.LightFunctionQuality:1]]
[2022.06.19-01.41.16:492][  0]LogConfig: Setting CVar [[r.ShadowQuality:5]]
[2022.06.19-01.41.16:492][  0]LogConfig: Setting CVar [[r.Shadow.CSM.MaxCascades:10]]
[2022.06.19-01.41.16:492][  0]LogConfig: Setting CVar [[r.Shadow.MaxResolution:2048]]
[2022.06.19-01.41.16:492][  0]LogConfig: Setting CVar [[r.Shadow.MaxCSMResolution:2048]]
[2022.06.19-01.41.16:492][  0]LogConfig: Setting CVar [[r.Shadow.RadiusThreshold:0.01]]
[2022.06.19-01.41.16:492][  0]LogConfig: Setting CVar [[r.Shadow.DistanceScale:1.0]]
[2022.06.19-01.41.16:492][  0]LogConfig: Setting CVar [[r.Shadow.CSM.TransitionScale:1.0]]
[2022.06.19-01.41.16:492][  0]LogConfig: Setting CVar [[r.Shadow.PreShadowResolutionFactor:1.0]]
[2022.06.19-01.41.16:492][  0]LogConfig: Setting CVar [[r.DistanceFieldShadowing:1]]
[2022.06.19-01.41.16:492][  0]LogConfig: Setting CVar [[r.DistanceFieldAO:1]]
[2022.06.19-01.41.16:492][  0]LogConfig: Setting CVar [[r.AOQuality:2]]
[2022.06.19-01.41.16:493][  0]LogConfig: Setting CVar [[r.VolumetricFog:1]]
[2022.06.19-01.41.16:493][  0]LogConfig: Setting CVar [[r.VolumetricFog.GridPixelSize:8]]
[2022.06.19-01.41.16:493][  0]LogConfig: Setting CVar [[r.VolumetricFog.GridSizeZ:128]]
[2022.06.19-01.41.16:493][  0]LogConfig: Setting CVar [[r.VolumetricFog.HistoryMissSupersampleCount:4]]
[2022.06.19-01.41.16:493][  0]LogConfig: Setting CVar [[r.LightMaxDrawDistanceScale:1]]
[2022.06.19-01.41.16:493][  0]LogConfig: Setting CVar [[r.CapsuleShadows:1]]
[2022.06.19-01.41.16:493][  0]LogConfig: Applying CVar settings from Section [PostProcessQuality@3] File [../../../ActionRoguelike/Saved/Config/WindowsNoEditor/Scalability.ini]
[2022.06.19-01.41.16:493][  0]LogConfig: Setting CVar [[r.MotionBlurQuality:4]]
[2022.06.19-01.41.16:493][  0]LogConfig: Setting CVar [[r.AmbientOcclusionMipLevelFactor:0.4]]
[2022.06.19-01.41.16:493][  0]LogConfig: Setting CVar [[r.AmbientOcclusionMaxQuality:100]]
[2022.06.19-01.41.16:493][  0]LogConfig: Setting CVar [[r.AmbientOcclusionLevels:-1]]
[2022.06.19-01.41.16:493][  0]LogConfig: Setting CVar [[r.AmbientOcclusionRadiusScale:1.0]]
[2022.06.19-01.41.16:493][  0]LogConfig: Setting CVar [[r.DepthOfFieldQuality:2]]
[2022.06.19-01.41.16:493][  0]LogConfig: Setting CVar [[r.RenderTargetPoolMin:400]]
[2022.06.19-01.41.16:493][  0]LogConfig: Setting CVar [[r.LensFlareQuality:2]]
[2022.06.19-01.41.16:493][  0]LogConfig: Setting CVar [[r.SceneColorFringeQuality:1]]
[2022.06.19-01.41.16:493][  0]LogConfig: Setting CVar [[r.EyeAdaptationQuality:2]]
[2022.06.19-01.41.16:493][  0]LogConfig: Setting CVar [[r.BloomQuality:5]]
[2022.06.19-01.41.16:493][  0]LogConfig: Setting CVar [[r.FastBlurThreshold:100]]
[2022.06.19-01.41.16:493][  0]LogConfig: Setting CVar [[r.Upscale.Quality:3]]
[2022.06.19-01.41.16:493][  0]LogConfig: Setting CVar [[r.Tonemapper.GrainQuantization:1]]
[2022.06.19-01.41.16:493][  0]LogConfig: Setting CVar [[r.LightShaftQuality:1]]
[2022.06.19-01.41.16:493][  0]LogConfig: Setting CVar [[r.Filter.SizeScale:1]]
[2022.06.19-01.41.16:493][  0]LogConfig: Setting CVar [[r.Tonemapper.Quality:5]]
[2022.06.19-01.41.16:493][  0]LogConfig: Setting CVar [[r.DOF.Gather.AccumulatorQuality:1        ; higher gathering accumulator quality]]
[2022.06.19-01.41.16:493][  0]LogConfig: Setting CVar [[r.DOF.Gather.PostfilterMethod:1          ; Median3x3 postfilering method]]
[2022.06.19-01.41.16:493][  0]LogConfig: Setting CVar [[r.DOF.Gather.EnableBokehSettings:0       ; no bokeh simulation when gathering]]
[2022.06.19-01.41.16:493][  0]LogConfig: Setting CVar [[r.DOF.Gather.RingCount:4                 ; medium number of samples when gathering]]
[2022.06.19-01.41.16:493][  0]LogConfig: Setting CVar [[r.DOF.Scatter.ForegroundCompositing:1    ; additive foreground scattering]]
[2022.06.19-01.41.16:493][  0]LogConfig: Setting CVar [[r.DOF.Scatter.BackgroundCompositing:2    ; additive background scattering]]
[2022.06.19-01.41.16:493][  0]LogConfig: Setting CVar [[r.DOF.Scatter.EnableBokehSettings:1      ; bokeh simulation when scattering]]
[2022.06.19-01.41.16:493][  0]LogConfig: Setting CVar [[r.DOF.Scatter.MaxSpriteRatio:0.1         ; only a maximum of 10% of scattered bokeh]]
[2022.06.19-01.41.16:493][  0]LogConfig: Setting CVar [[r.DOF.Recombine.Quality:1                ; cheap slight out of focus]]
[2022.06.19-01.41.16:493][  0]LogConfig: Setting CVar [[r.DOF.Recombine.EnableBokehSettings:0    ; no bokeh simulation on slight out of focus]]
[2022.06.19-01.41.16:493][  0]LogConfig: Setting CVar [[r.DOF.TemporalAAQuality:1                ; more stable temporal accumulation]]
[2022.06.19-01.41.16:493][  0]LogConfig: Setting CVar [[r.DOF.Kernel.MaxForegroundRadius:0.025]]
[2022.06.19-01.41.16:493][  0]LogConfig: Setting CVar [[r.DOF.Kernel.MaxBackgroundRadius:0.025]]
[2022.06.19-01.41.16:493][  0]LogConfig: Applying CVar settings from Section [TextureQuality@3] File [../../../ActionRoguelike/Saved/Config/WindowsNoEditor/Scalability.ini]
[2022.06.19-01.41.16:493][  0]LogConfig: Setting CVar [[r.Streaming.MipBias:0]]
[2022.06.19-01.41.16:493][  0]LogConfig: Setting CVar [[r.Streaming.AmortizeCPUToGPUCopy:0]]
[2022.06.19-01.41.16:493][  0]LogConfig: Setting CVar [[r.Streaming.MaxNumTexturesToStreamPerFrame:0]]
[2022.06.19-01.41.16:493][  0]LogConfig: Setting CVar [[r.Streaming.Boost:1]]
[2022.06.19-01.41.16:493][  0]LogConfig: Setting CVar [[r.MaxAnisotropy:8]]
[2022.06.19-01.41.16:493][  0]LogConfig: Setting CVar [[r.VT.MaxAnisotropy:8]]
[2022.06.19-01.41.16:493][  0]LogConfig: Setting CVar [[r.Streaming.LimitPoolSizeToVRAM:0]]
[2022.06.19-01.41.16:493][  0]LogConfig: Setting CVar [[r.Streaming.PoolSize:1000]]
[2022.06.19-01.41.16:493][  0]LogConfig: Setting CVar [[r.Streaming.MaxEffectiveScreenSize:0]]
[2022.06.19-01.41.16:493][  0]LogConfig: Applying CVar settings from Section [EffectsQuality@3] File [../../../ActionRoguelike/Saved/Config/WindowsNoEditor/Scalability.ini]
[2022.06.19-01.41.16:493][  0]LogConfig: Setting CVar [[r.TranslucencyLightingVolumeDim:64]]
[2022.06.19-01.41.16:493][  0]LogConfig: Setting CVar [[r.RefractionQuality:2]]
[2022.06.19-01.41.16:493][  0]LogConfig: Setting CVar [[r.SSR.Quality:3]]
[2022.06.19-01.41.16:493][  0]LogConfig: Setting CVar [[r.SSR.HalfResSceneColor:0]]
[2022.06.19-01.41.16:493][  0]LogConfig: Setting CVar [[r.SceneColorFormat:4]]
[2022.06.19-01.41.16:493][  0]LogConfig: Setting CVar [[r.DetailMode:2]]
[2022.06.19-01.41.16:493][  0]LogConfig: Setting CVar [[r.TranslucencyVolumeBlur:1]]
[2022.06.19-01.41.16:493][  0]LogConfig: Setting CVar [[r.MaterialQualityLevel:1 ; High quality]]
[2022.06.19-01.41.16:493][  0]LogConfig: Setting CVar [[r.AnisotropicMaterials:1]]
[2022.06.19-01.41.16:493][  0]LogConfig: Setting CVar [[r.SSS.Scale:1]]
[2022.06.19-01.41.16:493][  0]LogConfig: Setting CVar [[r.SSS.SampleSet:2]]
[2022.06.19-01.41.16:493][  0]LogConfig: Setting CVar [[r.SSS.Quality:1]]
[2022.06.19-01.41.16:493][  0]LogConfig: Setting CVar [[r.SSS.HalfRes:0]]
[2022.06.19-01.41.16:493][  0]LogConfig: Setting CVar [[r.SSGI.Quality:3]]
[2022.06.19-01.41.16:493][  0]LogConfig: Setting CVar [[r.EmitterSpawnRateScale:1.0]]
[2022.06.19-01.41.16:493][  0]LogConfig: Setting CVar [[r.ParticleLightQuality:2]]
[2022.06.19-01.41.16:493][  0]LogConfig: Setting CVar [[r.SkyAtmosphere.AerialPerspectiveLUT.FastApplyOnOpaque:1 ; Always have FastSkyLUT 1 in this case to avoid wrong sky]]
[2022.06.19-01.41.16:493][  0]LogConfig: Setting CVar [[r.SkyAtmosphere.AerialPerspectiveLUT.SampleCountMaxPerSlice:4]]
[2022.06.19-01.41.16:493][  0]LogConfig: Setting CVar [[r.SkyAtmosphere.AerialPerspectiveLUT.DepthResolution:16.0]]
[2022.06.19-01.41.16:493][  0]LogConfig: Setting CVar [[r.SkyAtmosphere.FastSkyLUT:1]]
[2022.06.19-01.41.16:493][  0]LogConfig: Setting CVar [[r.SkyAtmosphere.FastSkyLUT.SampleCountMin:4.0]]
[2022.06.19-01.41.16:493][  0]LogConfig: Setting CVar [[r.SkyAtmosphere.FastSkyLUT.SampleCountMax:128.0]]
[2022.06.19-01.41.16:493][  0]LogConfig: Setting CVar [[r.SkyAtmosphere.SampleCountMin:4.0]]
[2022.06.19-01.41.16:493][  0]LogConfig: Setting CVar [[r.SkyAtmosphere.SampleCountMax:128.0]]
[2022.06.19-01.41.16:493][  0]LogConfig: Setting CVar [[r.SkyAtmosphere.TransmittanceLUT.UseSmallFormat:0]]
[2022.06.19-01.41.16:493][  0]LogConfig: Setting CVar [[r.SkyAtmosphere.TransmittanceLUT.SampleCount:10.0]]
[2022.06.19-01.41.16:493][  0]LogConfig: Setting CVar [[r.SkyAtmosphere.MultiScatteringLUT.SampleCount:15.0]]
[2022.06.19-01.41.16:493][  0]LogConfig: Setting CVar [[r.SkyLight.RealTimeReflectionCapture:1]]
[2022.06.19-01.41.16:493][  0]LogConfig: Setting CVar [[fx.Niagara.QualityLevel:3]]
[2022.06.19-01.41.16:493][  0]LogConfig: Applying CVar settings from Section [FoliageQuality@3] File [../../../ActionRoguelike/Saved/Config/WindowsNoEditor/Scalability.ini]
[2022.06.19-01.41.16:493][  0]LogConfig: Setting CVar [[foliage.DensityScale:1.0]]
[2022.06.19-01.41.16:493][  0]LogConfig: Setting CVar [[grass.DensityScale:1.0]]
[2022.06.19-01.41.16:493][  0]LogConfig: Applying CVar settings from Section [ShadingQuality@3] File [../../../ActionRoguelike/Saved/Config/WindowsNoEditor/Scalability.ini]
[2022.06.19-01.41.16:493][  0]LogConfig: Setting CVar [[r.HairStrands.SkyLighting.IntegrationType:2]]
[2022.06.19-01.41.16:493][  0]LogConfig: Setting CVar [[r.HairStrands.SkyAO.SampleCount:4]]
[2022.06.19-01.41.16:493][  0]LogConfig: Setting CVar [[r.HairStrands.Visibility.MSAA.SamplePerPixel:4]]
[2022.06.19-01.41.16:493][  0]LogInit: Selected Device Profile: [WindowsNoEditor]
[2022.06.19-01.41.16:493][  0]LogInit: Applying CVar settings loaded from the selected device profile: [WindowsNoEditor]
[2022.06.19-01.41.16:493][  0]LogHAL: Display: Platform has ~ 32 GB [34287190016 / 34359738368 / 32], which maps to Largest [LargestMinGB=32, LargerMinGB=12, DefaultMinGB=8, SmallerMinGB=6, SmallestMinGB=0)
[2022.06.19-01.41.16:493][  0]LogInit: Going up to parent DeviceProfile [Windows]
[2022.06.19-01.41.16:493][  0]LogInit: Going up to parent DeviceProfile []
[2022.06.19-01.41.16:493][  0]LogConfig: Applying CVar settings from Section [ViewDistanceQuality@3] File [../../../ActionRoguelike/Saved/Config/WindowsNoEditor/Scalability.ini]
[2022.06.19-01.41.16:493][  0]LogConfig: Setting CVar [[r.SkeletalMeshLODBias:0]]
[2022.06.19-01.41.16:493][  0]LogConfig: Setting CVar [[r.ViewDistanceScale:1.0]]
[2022.06.19-01.41.16:493][  0]LogConfig: Applying CVar settings from Section [AntiAliasingQuality@3] File [../../../ActionRoguelike/Saved/Config/WindowsNoEditor/Scalability.ini]
[2022.06.19-01.41.16:493][  0]LogConfig: Setting CVar [[r.PostProcessAAQuality:4]]
[2022.06.19-01.41.16:493][  0]LogConfig: Applying CVar settings from Section [ShadowQuality@3] File [../../../ActionRoguelike/Saved/Config/WindowsNoEditor/Scalability.ini]
[2022.06.19-01.41.16:493][  0]LogConfig: Setting CVar [[r.LightFunctionQuality:1]]
[2022.06.19-01.41.16:493][  0]LogConfig: Setting CVar [[r.ShadowQuality:5]]
[2022.06.19-01.41.16:493][  0]LogConfig: Setting CVar [[r.Shadow.CSM.MaxCascades:10]]
[2022.06.19-01.41.16:493][  0]LogConfig: Setting CVar [[r.Shadow.MaxResolution:2048]]
[2022.06.19-01.41.16:493][  0]LogConfig: Setting CVar [[r.Shadow.MaxCSMResolution:2048]]
[2022.06.19-01.41.16:493][  0]LogConfig: Setting CVar [[r.Shadow.RadiusThreshold:0.01]]
[2022.06.19-01.41.16:494][  0]LogConfig: Setting CVar [[r.Shadow.DistanceScale:1.0]]
[2022.06.19-01.41.16:494][  0]LogConfig: Setting CVar [[r.Shadow.CSM.TransitionScale:1.0]]
[2022.06.19-01.41.16:494][  0]LogConfig: Setting CVar [[r.Shadow.PreShadowResolutionFactor:1.0]]
[2022.06.19-01.41.16:494][  0]LogConfig: Setting CVar [[r.DistanceFieldShadowing:1]]
[2022.06.19-01.41.16:494][  0]LogConfig: Setting CVar [[r.DistanceFieldAO:1]]
[2022.06.19-01.41.16:494][  0]LogConfig: Setting CVar [[r.AOQuality:2]]
[2022.06.19-01.41.16:494][  0]LogConfig: Setting CVar [[r.VolumetricFog:1]]
[2022.06.19-01.41.16:494][  0]LogConfig: Setting CVar [[r.VolumetricFog.GridPixelSize:8]]
[2022.06.19-01.41.16:494][  0]LogConfig: Setting CVar [[r.VolumetricFog.GridSizeZ:128]]
[2022.06.19-01.41.16:494][  0]LogConfig: Setting CVar [[r.VolumetricFog.HistoryMissSupersampleCount:4]]
[2022.06.19-01.41.16:494][  0]LogConfig: Setting CVar [[r.LightMaxDrawDistanceScale:1]]
[2022.06.19-01.41.16:494][  0]LogConfig: Setting CVar [[r.CapsuleShadows:1]]
[2022.06.19-01.41.16:494][  0]LogConfig: Applying CVar settings from Section [PostProcessQuality@3] File [../../../ActionRoguelike/Saved/Config/WindowsNoEditor/Scalability.ini]
[2022.06.19-01.41.16:494][  0]LogConfig: Setting CVar [[r.MotionBlurQuality:4]]
[2022.06.19-01.41.16:494][  0]LogConfig: Setting CVar [[r.AmbientOcclusionMipLevelFactor:0.4]]
[2022.06.19-01.41.16:494][  0]LogConfig: Setting CVar [[r.AmbientOcclusionMaxQuality:100]]
[2022.06.19-01.41.16:494][  0]LogConfig: Setting CVar [[r.AmbientOcclusionLevels:-1]]
[2022.06.19-01.41.16:494][  0]LogConfig: Setting CVar [[r.AmbientOcclusionRadiusScale:1.0]]
[2022.06.19-01.41.16:494][  0]LogConfig: Setting CVar [[r.DepthOfFieldQuality:2]]
[2022.06.19-01.41.16:494][  0]LogConfig: Setting CVar [[r.RenderTargetPoolMin:400]]
[2022.06.19-01.41.16:494][  0]LogConfig: Setting CVar [[r.LensFlareQuality:2]]
[2022.06.19-01.41.16:494][  0]LogConfig: Setting CVar [[r.SceneColorFringeQuality:1]]
[2022.06.19-01.41.16:494][  0]LogConfig: Setting CVar [[r.EyeAdaptationQuality:2]]
[2022.06.19-01.41.16:494][  0]LogConfig: Setting CVar [[r.BloomQuality:5]]
[2022.06.19-01.41.16:494][  0]LogConfig: Setting CVar [[r.FastBlurThreshold:100]]
[2022.06.19-01.41.16:494][  0]LogConfig: Setting CVar [[r.Upscale.Quality:3]]
[2022.06.19-01.41.16:494][  0]LogConfig: Setting CVar [[r.Tonemapper.GrainQuantization:1]]
[2022.06.19-01.41.16:494][  0]LogConfig: Setting CVar [[r.LightShaftQuality:1]]
[2022.06.19-01.41.16:494][  0]LogConfig: Setting CVar [[r.Filter.SizeScale:1]]
[2022.06.19-01.41.16:494][  0]LogConfig: Setting CVar [[r.Tonemapper.Quality:5]]
[2022.06.19-01.41.16:494][  0]LogConfig: Setting CVar [[r.DOF.Gather.AccumulatorQuality:1        ; higher gathering accumulator quality]]
[2022.06.19-01.41.16:494][  0]LogConfig: Setting CVar [[r.DOF.Gather.PostfilterMethod:1          ; Median3x3 postfilering method]]
[2022.06.19-01.41.16:494][  0]LogConfig: Setting CVar [[r.DOF.Gather.EnableBokehSettings:0       ; no bokeh simulation when gathering]]
[2022.06.19-01.41.16:494][  0]LogConfig: Setting CVar [[r.DOF.Gather.RingCount:4                 ; medium number of samples when gathering]]
[2022.06.19-01.41.16:494][  0]LogConfig: Setting CVar [[r.DOF.Scatter.ForegroundCompositing:1    ; additive foreground scattering]]
[2022.06.19-01.41.16:494][  0]LogConfig: Setting CVar [[r.DOF.Scatter.BackgroundCompositing:2    ; additive background scattering]]
[2022.06.19-01.41.16:494][  0]LogConfig: Setting CVar [[r.DOF.Scatter.EnableBokehSettings:1      ; bokeh simulation when scattering]]
[2022.06.19-01.41.16:494][  0]LogConfig: Setting CVar [[r.DOF.Scatter.MaxSpriteRatio:0.1         ; only a maximum of 10% of scattered bokeh]]
[2022.06.19-01.41.16:494][  0]LogConfig: Setting CVar [[r.DOF.Recombine.Quality:1                ; cheap slight out of focus]]
[2022.06.19-01.41.16:494][  0]LogConfig: Setting CVar [[r.DOF.Recombine.EnableBokehSettings:0    ; no bokeh simulation on slight out of focus]]
[2022.06.19-01.41.16:494][  0]LogConfig: Setting CVar [[r.DOF.TemporalAAQuality:1                ; more stable temporal accumulation]]
[2022.06.19-01.41.16:494][  0]LogConfig: Setting CVar [[r.DOF.Kernel.MaxForegroundRadius:0.025]]
[2022.06.19-01.41.16:494][  0]LogConfig: Setting CVar [[r.DOF.Kernel.MaxBackgroundRadius:0.025]]
[2022.06.19-01.41.16:494][  0]LogConfig: Applying CVar settings from Section [TextureQuality@3] File [../../../ActionRoguelike/Saved/Config/WindowsNoEditor/Scalability.ini]
[2022.06.19-01.41.16:494][  0]LogConfig: Setting CVar [[r.Streaming.MipBias:0]]
[2022.06.19-01.41.16:494][  0]LogConfig: Setting CVar [[r.Streaming.AmortizeCPUToGPUCopy:0]]
[2022.06.19-01.41.16:494][  0]LogConfig: Setting CVar [[r.Streaming.MaxNumTexturesToStreamPerFrame:0]]
[2022.06.19-01.41.16:494][  0]LogConfig: Setting CVar [[r.Streaming.Boost:1]]
[2022.06.19-01.41.16:494][  0]LogConfig: Setting CVar [[r.MaxAnisotropy:8]]
[2022.06.19-01.41.16:494][  0]LogConfig: Setting CVar [[r.VT.MaxAnisotropy:8]]
[2022.06.19-01.41.16:494][  0]LogConfig: Setting CVar [[r.Streaming.LimitPoolSizeToVRAM:0]]
[2022.06.19-01.41.16:494][  0]LogConfig: Setting CVar [[r.Streaming.PoolSize:1000]]
[2022.06.19-01.41.16:494][  0]LogConfig: Setting CVar [[r.Streaming.MaxEffectiveScreenSize:0]]
[2022.06.19-01.41.16:494][  0]LogConfig: Applying CVar settings from Section [EffectsQuality@3] File [../../../ActionRoguelike/Saved/Config/WindowsNoEditor/Scalability.ini]
[2022.06.19-01.41.16:494][  0]LogConfig: Setting CVar [[r.TranslucencyLightingVolumeDim:64]]
[2022.06.19-01.41.16:494][  0]LogConfig: Setting CVar [[r.RefractionQuality:2]]
[2022.06.19-01.41.16:494][  0]LogConfig: Setting CVar [[r.SSR.Quality:3]]
[2022.06.19-01.41.16:494][  0]LogConfig: Setting CVar [[r.SSR.HalfResSceneColor:0]]
[2022.06.19-01.41.16:494][  0]LogConfig: Setting CVar [[r.SceneColorFormat:4]]
[2022.06.19-01.41.16:494][  0]LogConfig: Setting CVar [[r.DetailMode:2]]
[2022.06.19-01.41.16:494][  0]LogConfig: Setting CVar [[r.TranslucencyVolumeBlur:1]]
[2022.06.19-01.41.16:494][  0]LogConfig: Setting CVar [[r.MaterialQualityLevel:1 ; High quality]]
[2022.06.19-01.41.16:494][  0]LogConfig: Setting CVar [[r.AnisotropicMaterials:1]]
[2022.06.19-01.41.16:494][  0]LogConfig: Setting CVar [[r.SSS.Scale:1]]
[2022.06.19-01.41.16:494][  0]LogConfig: Setting CVar [[r.SSS.SampleSet:2]]
[2022.06.19-01.41.16:494][  0]LogConfig: Setting CVar [[r.SSS.Quality:1]]
[2022.06.19-01.41.16:494][  0]LogConfig: Setting CVar [[r.SSS.HalfRes:0]]
[2022.06.19-01.41.16:494][  0]LogConfig: Setting CVar [[r.SSGI.Quality:3]]
[2022.06.19-01.41.16:494][  0]LogConfig: Setting CVar [[r.EmitterSpawnRateScale:1.0]]
[2022.06.19-01.41.16:494][  0]LogConfig: Setting CVar [[r.ParticleLightQuality:2]]
[2022.06.19-01.41.16:494][  0]LogConfig: Setting CVar [[r.SkyAtmosphere.AerialPerspectiveLUT.FastApplyOnOpaque:1 ; Always have FastSkyLUT 1 in this case to avoid wrong sky]]
[2022.06.19-01.41.16:494][  0]LogConfig: Setting CVar [[r.SkyAtmosphere.AerialPerspectiveLUT.SampleCountMaxPerSlice:4]]
[2022.06.19-01.41.16:494][  0]LogConfig: Setting CVar [[r.SkyAtmosphere.AerialPerspectiveLUT.DepthResolution:16.0]]
[2022.06.19-01.41.16:494][  0]LogConfig: Setting CVar [[r.SkyAtmosphere.FastSkyLUT:1]]
[2022.06.19-01.41.16:494][  0]LogConfig: Setting CVar [[r.SkyAtmosphere.FastSkyLUT.SampleCountMin:4.0]]
[2022.06.19-01.41.16:494][  0]LogConfig: Setting CVar [[r.SkyAtmosphere.FastSkyLUT.SampleCountMax:128.0]]
[2022.06.19-01.41.16:494][  0]LogConfig: Setting CVar [[r.SkyAtmosphere.SampleCountMin:4.0]]
[2022.06.19-01.41.16:494][  0]LogConfig: Setting CVar [[r.SkyAtmosphere.SampleCountMax:128.0]]
[2022.06.19-01.41.16:494][  0]LogConfig: Setting CVar [[r.SkyAtmosphere.TransmittanceLUT.UseSmallFormat:0]]
[2022.06.19-01.41.16:494][  0]LogConfig: Setting CVar [[r.SkyAtmosphere.TransmittanceLUT.SampleCount:10.0]]
[2022.06.19-01.41.16:494][  0]LogConfig: Setting CVar [[r.SkyAtmosphere.MultiScatteringLUT.SampleCount:15.0]]
[2022.06.19-01.41.16:494][  0]LogConfig: Setting CVar [[r.SkyLight.RealTimeReflectionCapture:1]]
[2022.06.19-01.41.16:494][  0]LogConfig: Setting CVar [[fx.Niagara.QualityLevel:3]]
[2022.06.19-01.41.16:494][  0]LogConfig: Applying CVar settings from Section [FoliageQuality@3] File [../../../ActionRoguelike/Saved/Config/WindowsNoEditor/Scalability.ini]
[2022.06.19-01.41.16:494][  0]LogConfig: Setting CVar [[foliage.DensityScale:1.0]]
[2022.06.19-01.41.16:494][  0]LogConfig: Setting CVar [[grass.DensityScale:1.0]]
[2022.06.19-01.41.16:494][  0]LogConfig: Applying CVar settings from Section [ShadingQuality@3] File [../../../ActionRoguelike/Saved/Config/WindowsNoEditor/Scalability.ini]
[2022.06.19-01.41.16:494][  0]LogConfig: Setting CVar [[r.HairStrands.SkyLighting.IntegrationType:2]]
[2022.06.19-01.41.16:494][  0]LogConfig: Setting CVar [[r.HairStrands.SkyAO.SampleCount:4]]
[2022.06.19-01.41.16:494][  0]LogConfig: Setting CVar [[r.HairStrands.Visibility.MSAA.SamplePerPixel:4]]
[2022.06.19-01.41.16:494][  0]LogConfig: Applying CVar settings from Section [Startup] File [../../../Engine/Config/ConsoleVariables.ini]
[2022.06.19-01.41.16:494][  0]LogConfig: Setting CVar [[net.UseAdaptiveNetUpdateFrequency:0]]
[2022.06.19-01.41.16:494][  0]LogConfig: Setting CVar [[p.chaos.AllowCreatePhysxBodies:1]]
[2022.06.19-01.41.16:494][  0]LogConfig: Setting CVar [[fx.SkipVectorVMBackendOptimizations:1]]
[2022.06.19-01.41.16:494][  0]LogConfig: Applying CVar settings from Section [ConsoleVariables] File [../../../ActionRoguelike/Saved/Config/WindowsNoEditor/Engine.ini]
[2022.06.19-01.41.16:495][  0]LogInit: Computer: DESKTOP-TQMRRMC
[2022.06.19-01.41.16:495][  0]LogInit: User: tylerfedoris
[2022.06.19-01.41.16:495][  0]LogInit: CPU Page size=4096, Cores=8
[2022.06.19-01.41.16:495][  0]LogInit: High frequency timer resolution =10.000000 MHz
[2022.06.19-01.41.16:495][  0]LogMemory: Memory total: Physical=31.9GB (32GB approx)
[2022.06.19-01.41.16:495][  0]LogMemory: Platform Memory Stats for WindowsNoEditor
[2022.06.19-01.41.16:495][  0]LogMemory: Process Physical Memory: 78.99 MB used, 79.00 MB peak
[2022.06.19-01.41.16:495][  0]LogMemory: Process Virtual Memory: 82.54 MB used, 82.54 MB peak
[2022.06.19-01.41.16:495][  0]LogMemory: Physical Memory: 13595.57 MB used,  19103.24 MB free, 32698.81 MB total
[2022.06.19-01.41.16:495][  0]LogMemory: Virtual Memory: 134199608.00 MB used,  18116.33 MB free, 134217728.00 MB total
[2022.06.19-01.41.16:498][  0]LogWindows: WindowsPlatformFeatures enabled
[2022.06.19-01.41.16:607][  0]LogInit: Physics initialised using underlying interface: PhysX
[2022.06.19-01.41.16:608][  0]LogInit: Using OS detected language (en-US).
[2022.06.19-01.41.16:608][  0]LogInit: Using OS detected locale (en-US).
[2022.06.19-01.41.16:608][  0]LogTextLocalizationManager: No specific localization for 'en-US' exists, so the 'en' localization will be used.
[2022.06.19-01.41.16:629][  0]LogWindowsTextInputMethodSystem: Display: IME system deactivated.
[2022.06.19-01.41.16:658][  0]LogSlate: New Slate User Created.  User Index 0, Is Virtual User: 0
[2022.06.19-01.41.16:658][  0]LogSlate: Slate User Registered.  User Index 0, Is Virtual User: 0
[2022.06.19-01.41.16:705][  0]LogD3D11RHI: Loaded GFSDK_Aftermath_Lib.x64.dll
[2022.06.19-01.41.16:706][  0]LogD3D11RHI: D3D11 min allowed feature level: 11_0
[2022.06.19-01.41.16:706][  0]LogD3D11RHI: D3D11 max allowed feature level: 11_0
[2022.06.19-01.41.16:706][  0]LogD3D11RHI: D3D11 adapters:
[2022.06.19-01.41.16:783][  0]LogD3D11RHI:    0. 'NVIDIA GeForce RTX 3080 Ti' (Feature Level 11_0)
[2022.06.19-01.41.16:783][  0]LogD3D11RHI:       12108/0/16349 MB DedicatedVideo/DedicatedSystem/SharedSystem, Outputs:2, VendorId:0x10de
[2022.06.19-01.41.16:784][  0]LogD3D11RHI:    1. 'Microsoft Basic Render Driver' (Feature Level 11_0)
[2022.06.19-01.41.16:784][  0]LogD3D11RHI:       0/0/16349 MB DedicatedVideo/DedicatedSystem/SharedSystem, Outputs:0, VendorId:0x1414
[2022.06.19-01.41.16:784][  0]LogD3D11RHI: Chosen D3D11 Adapter:
[2022.06.19-01.41.16:784][  0]LogD3D11RHI:     Description : NVIDIA GeForce RTX 3080 Ti
[2022.06.19-01.41.16:784][  0]LogD3D11RHI:     VendorId    : 10de
[2022.06.19-01.41.16:784][  0]LogD3D11RHI:     DeviceId    : 2208
[2022.06.19-01.41.16:784][  0]LogD3D11RHI:     SubSysId    : 39673842
[2022.06.19-01.41.16:784][  0]LogD3D11RHI:     Revision    : 00a1
[2022.06.19-01.41.16:784][  0]LogD3D11RHI:     DedicatedVideoMemory : 12696158208 bytes
[2022.06.19-01.41.16:784][  0]LogD3D11RHI:     DedicatedSystemMemory : 0 bytes
[2022.06.19-01.41.16:784][  0]LogD3D11RHI:     SharedSystemMemory : 17143595008 bytes
[2022.06.19-01.41.16:784][  0]LogD3D11RHI:     AdapterLuid : 0 42530982
[2022.06.19-01.41.16:793][  0]LogD3D11RHI: Creating new Direct3DDevice
[2022.06.19-01.41.16:793][  0]LogD3D11RHI:     GPU DeviceId: 0x2208 (for the marketing name, search the web for "GPU Device Id")
[2022.06.19-01.41.16:793][  0]LogWindows: EnumDisplayDevices:
[2022.06.19-01.41.16:793][  0]LogWindows:    0. 'NVIDIA GeForce RTX 3080 Ti' (P:1 D:1)
[2022.06.19-01.41.16:793][  0]LogWindows:    1. 'NVIDIA GeForce RTX 3080 Ti' (P:0 D:1)
[2022.06.19-01.41.16:794][  0]LogWindows:    2. 'NVIDIA GeForce RTX 3080 Ti' (P:0 D:0)
[2022.06.19-01.41.16:794][  0]LogWindows:    3. 'NVIDIA GeForce RTX 3080 Ti' (P:0 D:0)
[2022.06.19-01.41.16:794][  0]LogWindows: DebugString: FoundDriverCount:4 
[2022.06.19-01.41.16:794][  0]LogD3D11RHI:     Adapter Name: NVIDIA GeForce RTX 3080 Ti
[2022.06.19-01.41.16:794][  0]LogD3D11RHI:   Driver Version: 516.40 (internal:31.0.15.1640, unified:516.40)
[2022.06.19-01.41.16:794][  0]LogD3D11RHI:      Driver Date: 6-6-2022
[2022.06.19-01.41.16:794][  0]LogRHI: Texture pool is 8475 MB (70% of 12108 MB)
[2022.06.19-01.41.16:794][  0]LogD3D11RHI: Creating D3DDevice using adapter:
[2022.06.19-01.41.16:794][  0]LogD3D11RHI:     Description : NVIDIA GeForce RTX 3080 Ti
[2022.06.19-01.41.16:794][  0]LogD3D11RHI:     VendorId    : 10de
[2022.06.19-01.41.16:794][  0]LogD3D11RHI:     DeviceId    : 2208
[2022.06.19-01.41.16:794][  0]LogD3D11RHI:     SubSysId    : 39673842
[2022.06.19-01.41.16:794][  0]LogD3D11RHI:     Revision    : 00a1
[2022.06.19-01.41.16:794][  0]LogD3D11RHI:     DedicatedVideoMemory : 12696158208 bytes
[2022.06.19-01.41.16:794][  0]LogD3D11RHI:     DedicatedSystemMemory : 0 bytes
[2022.06.19-01.41.16:794][  0]LogD3D11RHI:     SharedSystemMemory : 17143595008 bytes
[2022.06.19-01.41.16:794][  0]LogD3D11RHI:     AdapterLuid : 0 42530982
[2022.06.19-01.41.16:844][  0]LogD3D11RHI: RHI has support for 64 bit atomics
[2022.06.19-01.41.16:844][  0]LogD3D11RHI: Async texture creation enabled
[2022.06.19-01.41.16:844][  0]LogD3D11RHI: Array index from any shader is supported
[2022.06.19-01.41.16:858][  0]LogD3D11RHI: GPU Timing Frequency: 1000.000000 (Debug: 2 1)
[2022.06.19-01.41.16:923][  0]LogRHI: GeForceNow SDK initialized: 1
[2022.06.19-01.41.16:923][  0]LogRendererCore: Ray tracing is disabled. Reason: r.RayTracing=0.
[2022.06.19-01.41.16:926][  0]LogShaderLibrary: Display: Using ../../../ActionRoguelike/Content/ShaderArchive-Global-PCD3D_SM5.ushaderbytecode for material shader code. Total 1951 unique shaders.
[2022.06.19-01.41.16:926][  0]LogShaderLibrary: Display: Cooked Context: Using Shared Shader Library Global
[2022.06.19-01.41.16:926][  0]LogShaderLibrary: Display: Logical shader library 'Global' has been created, components 1
[2022.06.19-01.41.16:926][  0]LogTemp: Warning: Clearing the OS Cache
[2022.06.19-01.41.16:926][  0]LogODSC: ODSC Thread active.
[2022.06.19-01.41.16:928][  0]LogPakFile: New pak file ../../../ActionRoguelike/Content/Paks/ActionRoguelike-WindowsNoEditor.pak added to pak precacher.
[2022.06.19-01.41.16:943][  0]LogSlate: Using FreeType 2.10.0
[2022.06.19-01.41.16:944][  0]LogSlate: SlateFontServices - WITH_FREETYPE: 1, WITH_HARFBUZZ: 1
[2022.06.19-01.41.16:971][  0]LogShaderLibrary: Display: Using ../../../ActionRoguelike/Content/ShaderArchive-ActionRoguelike-PCD3D_SM5.ushaderbytecode for material shader code. Total 2590 unique shaders.
[2022.06.19-01.41.16:971][  0]LogShaderLibrary: Display: Cooked Context: Using Shared Shader Library ActionRoguelike
[2022.06.19-01.41.16:971][  0]LogShaderLibrary: Display: Logical shader library 'ActionRoguelike' has been created, components 1
[2022.06.19-01.41.16:971][  0]LogRHI: Display: Opened pipeline cache after state change and enqueued 0 of 0 tasks for precompile.
[2022.06.19-01.41.16:971][  0]LogShaderLibrary: Display: Using ../../../ActionRoguelike/Content/ShaderArchive-ActionRoguelike-PCD3D_SM5.ushaderbytecode for material shader code. Total 2590 unique shaders.
[2022.06.19-01.41.16:971][  0]LogShaderLibrary: Display: Cooked Context: Using Shared Shader Library ActionRoguelike
[2022.06.19-01.41.16:971][  0]LogRHI: Display: Opened pipeline cache after state change and enqueued 0 of 0 tasks for precompile.
[2022.06.19-01.41.16:972][  0]LogRHI: Display: Failed to open default shader pipeline cache for ActionRoguelike using shader platform 0.
[2022.06.19-01.41.16:972][  0]LogInit: Using OS detected language (en-US).
[2022.06.19-01.41.16:972][  0]LogInit: Using OS detected locale (en-US).
[2022.06.19-01.41.16:972][  0]LogTextLocalizationManager: No localization for 'en-US' exists, so 'en' will be used for the language.
[2022.06.19-01.41.16:972][  0]LogTextLocalizationManager: No localization for 'en-US' exists, so 'en' will be used for the locale.
[2022.06.19-01.41.16:972][  0]LogSlate: FontCache flush requested. Reason: Culture for localization was changed
[2022.06.19-01.41.16:972][  0]LogSlate: FontCache flush requested. Reason: Culture for localization was changed
[2022.06.19-01.41.16:973][  0]LogTextLocalizationManager: Compacting localization data took   0.58ms
[2022.06.19-01.41.16:973][  0]LogAssetRegistry: FAssetRegistry took 0.0006 seconds to start up
[2022.06.19-01.41.17:027][  0]LogStreaming: Display: FlushAsyncLoading: 1 QueuedPackages, 0 AsyncPackages
[2022.06.19-01.41.17:027][  0]LogPackageLocalizationCache: Processed 20 localized package path(s) for 1 prioritized culture(s) in 0.000046 seconds
[2022.06.19-01.41.17:032][  0]LogSerialization: Display: AllowBulkDataInIoStore: 'true'
[2022.06.19-01.41.17:033][  0]LogInit: Selected Device Profile: [WindowsNoEditor]
[2022.06.19-01.41.17:033][  0]LogInit: Active device profile: [000002756F4DB380][000002755E990010 49] WindowsNoEditor
[2022.06.19-01.41.17:033][  0]LogInit: Profiles: [000002756F4DB680][000002756A956DC0 49] Windows, [000002756F4DB380][000002755E990010 49] WindowsNoEditor, 
[2022.06.19-01.41.17:064][  0]LogNetVersion: ActionRoguelike 1.0.0, NetCL: 17155196, EngineNetVer: 17, GameNetVer: 0 (Checksum: 1099936942)
[2022.06.19-01.41.17:094][  0]LogAudioCaptureCore: Display: No Audio Capture implementations found. Audio input will be silent.
[2022.06.19-01.41.17:094][  0]LogAudioCaptureCore: Display: No Audio Capture implementations found. Audio input will be silent.
[2022.06.19-01.41.17:095][  0]LogActor: Warning: SetReplicates called on non-initialized actor Default__SProjectile. Directly setting bReplicates is the correct procedure for pre-init actors.
[2022.06.19-01.41.17:095][  0]LogActor: Warning: SetReplicates called on non-initialized actor Default__SBlackHoleProjectile. Directly setting bReplicates is the correct procedure for pre-init actors.
[2022.06.19-01.41.17:095][  0]LogActor: Warning: SetReplicates called on non-initialized actor Default__SPickUpBase. Directly setting bReplicates is the correct procedure for pre-init actors.
[2022.06.19-01.41.17:095][  0]LogActor: Warning: SetReplicates called on non-initialized actor Default__SCoin. Directly setting bReplicates is the correct procedure for pre-init actors.
[2022.06.19-01.41.17:095][  0]LogActor: Warning: SetReplicates called on non-initialized actor Default__SHealthPotion. Directly setting bReplicates is the correct procedure for pre-init actors.
[2022.06.19-01.41.17:095][  0]LogActor: Warning: SetReplicates called on non-initialized actor Default__SItemChest. Directly setting bReplicates is the correct procedure for pre-init actors.
[2022.06.19-01.41.17:095][  0]LogActor: Warning: SetReplicates called on non-initialized actor Default__SParryableProjectile. Directly setting bReplicates is the correct procedure for pre-init actors.
[2022.06.19-01.41.17:095][  0]LogActor: Warning: SetReplicates called on non-initialized actor Default__SMagicProjectile. Directly setting bReplicates is the correct procedure for pre-init actors.
[2022.06.19-01.41.17:095][  0]LogActor: Warning: SetReplicates called on non-initialized actor Default__SPickUpAction. Directly setting bReplicates is the correct procedure for pre-init actors.
[2022.06.19-01.41.17:095][  0]LogActor: Warning: SetReplicates called on non-initialized actor Default__STeleportProjectile. Directly setting bReplicates is the correct procedure for pre-init actors.
[2022.06.19-01.41.17:120][  0]LogMoviePlayer: Initializing movie player
[2022.06.19-01.41.17:120][  0]LogNiagaraDebuggerClient: Niagara Debugger Client Initialized | Session: F75057B44885B062149B52BA2741109B | Instance: 18E168474A636F408C236BABE8D87593 (DESKTOP-TQMRRMC-51064).
[2022.06.19-01.41.17:121][  0]LogAndroidPermission: UAndroidPermissionCallbackProxy::GetInstance
[2022.06.19-01.41.17:124][  0]LogUObjectArray: 15622 objects as part of root set at end of initial load.
[2022.06.19-01.41.17:124][  0]LogUObjectArray: 2 objects are not in the root set, but can never be destroyed because they are in the DisregardForGC set.
[2022.06.19-01.41.17:124][  0]LogUObjectAllocator: 3238424 out of 0 bytes used by permanent object pool.
[2022.06.19-01.41.17:124][  0]LogUObjectArray: CloseDisregardForGC: 15622/15622 objects in disregard for GC pool
[2022.06.19-01.41.17:126][  0]LogEngine: Initializing Engine...
[2022.06.19-01.41.17:127][  0]LogStats: UGameplayTagsManager::InitializeManager -  0.000 s
[2022.06.19-01.41.17:165][  0]LogInit: Initializing FReadOnlyCVARCache
[2022.06.19-01.41.17:165][  0]LogAudio: Display: Initializing Audio Device Manager...
[2022.06.19-01.41.17:165][  0]LogAudio: Display: Loading Default Audio Settings Objects...
[2022.06.19-01.41.17:165][  0]LogAudio: Display: No default SoundConcurrencyObject specified (or failed to load).
[2022.06.19-01.41.17:166][  0]LogAudio: Display: Audio Device Manager Initialized
[2022.06.19-01.41.17:166][  0]LogAudio: Display: Creating Audio Device:                 Id: 1, Scope: Shared, Realtime: True
[2022.06.19-01.41.17:166][  0]LogAudioMixer: Display: Audio Mixer Platform Settings:
[2022.06.19-01.41.17:166][  0]LogAudioMixer: Display: 	Sample Rate:						  48000
[2022.06.19-01.41.17:166][  0]LogAudioMixer: Display: 	Callback Buffer Frame Size Requested: 1024
[2022.06.19-01.41.17:166][  0]LogAudioMixer: Display: 	Callback Buffer Frame Size To Use:	  1024
[2022.06.19-01.41.17:166][  0]LogAudioMixer: Display: 	Number of buffers to queue:			  2
[2022.06.19-01.41.17:166][  0]LogAudioMixer: Display: 	Max Channels (voices):				  32
[2022.06.19-01.41.17:166][  0]LogAudioMixer: Display: 	Number of Async Source Workers:		  0
[2022.06.19-01.41.17:166][  0]LogAudio: Display: AudioDevice MaxSources: 32
[2022.06.19-01.41.17:166][  0]LogAudio: Display: Audio Spatialization Plugin: None (built-in).
[2022.06.19-01.41.17:166][  0]LogAudio: Display: Audio Reverb Plugin: None (built-in).
[2022.06.19-01.41.17:166][  0]LogAudio: Display: Audio Occlusion Plugin: None (built-in).
[2022.06.19-01.41.17:166][  0]LogAudioMixer: Display: Initializing audio mixer.
[2022.06.19-01.41.17:219][  0]LogAudioDebug: Display: Lib vorbis DLL was dynamically loaded.
[2022.06.19-01.41.17:226][  0]LogAudioMixer: Display: 0: FrontLeft
[2022.06.19-01.41.17:226][  0]LogAudioMixer: Display: 1: FrontRight
[2022.06.19-01.41.17:242][  0]LogAudioMixer: Display: Using Audio Device Speakers (Realtek(R) Audio)
[2022.06.19-01.41.17:242][  0]LogAudioMixer: Display: Initializing Sound Submixes...
[2022.06.19-01.41.17:243][  0]LogAudioMixer: Display: Creating Master Submix 'MasterSubmixDefault'
[2022.06.19-01.41.17:243][  0]LogAudioMixer: Display: Creating Master Submix 'MasterReverbSubmixDefault'
[2022.06.19-01.41.17:244][  0]LogAudioMixer: Display: Creating Master Submix 'MasterEQSubmixDefault'
[2022.06.19-01.41.17:244][  0]LogAudioMixer: FMixerPlatformXAudio2::StartAudioStream() called
[2022.06.19-01.41.17:244][  0]LogAudioMixer: Display: Output buffers initialized: Frames=1024, Channels=2, Samples=2048
[2022.06.19-01.41.17:244][  0]LogAudioMixer: Display: Starting AudioMixerPlatformInterface::RunInternal()
[2022.06.19-01.41.17:244][  0]LogAudioMixer: Display: FMixerPlatformXAudio2::SubmitBuffer() called for the first time
[2022.06.19-01.41.17:244][  0]LogInit: FAudioDevice initialized.
[2022.06.19-01.41.17:244][  0]LogNetVersion: Set ProjectVersion to 1.0.0.0. Version Checksum will be recalculated on next use.
[2022.06.19-01.41.17:244][  0]LogInit: Texture streaming: Enabled
[2022.06.19-01.41.17:249][  0]LogAudio: Display: Audio Device (ID: 1) registered with world 'Untitled'.
[2022.06.19-01.41.17:249][  0]LogSlate: Updating window title bar state: overlay mode, drag disabled, window buttons hidden, title bar hidden
[2022.06.19-01.41.17:249][  0]LogInit: Display: Game Engine Initialized.
[2022.06.19-01.41.17:250][  0]LogInit: Display: Starting Game.
[2022.06.19-01.41.17:250][  0]LogNet: Browse: /Game/ActionRoguelike/Maps/MainMenu_Entry?Name=Player
[2022.06.19-01.41.17:250][  0]LogLoad: LoadMap: /Game/ActionRoguelike/Maps/MainMenu_Entry?Name=Player
[2022.06.19-01.41.17:250][  0]LogWorld: BeginTearingDown for /Temp/Untitled_0
[2022.06.19-01.41.17:251][  0]LogWorld: UWorld::CleanupWorld for Untitled, bSessionEnded=true, bCleanupResources=true
[2022.06.19-01.41.17:251][  0]LogSlate: InvalidateAllWidgets triggered.  All widgets were invalidated
[2022.06.19-01.41.17:253][  0]LogAudio: Display: Audio Device unregistered from world 'None'.
[2022.06.19-01.41.17:254][  0]LogUObjectHash: Compacting FUObjectHashTables data took   0.52ms
[2022.06.19-01.41.17:261][  0]LogAudio: Display: Audio Device (ID: 1) registered with world 'MainMenu_Entry'.
[2022.06.19-01.41.17:262][  0]LogAIModule: Creating AISystem for world MainMenu_Entry
[2022.06.19-01.41.17:262][  0]LogLoad: Game class is 'BP_MainMenuGameMode_C'
[2022.06.19-01.41.17:263][  0]LogWorld: Bringing World /Game/ActionRoguelike/Maps/MainMenu_Entry.MainMenu_Entry up for play (max tick rate 0) at 2022.06.18-21.41.17
[2022.06.19-01.41.17:264][  0]LogWorld: Bringing up level for play took: 0.000422
[2022.06.19-01.41.17:264][  0]LogGameMode: FindPlayerStart: PATHS NOT DEFINED or NO PLAYERSTART with positive rating
[2022.06.19-01.41.17:266][  0]LogPlayerController: Error: InputMode:UIOnly - Attempting to focus Non-Focusable widget SObjectWidget [Widget.cpp(799)]!
[2022.06.19-01.41.17:266][  0]LogViewport: Display: Viewport MouseLockMode Changed, LockOnCapture -> LockInFullscreen
[2022.06.19-01.41.17:266][  0]LogViewport: Display: Viewport MouseCaptureMode Changed, CapturePermanently_IncludingInitialMouseDown -> NoCapture
[2022.06.19-01.41.17:266][  0]LogLoad: Took 0.016667 seconds to LoadMap(/Game/ActionRoguelike/Maps/MainMenu_Entry)
[2022.06.19-01.41.17:266][  0]LogSlate: Took 0.000175 seconds to synchronously load lazily loaded font '../../../ActionRoguelike/Content/ExampleContent/UI/Fonts/Cinzel/Cinzel-Bold.ufont' (84K)
[2022.06.19-01.41.17:267][  0]LogSlate: Took 0.000216 seconds to synchronously load lazily loaded font '../../../Engine/Content/Slate/Fonts/Roboto-Regular.ttf' (155K)
[2022.06.19-01.41.17:389][  0]LogRenderer: Reallocating scene render targets to support 3440x1440 Format 10 NumSamples 1 (Frame:1).
[2022.06.19-01.41.17:389][  0]LogRHI: Display: ShaderPipelineCache: Paused Batching. 1
[2022.06.19-01.41.17:389][  0]LogPakFile: AllPaks IndexSizes: DirectoryHashSize=272276, PathHashSize=16, EntriesSize=40960, TotalSize=313252
[2022.06.19-01.41.17:389][  0]LogRHI: Display: ShaderPipelineCache: Resumed Batching. 0
[2022.06.19-01.41.17:389][  0]LogRHI: Display: ShaderPipelineCache: Batching Resumed.
[2022.06.19-01.41.17:389][  0]LogInit: Display: Engine is initialized. Leaving FEngineLoop::Init()
[2022.06.19-01.41.17:389][  0]LogLoad: (Engine Initialization) Total time: 1.16 seconds
[2022.06.19-01.41.17:391][  0]LogContentStreaming: Texture pool size now 1000 MB
[2022.06.19-01.41.17:392][  0]LogSlate: InvalidateAllWidgets triggered.  All widgets were invalidated
[2022.06.19-01.41.17:401][  0]LogSlate: Slate font cache was flushed
[2022.06.19-01.41.17:402][  1]LogSlate: Took 0.000179 seconds to synchronously load lazily loaded font '../../../Engine/Content/Slate/Fonts/Roboto-Regular.ttf' (155K)
[2022.06.19-01.41.17:402][  1]LogSlate: Took 0.000102 seconds to synchronously load lazily loaded font '../../../ActionRoguelike/Content/ExampleContent/UI/Fonts/Cinzel/Cinzel-Bold.ufont' (84K)
[2022.06.19-01.41.20:365][356]LogNet: Browse: /Game/ActionRoguelike/Maps/TestLevel??listen
[2022.06.19-01.41.20:365][356]LogLoad: LoadMap: /Game/ActionRoguelike/Maps/TestLevel??listen
[2022.06.19-01.41.20:365][356]LogWorld: BeginTearingDown for /Game/ActionRoguelike/Maps/MainMenu_Entry
[2022.06.19-01.41.20:365][356]LogWorld: UWorld::CleanupWorld for MainMenu_Entry, bSessionEnded=true, bCleanupResources=true
[2022.06.19-01.41.20:365][356]LogSlate: InvalidateAllWidgets triggered.  All widgets were invalidated
[2022.06.19-01.41.20:403][356]LogAudio: Display: Waited 37.242100 ms for audio thread.
[2022.06.19-01.41.20:407][356]LogAudio: Display: Audio Device unregistered from world 'None'.
[2022.06.19-01.41.20:412][356]LogUObjectHash: Compacting FUObjectHashTables data took   1.82ms
[2022.06.19-01.41.20:416][356]LogStreaming: Display: FlushAsyncLoading: 1 QueuedPackages, 0 AsyncPackages
[2022.06.19-01.41.20:449][356]LogActor: Warning: SetReplicates called on non-initialized actor Default__BP_TeleportProjectile_C. Directly setting bReplicates is the correct procedure for pre-init actors.
[2022.06.19-01.41.20:460][356]LogActor: Warning: SetReplicates called on non-initialized actor Default__BP_MagicProjectile_C. Directly setting bReplicates is the correct procedure for pre-init actors.
[2022.06.19-01.41.20:471][356]LogActor: Warning: SetReplicates called on non-initialized actor Default__BP_HealthPotion_C. Directly setting bReplicates is the correct procedure for pre-init actors.
[2022.06.19-01.41.20:471][356]LogActor: Warning: SetReplicates called on non-initialized actor Default__BP_Coin_C. Directly setting bReplicates is the correct procedure for pre-init actors.
[2022.06.19-01.41.20:477][356]LogActor: Warning: SetReplicates called on non-initialized actor Default__BP_ItemChest_C. Directly setting bReplicates is the correct procedure for pre-init actors.
[2022.06.19-01.41.20:477][356]LogActor: Warning: SetReplicates called on non-initialized actor Default__BP_PickUp_Dash_C. Directly setting bReplicates is the correct procedure for pre-init actors.
[2022.06.19-01.41.20:477][356]LogActor: Warning: SetReplicates called on non-initialized actor BP_ItemChest2. Directly setting bReplicates is the correct procedure for pre-init actors.
[2022.06.19-01.41.20:477][356]LogActor: Warning: SetReplicates called on non-initialized actor BP_ItemChest3_2. Directly setting bReplicates is the correct procedure for pre-init actors.
[2022.06.19-01.41.20:477][356]LogActor: Warning: SetReplicates called on non-initialized actor BP_ItemChest_2. Directly setting bReplicates is the correct procedure for pre-init actors.
[2022.06.19-01.41.20:478][356]LogActor: Warning: SetReplicates called on non-initialized actor BP_PickUp_Dash_2. Directly setting bReplicates is the correct procedure for pre-init actors.
[2022.06.19-01.41.20:493][356]LogAudio: Display: Audio Device (ID: 1) registered with world 'TestLevel'.
[2022.06.19-01.41.20:494][356]LogAIModule: Creating AISystem for world TestLevel
[2022.06.19-01.41.20:494][356]LogLoad: Game class is 'BP_GameMode_C'
[2022.06.19-01.41.20:494][356]LogNet: ReplicationDriverClass is null! Not using ReplicationDriver.
[2022.06.19-01.41.20:494][356]LogNetCore: DDoS detection status: detection enabled: 0 analytics enabled: 0
[2022.06.19-01.41.20:494][356]LogInit: WinSock: Socket queue. Rx: 131072 (config 131072) Tx: 131072 (config 131072)
[2022.06.19-01.41.20:495][356]LogNet: Created socket for bind address: 0.0.0.0 on port 7777
[2022.06.19-01.41.20:495][356]PacketHandlerLog: Loaded PacketHandler component: Engine.EngineHandlerComponentFactory (StatelessConnectHandlerComponent)
[2022.06.19-01.41.20:495][356]LogNet: GameNetDriver IpNetDriver_2147482517 IpNetDriver listening on port 7777
[2022.06.19-01.41.20:499][356]LogWorld: Bringing World /Game/ActionRoguelike/Maps/TestLevel.TestLevel up for play (max tick rate 0) at 2022.06.18-21.41.20
[2022.06.19-01.41.20:500][356]LogTemp: Warning: Created new SaveGame data.
[2022.06.19-01.41.20:500][356]LogWorld: Bringing up level for play took: 0.004935
[2022.06.19-01.41.20:501][356]LogOnlineSession: Warning: OSS: No game present to join for session (GameSession)
[2022.06.19-01.41.20:502][356]LogScript: Warning: Script Msg: Divide by zero detected: 159.999847 / 0
Script call stack:
	Function /Game/ParagonGideon/Characters/Heroes/Gideon/Gideon_AnimBlueprint.Gideon_AnimBlueprint_C:BlueprintUpdateAnimation
	Function /Game/ParagonGideon/Characters/Heroes/Gideon/Gideon_AnimBlueprint.Gideon_AnimBlueprint_C:ExecuteUbergraph_Gideon_AnimBlueprint

[2022.06.19-01.41.20:508][356]LogViewport: Display: Viewport MouseLockMode Changed, LockInFullscreen -> LockOnCapture
[2022.06.19-01.41.20:508][356]LogViewport: Display: Viewport MouseCaptureMode Changed, NoCapture -> CapturePermanently
[2022.06.19-01.41.20:508][356]LogLoad: Took 0.142904 seconds to LoadMap(/Game/ActionRoguelike/Maps/TestLevel)
[2022.06.19-01.41.20:524][356]LogSlate: Took 0.000408 seconds to synchronously load lazily loaded font '../../../Engine/Content/EngineFonts/Faces/RobotoBold.ufont' (160K)
[2022.06.19-01.41.20:525][356]LogSlate: InvalidateAllWidgets triggered.  All widgets were invalidated
[2022.06.19-01.41.20:538][357]LogSlate: Took 0.000180 seconds to synchronously load lazily loaded font '../../../Engine/Content/Slate/Fonts/Roboto-Regular.ttf' (155K)
[2022.06.19-01.41.20:540][357]LogSlate: Took 0.000170 seconds to synchronously load lazily loaded font '../../../Engine/Content/EngineFonts/Faces/RobotoBold.ufont' (160K)
[2022.06.19-01.41.20:578][358]LogActor: Warning: SetReplicates called on non-initialized actor BP_Coin_C_2147482459. Directly setting bReplicates is the correct procedure for pre-init actors.
[2022.06.19-01.41.20:578][358]LogActor: Warning: SetReplicates called on non-initialized actor BP_Coin_C_2147482457. Directly setting bReplicates is the correct procedure for pre-init actors.
[2022.06.19-01.41.20:579][358]LogActor: Warning: SetReplicates called on non-initialized actor BP_Coin_C_2147482456. Directly setting bReplicates is the correct procedure for pre-init actors.
[2022.06.19-01.41.20:592][359]LogActor: Warning: SetReplicates called on non-initialized actor BP_Coin_C_2147482455. Directly setting bReplicates is the correct procedure for pre-init actors.
[2022.06.19-01.41.20:592][359]LogActor: Warning: SetReplicates called on non-initialized actor BP_Coin_C_2147482454. Directly setting bReplicates is the correct procedure for pre-init actors.
[2022.06.19-01.41.20:592][359]LogActor: Warning: SetReplicates called on non-initialized actor BP_Coin_C_2147482453. Directly setting bReplicates is the correct procedure for pre-init actors.
[2022.06.19-01.41.20:593][359]LogActor: Warning: SetReplicates called on non-initialized actor BP_Coin_C_2147482452. Directly setting bReplicates is the correct procedure for pre-init actors.
[2022.06.19-01.41.20:605][360]LogActor: Warning: SetReplicates called on non-initialized actor BP_Coin_C_2147482451. Directly setting bReplicates is the correct procedure for pre-init actors.
[2022.06.19-01.41.20:605][360]LogActor: Warning: SetReplicates called on non-initialized actor BP_Coin_C_2147482450. Directly setting bReplicates is the correct procedure for pre-init actors.
[2022.06.19-01.41.20:618][361]LogActor: Warning: SetReplicates called on non-initialized actor BP_Coin_C_2147482449. Directly setting bReplicates is the correct procedure for pre-init actors.
[2022.06.19-01.41.20:618][361]LogActor: Warning: SetReplicates called on non-initialized actor BP_HealthPotion_C_2147482448. Directly setting bReplicates is the correct procedure for pre-init actors.
[2022.06.19-01.41.20:630][362]LogActor: Warning: SetReplicates called on non-initialized actor BP_HealthPotion_C_2147482446. Directly setting bReplicates is the correct procedure for pre-init actors.
[2022.06.19-01.41.20:631][362]LogActor: Warning: SetReplicates called on non-initialized actor BP_HealthPotion_C_2147482445. Directly setting bReplicates is the correct procedure for pre-init actors.
[2022.06.19-01.41.20:631][362]LogActor: Warning: SetReplicates called on non-initialized actor BP_HealthPotion_C_2147482444. Directly setting bReplicates is the correct procedure for pre-init actors.
[2022.06.19-01.41.20:632][362]LogActor: Warning: SetReplicates called on non-initialized actor BP_HealthPotion_C_2147482443. Directly setting bReplicates is the correct procedure for pre-init actors.
[2022.06.19-01.41.21:451][462]LogTemp: Running: Action_MagicProjectile_C_2147482482
[2022.06.19-01.41.21:659][487]LogActor: Warning: SetReplicates called on non-initialized actor BP_MagicProjectile_C_2147482441. Directly setting bReplicates is the correct procedure for pre-init actors.
[2022.06.19-01.41.21:660][487]LogTemp: Stopped: Action_MagicProjectile_C_2147482482
[2022.06.19-01.41.21:876][513]LogTemp: Running: Action_MagicProjectile_C_2147482482
[2022.06.19-01.41.22:077][537]LogActor: Warning: SetReplicates called on non-initialized actor BP_MagicProjectile_C_2147482436. Directly setting bReplicates is the correct procedure for pre-init actors.
[2022.06.19-01.41.22:077][537]LogTemp: Stopped: Action_MagicProjectile_C_2147482482
[2022.06.19-01.41.22:304][564]LogTemp: Running: Action_MagicProjectile_C_2147482482
[2022.06.19-01.41.22:368][572]LogTemp: Found 0 alive bots
[2022.06.19-01.41.22:380][574]LogActor: Warning: SetReplicates called on non-initialized actor Default__BP_MagicProjectile_AI_C. Directly setting bReplicates is the correct procedure for pre-init actors.
[2022.06.19-01.41.22:387][574]LogTemp: Running: Effect_Burning_C_2147482416
[2022.06.19-01.41.22:511][589]LogActor: Warning: SetReplicates called on non-initialized actor BP_MagicProjectile_C_2147482414. Directly setting bReplicates is the correct procedure for pre-init actors.
[2022.06.19-01.41.22:512][589]LogTemp: Stopped: Action_MagicProjectile_C_2147482482
[2022.06.19-01.41.22:736][616]LogTemp: Running: Action_MagicProjectile_C_2147482482
[2022.06.19-01.41.22:935][640]LogActor: Warning: SetReplicates called on non-initialized actor BP_MagicProjectile_C_2147482411. Directly setting bReplicates is the correct procedure for pre-init actors.
[2022.06.19-01.41.22:936][640]LogTemp: Stopped: Action_MagicProjectile_C_2147482482
[2022.06.19-01.41.23:195][671]LogTemp: Running: Action_MagicProjectile_C_2147482482
[2022.06.19-01.41.23:395][695]LogActor: Warning: SetReplicates called on non-initialized actor BP_MagicProjectile_C_2147482399. Directly setting bReplicates is the correct procedure for pre-init actors.
[2022.06.19-01.41.23:396][695]LogTemp: Stopped: Action_MagicProjectile_C_2147482482
[2022.06.19-01.41.23:596][719]LogTemp: Running: Action_MagicProjectile_C_2147482482
[2022.06.19-01.41.23:796][743]LogActor: Warning: SetReplicates called on non-initialized actor BP_MagicProjectile_C_2147482396. Directly setting bReplicates is the correct procedure for pre-init actors.
[2022.06.19-01.41.23:797][743]LogTemp: Stopped: Action_MagicProjectile_C_2147482482
[2022.06.19-01.41.24:047][773]LogTemp: Running: Action_MagicProjectile_C_2147482482
[2022.06.19-01.41.24:255][798]LogActor: Warning: SetReplicates called on non-initialized actor BP_MagicProjectile_C_2147482391. Directly setting bReplicates is the correct procedure for pre-init actors.
[2022.06.19-01.41.24:255][798]LogTemp: Stopped: Action_MagicProjectile_C_2147482482
[2022.06.19-01.41.24:367][811]LogTemp: Found 1 alive bots
[2022.06.19-01.41.24:367][811]LogTemp: At maximum bot capacity. Skipping bot spawn.
[2022.06.19-01.41.24:389][814]LogTemp: Running: Action_MagicProjectile_C_2147482482
[2022.06.19-01.41.24:590][838]LogActor: Warning: SetReplicates called on non-initialized actor BP_MagicProjectile_C_2147482385. Directly setting bReplicates is the correct procedure for pre-init actors.
[2022.06.19-01.41.24:590][838]LogTemp: Stopped: Action_MagicProjectile_C_2147482482
[2022.06.19-01.41.24:916][877]LogTemp: Running: Action_MagicProjectile_C_2147482482
[2022.06.19-01.41.25:125][902]LogActor: Warning: SetReplicates called on non-initialized actor BP_MagicProjectile_C_2147482382. Directly setting bReplicates is the correct procedure for pre-init actors.
[2022.06.19-01.41.25:125][902]LogTemp: Stopped: Action_MagicProjectile_C_2147482482
[2022.06.19-01.41.25:392][934]LogTemp: Stopped: Effect_Burning_C_2147482416
[2022.06.19-01.41.25:450][941]LogActor: Warning: SetReplicates called on non-initialized actor BP_MagicProjectile_AI_C_2147482377. Directly setting bReplicates is the correct procedure for pre-init actors.
[2022.06.19-01.41.25:558][954]LogTemp: Running: Action_MagicProjectile_C_2147482482
[2022.06.19-01.41.25:758][978]LogActor: Warning: SetReplicates called on non-initialized actor BP_MagicProjectile_C_2147482374. Directly setting bReplicates is the correct procedure for pre-init actors.
[2022.06.19-01.41.25:759][978]LogTemp: Stopped: Action_MagicProjectile_C_2147482482
[2022.06.19-01.41.25:962][  2]LogActor: Warning: SetReplicates called on non-initialized actor BP_MagicProjectile_AI_C_2147482373. Directly setting bReplicates is the correct procedure for pre-init actors.
[2022.06.19-01.41.26:051][ 13]LogTemp: Running: Action_MagicProjectile_C_2147482482
[2022.06.19-01.41.26:251][ 37]LogActor: Warning: SetReplicates called on non-initialized actor BP_MagicProjectile_C_2147482353. Directly setting bReplicates is the correct procedure for pre-init actors.
[2022.06.19-01.41.26:251][ 37]LogTemp: Stopped: Action_MagicProjectile_C_2147482482
[2022.06.19-01.41.26:368][ 51]LogTemp: Found 1 alive bots
[2022.06.19-01.41.26:368][ 51]LogTemp: At maximum bot capacity. Skipping bot spawn.
[2022.06.19-01.41.26:385][ 53]LogTemp: Running: Effect_Burning_C_2147482347
[2022.06.19-01.41.26:472][ 63]LogActor: Warning: SetReplicates called on non-initialized actor BP_MagicProjectile_AI_C_2147482343. Directly setting bReplicates is the correct procedure for pre-init actors.
[2022.06.19-01.41.26:510][ 68]LogTemp: Running: Action_MagicProjectile_C_2147482482
[2022.06.19-01.41.26:716][ 92]LogActor: Warning: SetReplicates called on non-initialized actor BP_MagicProjectile_C_2147482338. Directly setting bReplicates is the correct procedure for pre-init actors.
[2022.06.19-01.41.26:717][ 92]LogTemp: Stopped: Action_MagicProjectile_C_2147482482
[2022.06.19-01.41.27:145][144]LogTemp: Running: Action_MagicProjectile_C_2147482482
[2022.06.19-01.41.27:350][168]LogActor: Warning: SetReplicates called on non-initialized actor BP_MagicProjectile_C_2147482336. Directly setting bReplicates is the correct procedure for pre-init actors.
[2022.06.19-01.41.27:351][168]LogTemp: Stopped: Action_MagicProjectile_C_2147482482
[2022.06.19-01.41.27:645][204]LogTemp: Running: Action_MagicProjectile_C_2147482482
[2022.06.19-01.41.27:846][228]LogActor: Warning: SetReplicates called on non-initialized actor BP_MagicProjectile_C_2147482331. Directly setting bReplicates is the correct procedure for pre-init actors.
[2022.06.19-01.41.27:846][228]LogTemp: Stopped: Action_MagicProjectile_C_2147482482
[2022.06.19-01.41.28:130][262]LogTemp: Running: Action_MagicProjectile_C_2147482482
[2022.06.19-01.41.28:333][286]LogActor: Warning: SetReplicates called on non-initialized actor BP_MagicProjectile_C_2147482328. Directly setting bReplicates is the correct procedure for pre-init actors.
[2022.06.19-01.41.28:333][286]LogTemp: Stopped: Action_MagicProjectile_C_2147482482
[2022.06.19-01.41.28:366][290]LogTemp: Found 1 alive bots
[2022.06.19-01.41.28:366][290]LogTemp: At maximum bot capacity. Skipping bot spawn.
[2022.06.19-01.41.28:580][315]LogTemp: Running: Action_MagicProjectile_C_2147482482
[2022.06.19-01.41.28:783][340]LogActor: Warning: SetReplicates called on non-initialized actor BP_MagicProjectile_C_2147482318. Directly setting bReplicates is the correct procedure for pre-init actors.
[2022.06.19-01.41.28:783][340]LogTemp: Stopped: Action_MagicProjectile_C_2147482482
[2022.06.19-01.41.28:984][364]LogActor: Warning: SetReplicates called on non-initialized actor BP_MagicProjectile_AI_C_2147482317. Directly setting bReplicates is the correct procedure for pre-init actors.
[2022.06.19-01.41.29:127][381]LogTemp: Running: Action_MagicProjectile_C_2147482482
[2022.06.19-01.41.29:340][406]LogActor: Warning: SetReplicates called on non-initialized actor BP_MagicProjectile_C_2147482311. Directly setting bReplicates is the correct procedure for pre-init actors.
[2022.06.19-01.41.29:340][406]LogTemp: Stopped: Action_MagicProjectile_C_2147482482
[2022.06.19-01.41.29:385][412]LogTemp: Running: Effect_Burning_C_2147482306
[2022.06.19-01.41.29:394][413]LogTemp: Stopped: Effect_Burning_C_2147482347
[2022.06.19-01.41.29:560][433]LogTemp: Running: Action_MagicProjectile_C_2147482482
[2022.06.19-01.41.29:761][457]LogActor: Warning: SetReplicates called on non-initialized actor BP_MagicProjectile_C_2147482294. Directly setting bReplicates is the correct procedure for pre-init actors.
[2022.06.19-01.41.29:761][457]LogTemp: Stopped: Action_MagicProjectile_C_2147482482
[2022.06.19-01.41.29:811][463]LogTemp: Running: Effect_Burning_C_2147482289
[2022.06.19-01.41.30:370][530]LogTemp: Found 1 alive bots
[2022.06.19-01.41.30:370][530]LogTemp: At maximum bot capacity. Skipping bot spawn.
[2022.06.19-01.41.30:387][532]LogTemp: OnActorKilled: Victim: BP_MinionRanged_C_2147482427, Killer: BP_PlayerCharacter_C_2147482487
[2022.06.19-01.41.30:547][551]LogTemp: Running: Action_MagicProjectile_C_2147482482
[2022.06.19-01.41.30:755][576]LogActor: Warning: SetReplicates called on non-initialized actor BP_MagicProjectile_C_2147482283. Directly setting bReplicates is the correct procedure for pre-init actors.
[2022.06.19-01.41.30:755][576]LogTemp: Stopped: Action_MagicProjectile_C_2147482482
[2022.06.19-01.41.31:371][644]LogTemp: Running: Action_Sprint_C_2147482481
[2022.06.19-01.41.32:367][758]LogTemp: Found 0 alive bots
[2022.06.19-01.41.32:386][760]LogTemp: Stopped: Effect_Burning_C_2147482306
[2022.06.19-01.41.32:387][760]LogTemp: Running: Effect_Thorns_C_2147482277
[2022.06.19-01.41.32:815][810]LogTemp: Stopped: Effect_Burning_C_2147482289
[2022.06.19-01.41.33:463][888]LogTemp: Stopped: Action_Sprint_C_2147482481
[2022.06.19-01.41.33:693][916]LogViewport: Display: Viewport MouseLockMode Changed, LockOnCapture -> LockInFullscreen
[2022.06.19-01.41.33:693][916]LogViewport: Display: Viewport MouseCaptureMode Changed, CapturePermanently -> NoCapture
[2022.06.19-01.41.33:696][916]LogSlate: Took 0.000247 seconds to synchronously load lazily loaded font '../../../ActionRoguelike/Content/ExampleContent/UI/Fonts/Cinzel/Cinzel-Bold.ufont' (84K)
[2022.06.19-01.41.34:370][997]LogTemp: Found 1 alive bots
[2022.06.19-01.41.34:370][997]LogTemp: At maximum bot capacity. Skipping bot spawn.
[2022.06.19-01.41.34:611][ 26]Closing by request
[2022.06.19-01.41.34:611][ 26]LogWindows: FPlatformMisc::RequestExit(0)
[2022.06.19-01.41.34:611][ 26]LogWindows: FPlatformMisc::RequestExitWithStatus(0, 0)
[2022.06.19-01.41.34:611][ 26]LogCore: Engine exit requested (reason: Win RequestExit)
[2022.06.19-01.41.34:620][ 27]LogCore: Engine exit requested (reason: EngineExit() was called; note: exit was already requested)
[2022.06.19-01.41.34:620][ 27]LogInit: Display: PreExit Game.
[2022.06.19-01.41.34:624][ 27]LogWorld: BeginTearingDown for /Game/ActionRoguelike/Maps/TestLevel
[2022.06.19-01.41.34:624][ 27]LogNet: World NetDriver shutdown IpNetDriver_2147482517 [GameNetDriver]
[2022.06.19-01.41.34:624][ 27]LogNet: DestroyNamedNetDriver IpNetDriver_2147482517 [GameNetDriver]
[2022.06.19-01.41.34:624][ 27]LogExit: GameNetDriver IpNetDriver_2147482517 shut down
[2022.06.19-01.41.34:625][ 27]LogWorld: UWorld::CleanupWorld for TestLevel, bSessionEnded=true, bCleanupResources=true
[2022.06.19-01.41.34:626][ 27]LogSlate: InvalidateAllWidgets triggered.  All widgets were invalidated
[2022.06.19-01.41.35:140][ 27]LogAudio: Display: Beginning Audio Device Manager Shutdown (Module: AudioMixerXAudio2)...
[2022.06.19-01.41.35:140][ 27]LogAudio: Display: Destroying 1 Remaining Audio Device(s)...
[2022.06.19-01.41.35:140][ 27]LogAudio: Display: Audio Device unregistered from world 'TestLevel'.
[2022.06.19-01.41.35:142][ 27]LogAudioMixer: FMixerPlatformXAudio2::StopAudioStream() called
[2022.06.19-01.41.35:142][ 27]LogAudioMixer: FMixerPlatformXAudio2::StopAudioStream() called
[2022.06.19-01.41.35:159][ 27]LogAudio: Display: Audio Device Manager Shutdown
[2022.06.19-01.41.35:159][ 27]LogSlate: Request Window 'ActionRoguelike (64-bit Development PCD3D_SM5) ' being destroyed
[2022.06.19-01.41.35:168][ 27]LogSlate: Window 'ActionRoguelike (64-bit Development PCD3D_SM5) ' being destroyed
[2022.06.19-01.41.35:170][ 27]LogWindowsTextInputMethodSystem: Display: IME system deactivated.
[2022.06.19-01.41.35:180][ 27]LogExit: Preparing to exit.
[2022.06.19-01.41.35:180][ 27]LogMoviePlayer: Shutting down movie player
[2022.06.19-01.41.35:185][ 27]LogSlate: Updating window title bar state: overlay mode, drag disabled, window buttons hidden, title bar hidden
[2022.06.19-01.41.35:193][ 27]LogDemo: Cleaned up 0 splitscreen connections with owner deletion
[2022.06.19-01.41.35:195][ 27]LogExit: Game engine shut down
[2022.06.19-01.41.35:211][ 27]LogExit: Object subsystem successfully closed.
[2022.06.19-01.41.35:218][ 27]LogModuleManager: Shutting down and abandoning module AutomationController (330)
[2022.06.19-01.41.35:218][ 27]LogModuleManager: Shutting down and abandoning module AutomationWorker (328)
[2022.06.19-01.41.35:218][ 27]LogModuleManager: Shutting down and abandoning module Voice (326)
[2022.06.19-01.41.35:218][ 27]LogModuleManager: Shutting down and abandoning module AIModule (324)
[2022.06.19-01.41.35:218][ 27]LogModuleManager: Shutting down and abandoning module GameplayDebugger (323)
[2022.06.19-01.41.35:218][ 27]LogModuleManager: Shutting down and abandoning module NavigationSystem (321)
[2022.06.19-01.41.35:218][ 27]LogModuleManager: Shutting down and abandoning module WebMMediaFactory (318)
[2022.06.19-01.41.35:218][ 27]LogModuleManager: Shutting down and abandoning module WebMMedia (316)
[2022.06.19-01.41.35:218][ 27]LogModuleManager: Shutting down and abandoning module WmfMediaFactory (314)
[2022.06.19-01.41.35:218][ 27]LogModuleManager: Shutting down and abandoning module OpenExrWrapper (312)
[2022.06.19-01.41.35:218][ 27]LogModuleManager: Shutting down and abandoning module ImgMediaFactory (310)
[2022.06.19-01.41.35:218][ 27]LogModuleManager: Shutting down and abandoning module AvfMediaFactory (308)
[2022.06.19-01.41.35:218][ 27]LogModuleManager: Shutting down and abandoning module CharacterAI (306)
[2022.06.19-01.41.35:218][ 27]LogModuleManager: Shutting down and abandoning module PlanarCut (304)
[2022.06.19-01.41.35:218][ 27]LogModuleManager: Shutting down and abandoning module SessionServices (302)
[2022.06.19-01.41.35:218][ 27]LogModuleManager: Shutting down and abandoning module LiveCoding (300)
[2022.06.19-01.41.35:218][ 27]LogModuleManager: Shutting down and abandoning module LevelSequence (298)
[2022.06.19-01.41.35:218][ 27]LogModuleManager: Shutting down and abandoning module MovieSceneTracks (296)
[2022.06.19-01.41.35:218][ 27]LogModuleManager: Shutting down and abandoning module MovieScene (294)
[2022.06.19-01.41.35:218][ 27]LogModuleManager: Shutting down and abandoning module StreamingPauseRendering (292)
[2022.06.19-01.41.35:218][ 27]LogModuleManager: Shutting down and abandoning module AudioMixerXAudio2 (290)
[2022.06.19-01.41.35:218][ 27]LogModuleManager: Shutting down and abandoning module AudioMixerCore (289)
[2022.06.19-01.41.35:218][ 27]LogModuleManager: Shutting down and abandoning module ImageWriteQueue (286)
[2022.06.19-01.41.35:219][ 27]LogModuleManager: Shutting down and abandoning module ProfilerService (284)
[2022.06.19-01.41.35:409][ 27]LogModuleManager: Shutting down and abandoning module TaskGraph (282)
[2022.06.19-01.41.35:409][ 27]LogModuleManager: Shutting down and abandoning module Synthesis (280)
[2022.06.19-01.41.35:409][ 27]LogModuleManager: Shutting down and abandoning module MobilePatchingUtils (278)
[2022.06.19-01.41.35:409][ 27]LogModuleManager: Shutting down and abandoning module GooglePAD (276)
[2022.06.19-01.41.35:409][ 27]LogModuleManager: Shutting down and abandoning module CustomMeshComponent (274)
[2022.06.19-01.41.35:409][ 27]LogModuleManager: Shutting down and abandoning module CableComponent (272)
[2022.06.19-01.41.35:409][ 27]LogModuleManager: Shutting down and abandoning module AudioCapture (270)
[2022.06.19-01.41.35:409][ 27]LogModuleManager: Shutting down and abandoning module AudioCaptureRtAudio (269)
[2022.06.19-01.41.35:409][ 27]LogModuleManager: Shutting down and abandoning module AssetTags (266)
[2022.06.19-01.41.35:409][ 27]LogModuleManager: Shutting down and abandoning module ArchVisCharacter (264)
[2022.06.19-01.41.35:409][ 27]LogModuleManager: Shutting down and abandoning module AppleImageUtils (262)
[2022.06.19-01.41.35:409][ 27]LogModuleManager: Shutting down and abandoning module AndroidPermission (260)
[2022.06.19-01.41.35:409][ 27]LogModuleManager: Shutting down and abandoning module ActorLayerUtilities (258)
[2022.06.19-01.41.35:409][ 27]LogModuleManager: Shutting down and abandoning module MediaCompositing (256)
[2022.06.19-01.41.35:409][ 27]LogModuleManager: Shutting down and abandoning module ImgMedia (254)
[2022.06.19-01.41.35:409][ 27]LogModuleManager: Shutting down and abandoning module MagicLeapLightEstimation (252)
[2022.06.19-01.41.35:409][ 27]LogModuleManager: Shutting down and abandoning module MagicLeapHelperVulkan (250)
[2022.06.19-01.41.35:409][ 27]LogModuleManager: Shutting down and abandoning module MagicLeapHelperOpenGL (248)
[2022.06.19-01.41.35:409][ 27]LogModuleManager: Shutting down and abandoning module MagicLeapAudio (246)
[2022.06.19-01.41.35:409][ 27]LogModuleManager: Shutting down and abandoning module MagicLeapSharedWorld (244)
[2022.06.19-01.41.35:409][ 27]LogModuleManager: Shutting down and abandoning module OpenImageDenoise (242)
[2022.06.19-01.41.35:409][ 27]LogModuleManager: Shutting down and abandoning module MotoSynth (240)
[2022.06.19-01.41.35:409][ 27]LogModuleManager: Shutting down and abandoning module ChaosNiagara (238)
[2022.06.19-01.41.35:409][ 27]LogModuleManager: Shutting down and abandoning module ProceduralMeshComponent (236)
[2022.06.19-01.41.35:409][ 27]LogModuleManager: Shutting down and abandoning module GeometryCollectionTracks (234)
[2022.06.19-01.41.35:409][ 27]LogModuleManager: Shutting down and abandoning module EditableMesh (232)
[2022.06.19-01.41.35:409][ 27]LogModuleManager: Shutting down and abandoning module MeshConversion (230)
[2022.06.19-01.41.35:409][ 27]LogModuleManager: Shutting down and abandoning module DynamicMesh (228)
[2022.06.19-01.41.35:409][ 27]LogModuleManager: Shutting down and abandoning module GeometryAlgorithms (226)
[2022.06.19-01.41.35:409][ 27]LogModuleManager: Shutting down and abandoning module GeometricObjects (224)
[2022.06.19-01.41.35:409][ 27]LogModuleManager: Shutting down and abandoning module BackChannel (222)
[2022.06.19-01.41.35:409][ 27]LogModuleManager: Shutting down and abandoning module AutomationUtils (220)
[2022.06.19-01.41.35:409][ 27]LogModuleManager: Shutting down and abandoning module GeometryCacheTracks (218)
[2022.06.19-01.41.35:409][ 27]LogModuleManager: Shutting down and abandoning module GeometryCache (216)
[2022.06.19-01.41.35:409][ 27]LogModuleManager: Shutting down and abandoning module UObjectPlugin (214)
[2022.06.19-01.41.35:409][ 27]LogModuleManager: Shutting down and abandoning module OodleNetworkHandlerComponent (212)
[2022.06.19-01.41.35:409][ 27]LogModuleManager: Shutting down and abandoning module TemplateSequence (210)
[2022.06.19-01.41.35:409][ 27]LogModuleManager: Shutting down and abandoning module ActionRoguelike (208)
[2022.06.19-01.41.35:409][ 27]LogModuleManager: Shutting down and abandoning module AudioSynesthesia (206)
[2022.06.19-01.41.35:409][ 27]LogModuleManager: Shutting down and abandoning module AudioSynesthesiaCore (204)
[2022.06.19-01.41.35:409][ 27]LogModuleManager: Shutting down and abandoning module SoundFields (202)
[2022.06.19-01.41.35:409][ 27]LogModuleManager: Shutting down and abandoning module RuntimePhysXCooking (200)
[2022.06.19-01.41.35:409][ 27]LogModuleManager: Shutting down and abandoning module LocationServicesBPLibrary (196)
[2022.06.19-01.41.35:409][ 27]LogModuleManager: Shutting down and abandoning module ActorSequence (194)
[2022.06.19-01.41.35:409][ 27]LogModuleManager: Shutting down and abandoning module UdpMessaging (192)
[2022.06.19-01.41.35:409][ 27]LogModuleManager: Shutting down and abandoning module TcpMessaging (190)
[2022.06.19-01.41.35:409][ 27]LogModuleManager: Shutting down and abandoning module ImgMediaEngine (188)
[2022.06.19-01.41.35:409][ 27]LogModuleManager: Shutting down and abandoning module MagicLeapHandMeshing (186)
[2022.06.19-01.41.35:409][ 27]LogModuleManager: Shutting down and abandoning module MagicLeapSecureStorage (184)
[2022.06.19-01.41.35:409][ 27]LogModuleManager: Shutting down and abandoning module MagicLeapPrivileges (182)
[2022.06.19-01.41.35:409][ 27]LogModuleManager: Shutting down and abandoning module MagicLeapPlanes (180)
[2022.06.19-01.41.35:409][ 27]LogModuleManager: Shutting down and abandoning module MagicLeapImageTracker (178)
[2022.06.19-01.41.35:409][ 27]LogModuleManager: Shutting down and abandoning module MagicLeapIdentity (176)
[2022.06.19-01.41.35:409][ 27]LogModuleManager: Shutting down and abandoning module MagicLeapHandTracking (174)
[2022.06.19-01.41.35:409][ 27]LogModuleManager: Shutting down and abandoning module MagicLeapEyeTracker (172)
[2022.06.19-01.41.35:409][ 27]LogModuleManager: Shutting down and abandoning module MagicLeapController (170)
[2022.06.19-01.41.35:409][ 27]LogSlate: Slate User Destroyed.  User Index 0, Is Virtual User: 0
[2022.06.19-01.41.35:409][ 27]LogModuleManager: Shutting down and abandoning module MagicLeapARPinImpl (168)
[2022.06.19-01.41.35:409][ 27]LogModuleManager: Shutting down and abandoning module MagicLeapAR (166)
[2022.06.19-01.41.35:409][ 27]LogModuleManager: Shutting down and abandoning module AugmentedReality (165)
[2022.06.19-01.41.35:409][ 27]LogModuleManager: Shutting down and abandoning module MagicLeapARPin (162)
[2022.06.19-01.41.35:409][ 27]LogModuleManager: Shutting down and abandoning module NiagaraAnimNotifies (160)
[2022.06.19-01.41.35:409][ 27]LogModuleManager: Shutting down and abandoning module Niagara (158)
[2022.06.19-01.41.35:410][ 27]LogModuleManager: Shutting down and abandoning module SignalProcessing (157)
[2022.06.19-01.41.35:410][ 27]LogModuleManager: Shutting down and abandoning module NiagaraCore (154)
[2022.06.19-01.41.35:410][ 27]LogModuleManager: Shutting down and abandoning module FacialAnimation (152)
[2022.06.19-01.41.35:410][ 27]LogModuleManager: Shutting down and abandoning module SignificanceManager (150)
[2022.06.19-01.41.35:410][ 27]LogModuleManager: Shutting down and abandoning module AnimationSharing (148)
[2022.06.19-01.41.35:410][ 27]LogModuleManager: Shutting down and abandoning module GameplayCameras (146)
[2022.06.19-01.41.35:410][ 27]LogModuleManager: Shutting down and abandoning module LightPropagationVolumeRuntime (144)
[2022.06.19-01.41.35:410][ 27]LogModuleManager: Shutting down and abandoning module Paper2D (142)
[2022.06.19-01.41.35:410][ 27]LogModuleManager: Shutting down and abandoning module WindowsMoviePlayer (140)
[2022.06.19-01.41.35:410][ 27]LogModuleManager: Shutting down and abandoning module WebMMoviePlayer (138)
[2022.06.19-01.41.35:410][ 27]LogModuleManager: Shutting down and abandoning module NetworkReplayStreaming (136)
[2022.06.19-01.41.35:410][ 27]LogModuleManager: Shutting down and abandoning module PacketHandler (134)
[2022.06.19-01.41.35:410][ 27]LogModuleManager: Shutting down and abandoning module ClothingSystemRuntimeNv (132)
[2022.06.19-01.41.35:410][ 27]LogModuleManager: Shutting down and abandoning module MediaAssets (130)
[2022.06.19-01.41.35:410][ 27]LogModuleManager: Shutting down and abandoning module Overlay (128)
[2022.06.19-01.41.35:410][ 27]LogModuleManager: Shutting down and abandoning module FunctionalTesting (126)
[2022.06.19-01.41.35:410][ 27]LogModuleManager: Shutting down and abandoning module MessageLog (124)
[2022.06.19-01.41.35:410][ 27]LogModuleManager: Shutting down and abandoning module UMG (122)
[2022.06.19-01.41.35:410][ 27]LogModuleManager: Shutting down and abandoning module SlateReflector (120)
[2022.06.19-01.41.35:410][ 27]LogModuleManager: Shutting down and abandoning module Slate (118)
[2022.06.19-01.41.35:410][ 27]LogModuleManager: Shutting down and abandoning module SlateCore (116)
[2022.06.19-01.41.35:411][ 27]LogModuleManager: Shutting down and abandoning module MRMesh (114)
[2022.06.19-01.41.35:411][ 27]LogModuleManager: Shutting down and abandoning module Messaging (112)
[2022.06.19-01.41.35:411][ 27]LogModuleManager: Shutting down and abandoning module HeadMountedDisplay (110)
[2022.06.19-01.41.35:411][ 27]LogModuleManager: Shutting down and abandoning module XAudio2 (108)
[2022.06.19-01.41.35:411][ 27]LogModuleManager: Shutting down and abandoning module Networking (106)
[2022.06.19-01.41.35:411][ 27]LogModuleManager: Shutting down and abandoning module Core (104)
[2022.06.19-01.41.35:411][ 27]LogModuleManager: Shutting down and abandoning module FieldSystemEngine (102)
[2022.06.19-01.41.35:411][ 27]LogModuleManager: Shutting down and abandoning module ImageWrapper (98)
[2022.06.19-01.41.35:411][ 27]LogModuleManager: Shutting down and abandoning module D3D11RHI (96)
[2022.06.19-01.41.35:411][ 27]LogModuleManager: Shutting down and abandoning module InputCore (94)
[2022.06.19-01.41.35:411][ 27]LogModuleManager: Shutting down and abandoning module Settings (92)
[2022.06.19-01.41.35:411][ 27]LogModuleManager: Shutting down and abandoning module PhysXCooking (90)
[2022.06.19-01.41.35:411][ 27]LogModuleManager: Shutting down and abandoning module Chaos (88)
[2022.06.19-01.41.35:411][ 27]LogModuleManager: Shutting down and abandoning module WindowsPlatformFeatures (86)
[2022.06.19-01.41.35:411][ 27]LogModuleManager: Shutting down and abandoning module GameplayMediaEncoder (85)
[2022.06.19-01.41.35:411][ 27]LogModuleManager: Shutting down and abandoning module AVEncoder (84)
[2022.06.19-01.41.35:411][ 27]LogModuleManager: Shutting down and abandoning module ExampleDeviceProfileSelector (80)
[2022.06.19-01.41.35:411][ 27]LogModuleManager: Shutting down and abandoning module ChunkDownloader (78)
[2022.06.19-01.41.35:411][ 27]LogModuleManager: Shutting down and abandoning module LauncherChunkInstaller (76)
[2022.06.19-01.41.35:411][ 27]LogModuleManager: Shutting down and abandoning module OnlineSubsystem (72)
[2022.06.19-01.41.35:411][ 27]LogModuleManager: Shutting down and abandoning module HTTP (67)
[2022.06.19-01.41.35:411][ 27]LogHttp: Display: cleaning up 0 outstanding Http requests.
[2022.06.19-01.41.35:434][ 27]LogModuleManager: Shutting down and abandoning module SSL (66)
[2022.06.19-01.41.35:434][ 27]LogModuleManager: Shutting down and abandoning module WmfMedia (62)
[2022.06.19-01.41.35:434][ 27]LogModuleManager: Shutting down and abandoning module Media (61)
[2022.06.19-01.41.35:434][ 27]LogModuleManager: Shutting down and abandoning module MediaInfo (60)
[2022.06.19-01.41.35:434][ 27]LogModuleManager: Shutting down and abandoning module ExrReaderGpu (56)
[2022.06.19-01.41.35:434][ 27]LogModuleManager: Shutting down and abandoning module MLSDK (54)
[2022.06.19-01.41.35:434][ 27]LogModuleManager: Shutting down and abandoning module MagicLeap (52)
[2022.06.19-01.41.35:434][ 27]LogModuleManager: Shutting down and abandoning module NiagaraVertexFactories (50)
[2022.06.19-01.41.35:434][ 27]LogModuleManager: Shutting down and abandoning module NiagaraShader (48)
[2022.06.19-01.41.35:434][ 27]LogModuleManager: Shutting down and abandoning module ChaosCloth (46)
[2022.06.19-01.41.35:434][ 27]LogModuleManager: Shutting down and abandoning module VariantManagerContent (44)
[2022.06.19-01.41.35:434][ 27]LogModuleManager: Shutting down and abandoning module DatasmithContent (42)
[2022.06.19-01.41.35:435][ 27]LogModuleManager: Shutting down and abandoning module PixWinPlugin (40)
[2022.06.19-01.41.35:435][ 27]LogModuleManager: Shutting down and abandoning module AISupportModule (38)
[2022.06.19-01.41.35:435][ 27]LogModuleManager: Shutting down and abandoning module PlatformCryptoOpenSSL (36)
[2022.06.19-01.41.35:435][ 27]LogModuleManager: Shutting down and abandoning module PlatformCryptoTypes (34)
[2022.06.19-01.41.35:435][ 27]LogModuleManager: Shutting down and abandoning module PlatformCrypto (32)
[2022.06.19-01.41.35:435][ 27]LogModuleManager: Shutting down and abandoning module PythonScriptPluginPreload (30)
[2022.06.19-01.41.35:435][ 27]LogModuleManager: Shutting down and abandoning module OodleDataCompressionFormat (28)
[2022.06.19-01.41.35:435][ 27]LogModuleManager: Shutting down and abandoning module RenderCore (26)
[2022.06.19-01.41.35:435][ 27]LogModuleManager: Shutting down and abandoning module Landscape (24)
[2022.06.19-01.41.35:435][ 27]LogModuleManager: Shutting down and abandoning module SlateRHIRenderer (22)
[2022.06.19-01.41.35:435][ 27]LogModuleManager: Shutting down and abandoning module AnimGraphRuntime (20)
[2022.06.19-01.41.35:435][ 27]LogModuleManager: Shutting down and abandoning module Renderer (18)
[2022.06.19-01.41.35:435][ 27]LogModuleManager: Shutting down and abandoning module Engine (16)
[2022.06.19-01.41.35:435][ 27]LogModuleManager: Shutting down and abandoning module CoreUObject (14)
[2022.06.19-01.41.35:435][ 27]LogModuleManager: Shutting down and abandoning module NetworkFile (12)
[2022.06.19-01.41.35:435][ 27]LogModuleManager: Shutting down and abandoning module CookedIterativeFile (10)
[2022.06.19-01.41.35:435][ 27]LogModuleManager: Shutting down and abandoning module StreamingFile (8)
[2022.06.19-01.41.35:435][ 27]LogModuleManager: Shutting down and abandoning module SandboxFile (6)
[2022.06.19-01.41.35:435][ 27]LogModuleManager: Shutting down and abandoning module PakFile (4)
[2022.06.19-01.41.35:436][ 27]LogModuleManager: Shutting down and abandoning module RSA (3)
[2022.06.19-01.41.35:436][ 27]LogContentStreaming: Display: There are 1 unreleased StreamingManagers
[2022.06.19-01.41.35:440][ 27]LogD3D11RHI: Shutdown
[2022.06.19-01.41.35:440][ 27]LogD3D11RHI: CleanupD3DDevice
[2022.06.19-01.41.35:441][ 27]LogExit: Exiting.
[2022.06.19-01.41.35:453][ 27]Log file closed, 06/18/22 21:41:35
