Log file open, 06/20/22 11:03:24
LogWindows: Failed to load 'aqProf.dll' (GetLastError=126)
LogWindows: File 'aqProf.dll' does not exist
LogWindows: Failed to load 'VtuneApi.dll' (GetLastError=126)
LogWindows: File 'VtuneApi.dll' does not exist
LogWindows: Failed to load 'VtuneApi32e.dll' (GetLastError=126)
LogWindows: File 'VtuneApi32e.dll' does not exist
LogConsoleResponse: Display: Failed to find resolution value strings in scalability ini. Falling back to default.
LogConsoleResponse: Display: Failed to find resolution value strings in scalability ini. Falling back to default.
LogPakFile: Display: Found Pak file ../../../ActionRoguelike/Content/Paks/ActionRoguelike-WindowsNoEditor.pak attempting to mount.
LogPakFile: Display: Mounting pak file ../../../ActionRoguelike/Content/Paks/ActionRoguelike-WindowsNoEditor.pak.
LogPakFile: PakFile PrimaryIndexSize=37654
LogPakFile: PakFile PathHashIndexSize=49926
LogPakFile: PakFile FullDirectoryIndexSize=80840
LogShaderLibrary: Display: ShaderCodeLibraryPakFileMountedCallback: PakFile '../../../ActionRoguelike/Content/Paks/ActionRoguelike-WindowsNoEditor.pak' (chunk index -1, root '../../../') mounted
LogShaderLibrary: Display: ShaderCodeLibraryPakFileMountedCallback: pending pak file info (ChunkID:-1 Root:../../../ File:../../../ActionRoguelike/Content/Paks/ActionRoguelike-WindowsNoEditor.pak)
LogPakFile: OnPakFileMounted2Time == 0.000018
LogPlatformFile: Not using cached read wrapper
LogTaskGraph: Started task graph with 5 named threads and 47 total threads with 3 sets of task threads.
LogStats: Stats thread started at 0.070775
LogICUInternationalization: ICU TimeZone Detection - Raw Offset: -5:00, Platform Override: ''
LogInit: Display: Loading text-based GConfig....
LogPluginManager: Mounting plugin Paper2D
LogPluginManager: Mounting plugin AISupport
LogPluginManager: Mounting plugin EnvironmentQueryEditor
LogPluginManager: Mounting plugin LightPropagationVolume
LogPluginManager: Mounting plugin CameraShakePreviewer
LogPluginManager: Mounting plugin GameplayCameras
LogPluginManager: Mounting plugin TemplateSequence
LogPluginManager: Mounting plugin LevelSequenceEditor
LogPluginManager: Mounting plugin OodleData
LogPluginManager: Mounting plugin OodleNetwork
LogPluginManager: Mounting plugin AnimationSharing
LogPluginManager: Mounting plugin SignificanceManager
LogPluginManager: Mounting plugin PixWinPlugin
LogPluginManager: Mounting plugin PluginUtils
LogPluginManager: Mounting plugin PropertyAccessEditor
LogPluginManager: Mounting plugin UObjectPlugin
LogPluginManager: Mounting plugin AssetManagerEditor
LogPluginManager: Mounting plugin FacialAnimation
LogPluginManager: Mounting plugin GeometryMode
LogPluginManager: Mounting plugin SpeedTreeImporter
LogPluginManager: Mounting plugin DatasmithContent
LogPluginManager: Mounting plugin VariantManagerContent
LogPluginManager: Mounting plugin AlembicImporter
LogPluginManager: Mounting plugin GeometryCache
LogPluginManager: Mounting plugin AutomationUtils
LogPluginManager: Mounting plugin ScreenshotTools
LogPluginManager: Mounting plugin BackChannel
LogPluginManager: Mounting plugin ChaosClothEditor
LogPluginManager: Mounting plugin ChaosCloth
LogPluginManager: Mounting plugin ChaosEditor
LogPluginManager: Mounting plugin PlanarCut
LogPluginManager: Mounting plugin GeometryProcessing
LogPluginManager: Mounting plugin EditableMesh
LogPluginManager: Mounting plugin GeometryCollectionPlugin
LogPluginManager: Mounting plugin ProceduralMeshComponent
LogPluginManager: Mounting plugin ChaosSolverPlugin
LogPluginManager: Mounting plugin ChaosNiagara
LogPluginManager: Mounting plugin Niagara
LogPluginManager: Mounting plugin PythonScriptPlugin
LogPluginManager: Mounting plugin CharacterAI
LogPluginManager: Mounting plugin MotoSynth
LogPluginManager: Mounting plugin OpenImageDenoise
LogPluginManager: Mounting plugin PlatformCrypto
LogPluginManager: Mounting plugin MagicLeapPassableWorld
LogPluginManager: Mounting plugin MagicLeap
LogPluginManager: Mounting plugin MLSDK
LogPluginManager: Mounting plugin MagicLeapLightEstimation
LogPluginManager: Mounting plugin AvfMedia
LogPluginManager: Mounting plugin ImgMedia
LogPluginManager: Mounting plugin MediaCompositing
LogPluginManager: Mounting plugin WmfMedia
LogPluginManager: Mounting plugin MeshPainting
LogPluginManager: Mounting plugin TcpMessaging
LogPluginManager: Mounting plugin UdpMessaging
LogPluginManager: Mounting plugin ActorSequence
LogPluginManager: Mounting plugin MatineeToLevelSequence
LogPluginManager: Mounting plugin OnlineSubsystemNull
LogPluginManager: Mounting plugin OnlineSubsystem
LogPluginManager: Mounting plugin OnlineSubsystemUtils
LogPluginManager: Mounting plugin LauncherChunkInstaller
LogPluginManager: Mounting plugin ActorLayerUtilities
LogPluginManager: Mounting plugin AndroidPermission
LogPluginManager: Mounting plugin AppleImageUtils
LogPluginManager: Mounting plugin ArchVisCharacter
LogPluginManager: Mounting plugin AssetTags
LogPluginManager: Mounting plugin AudioCapture
LogPluginManager: Mounting plugin CableComponent
LogPluginManager: Mounting plugin ChunkDownloader
LogPluginManager: Mounting plugin CustomMeshComponent
LogPluginManager: Mounting plugin ExampleDeviceProfileSelector
LogPluginManager: Mounting plugin GooglePAD
LogPluginManager: Mounting plugin LocationServicesBPLibrary
LogPluginManager: Mounting plugin MobilePatchingUtils
LogPluginManager: Mounting plugin PhysXVehicles
LogPluginManager: Mounting plugin RuntimePhysXCooking
LogPluginManager: Mounting plugin SoundFields
LogPluginManager: Mounting plugin Synthesis
LogPluginManager: Mounting plugin AudioSynesthesia
LogPluginManager: Mounting plugin WebMMoviePlayer
LogPluginManager: Mounting plugin WebMMedia
LogPluginManager: Mounting plugin WindowsMoviePlayer
PixWinPlugin: PIX capture plugin failed to initialize! Check that the process is launched from PIX.
LogLuminAPIImpl: Warning: MLSDK not found.  This likely means the MLSDK environment variable is not set.
LogInit: Using libcurl 7.55.1-DEV
LogInit:  - built for x86_64-pc-win32
LogInit:  - supports SSL with OpenSSL/1.1.1
LogInit:  - supports HTTP deflate (compression) using libz 1.2.8
LogInit:  - other features:
LogInit:      CURL_VERSION_SSL
LogInit:      CURL_VERSION_LIBZ
LogInit:      CURL_VERSION_IPV6
LogInit:      CURL_VERSION_ASYNCHDNS
LogInit:      CURL_VERSION_LARGEFILE
LogInit:      CURL_VERSION_IDN
LogInit:  CurlRequestOptions (configurable via config and command line):
LogInit:  - bVerifyPeer = true  - Libcurl will verify peer certificate
LogInit:  - bUseHttpProxy = false  - Libcurl will NOT use HTTP proxy
LogInit:  - bDontReuseConnections = false  - Libcurl will reuse connections
LogInit:  - MaxHostConnections = 16  - Libcurl will limit the number of connections to a host
LogInit:  - LocalHostAddr = Default
LogInit:  - BufferSize = 65536
LogOnline: OSS: Creating online subsystem instance for: NULL
LogInit: WinSock: version 1.1 (2.2), MaxSocks=32767, MaxUdp=65467
LogOnline: OSS: TryLoadSubsystemAndSetDefault: Loaded subsystem for module [NULL]
LogInit: Build: ++UE4+Release-4.27-CL-18319896
LogInit: Engine Version: 4.27.2-18319896+++UE4+Release-4.27
LogInit: Compatible Engine Version: 4.27.0-17155196+++UE4+Release-4.27
LogInit: Net CL: 17155196
LogInit: OS: Windows 10 (Release 2009) (), CPU: Intel(R) Core(TM) i9-9900K CPU @ 3.60GHz, GPU: NVIDIA GeForce RTX 3080 Ti
LogInit: Compiled (64-bit): Nov 30 2021 07:26:28
LogInit: Compiled with Visual C++: 19.16.27032.01
LogInit: Build Configuration: Development
LogInit: Branch Name: ++UE4+Release-4.27
LogInit: Command Line:  -trace=counters,cpu, frame,bookmark,loadtime -statnamedevents
LogInit: Base Directory: D:/Projects/Unreal/ActionRoguelike/Packaged/WindowsNoEditor/ActionRoguelike/Binaries/Win64/
LogInit: Allocator: binned2
LogInit: Installed Engine Build: 0
LogDevObjectVersion: Number of dev versions registered: 29
LogDevObjectVersion:   Dev-Blueprints (B0D832E4-1F89-4F0D-ACCF-7EB736FD4AA2): 10
LogDevObjectVersion:   Dev-Build (E1C64328-A22C-4D53-A36C-8E866417BD8C): 0
LogDevObjectVersion:   Dev-Core (375EC13C-06E4-48FB-B500-84F0262A717E): 4
LogDevObjectVersion:   Dev-Editor (E4B068ED-F494-42E9-A231-DA0B2E46BB41): 40
LogDevObjectVersion:   Dev-Framework (CFFC743F-43B0-4480-9391-14DF171D2073): 37
LogDevObjectVersion:   Dev-Mobile (B02B49B5-BB20-44E9-A304-32B752E40360): 3
LogDevObjectVersion:   Dev-Networking (A4E4105C-59A1-49B5-A7C5-40C4547EDFEE): 0
LogDevObjectVersion:   Dev-Online (39C831C9-5AE6-47DC-9A44-9C173E1C8E7C): 0
LogDevObjectVersion:   Dev-Physics (78F01B33-EBEA-4F98-B9B4-84EACCB95AA2): 14
LogDevObjectVersion:   Dev-Platform (6631380F-2D4D-43E0-8009-CF276956A95A): 0
LogDevObjectVersion:   Dev-Rendering (12F88B9F-8875-4AFC-A67C-D90C383ABD29): 45
LogDevObjectVersion:   Dev-Sequencer (7B5AE74C-D270-4C10-A958-57980B212A5A): 13
LogDevObjectVersion:   Dev-VR (D7296918-1DD6-4BDD-9DE2-64A83CC13884): 3
LogDevObjectVersion:   Dev-LoadTimes (C2A15278-BFE7-4AFE-6C17-90FF531DF755): 1
LogDevObjectVersion:   Private-Geometry (6EACA3D4-40EC-4CC1-B786-8BED09428FC5): 3
LogDevObjectVersion:   Dev-AnimPhys (29E575DD-E0A3-4627-9D10-D276232CDCEA): 17
LogDevObjectVersion:   Dev-Anim (AF43A65D-7FD3-4947-9873-3E8ED9C1BB05): 15
LogDevObjectVersion:   Dev-ReflectionCapture (6B266CEC-1EC7-4B8F-A30B-E4D90942FC07): 1
LogDevObjectVersion:   Dev-Automation (0DF73D61-A23F-47EA-B727-89E90C41499A): 1
LogDevObjectVersion:   FortniteMain (601D1886-AC64-4F84-AA16-D3DE0DEAC7D6): 47
LogDevObjectVersion:   FortniteRelease (E7086368-6B23-4C58-8439-1B7016265E91): 1
LogDevObjectVersion:   Dev-Enterprise (9DFFBCD6-494F-0158-E221-12823C92A888): 10
LogDevObjectVersion:   Dev-Niagara (F2AED0AC-9AFE-416F-8664-AA7FFA26D6FC): 1
LogDevObjectVersion:   Dev-Destruction (174F1F0B-B4C6-45A5-B13F-2EE8D0FB917D): 10
LogDevObjectVersion:   Dev-Physics-Ext (35F94A83-E258-406C-A318-09F59610247C): 41
LogDevObjectVersion:   Dev-PhysicsMaterial-Chaos (B68FC16E-8B1B-42E2-B453-215C058844FE): 1
LogDevObjectVersion:   Dev-CineCamera (B2E18506-4273-CFC2-A54E-F4BB758BBA07): 1
LogDevObjectVersion:   Dev-VirtualProduction (64F58936-FD1B-42BA-BA96-7289D5D0FA4E): 1
LogDevObjectVersion:   Dev-MediaFramework (6F0ED827-A609-4895-9C91-998D90180EA4): 2
LogInit: Presizing for max 2097152 objects, including 1 objects not considered by GC, pre-allocating 0 bytes for permanent pool.
LogConfig: Applying CVar settings from Section [/Script/Engine.StreamingSettings] File [../../../ActionRoguelike/Saved/Config/WindowsNoEditor/Engine.ini]
LogConfig: Setting CVar [[s.MinBulkDataSizeForAsyncLoading:131072]]
LogConfig: Setting CVar [[s.AsyncLoadingThreadEnabled:0]]
LogConfig: Setting CVar [[s.EventDrivenLoaderEnabled:1]]
LogConfig: Setting CVar [[s.WarnIfTimeLimitExceeded:0]]
LogConfig: Setting CVar [[s.TimeLimitExceededMultiplier:1.5]]
LogConfig: Setting CVar [[s.TimeLimitExceededMinTime:0.005]]
LogConfig: Setting CVar [[s.UseBackgroundLevelStreaming:1]]
LogConfig: Setting CVar [[s.PriorityAsyncLoadingExtraTime:15.0]]
LogConfig: Setting CVar [[s.LevelStreamingActorsUpdateTimeLimit:5.0]]
LogConfig: Setting CVar [[s.PriorityLevelStreamingActorsUpdateExtraTime:5.0]]
LogConfig: Setting CVar [[s.LevelStreamingComponentsRegistrationGranularity:10]]
LogConfig: Setting CVar [[s.UnregisterComponentsTimeLimit:1.0]]
LogConfig: Setting CVar [[s.LevelStreamingComponentsUnregistrationGranularity:5]]
LogConfig: Setting CVar [[s.FlushStreamingOnExit:1]]
LogStreaming: Display: Async Loading initialized: Event Driven Loader: true, Async Loading Thread: false, Async Post Load: true
LogInit: Object subsystem initialized
LogConfig: Setting CVar [[con.DebugEarlyDefault:1]]
LogConfig: Setting CVar [[r.setres:1280x720]]
LogConfig: Setting CVar [[fx.NiagaraAllowRuntimeScalabilityChanges:1]]
[2022.06.20-15.03.24:602][  0]LogConfig: Setting CVar [[con.DebugEarlyDefault:1]]
[2022.06.20-15.03.24:602][  0]LogConfig: Setting CVar [[r.setres:1280x720]]
[2022.06.20-15.03.24:602][  0]LogConfig: Setting CVar [[fx.NiagaraAllowRuntimeScalabilityChanges:1]]
[2022.06.20-15.03.24:602][  0]LogConfig: Applying CVar settings from Section [/Script/Engine.RendererSettings] File [../../../ActionRoguelike/Saved/Config/WindowsNoEditor/Engine.ini]
[2022.06.20-15.03.24:602][  0]LogConfig: Setting CVar [[r.GPUCrashDebugging:0]]
[2022.06.20-15.03.24:602][  0]LogConfig: Applying CVar settings from Section [/Script/Engine.RendererOverrideSettings] File [../../../ActionRoguelike/Saved/Config/WindowsNoEditor/Engine.ini]
[2022.06.20-15.03.24:602][  0]LogConfig: Applying CVar settings from Section [/Script/Engine.StreamingSettings] File [../../../ActionRoguelike/Saved/Config/WindowsNoEditor/Engine.ini]
[2022.06.20-15.03.24:602][  0]LogConfig: Setting CVar [[s.MinBulkDataSizeForAsyncLoading:131072]]
[2022.06.20-15.03.24:602][  0]LogConfig: Setting CVar [[s.AsyncLoadingThreadEnabled:0]]
[2022.06.20-15.03.24:602][  0]LogConfig: Setting CVar [[s.EventDrivenLoaderEnabled:1]]
[2022.06.20-15.03.24:602][  0]LogConfig: Setting CVar [[s.WarnIfTimeLimitExceeded:0]]
[2022.06.20-15.03.24:602][  0]LogConfig: Setting CVar [[s.TimeLimitExceededMultiplier:1.5]]
[2022.06.20-15.03.24:602][  0]LogConfig: Setting CVar [[s.TimeLimitExceededMinTime:0.005]]
[2022.06.20-15.03.24:602][  0]LogConfig: Setting CVar [[s.UseBackgroundLevelStreaming:1]]
[2022.06.20-15.03.24:602][  0]LogConfig: Setting CVar [[s.PriorityAsyncLoadingExtraTime:15.0]]
[2022.06.20-15.03.24:602][  0]LogConfig: Setting CVar [[s.LevelStreamingActorsUpdateTimeLimit:5.0]]
[2022.06.20-15.03.24:602][  0]LogConfig: Setting CVar [[s.PriorityLevelStreamingActorsUpdateExtraTime:5.0]]
[2022.06.20-15.03.24:602][  0]LogConfig: Setting CVar [[s.LevelStreamingComponentsRegistrationGranularity:10]]
[2022.06.20-15.03.24:602][  0]LogConfig: Setting CVar [[s.UnregisterComponentsTimeLimit:1.0]]
[2022.06.20-15.03.24:602][  0]LogConfig: Setting CVar [[s.LevelStreamingComponentsUnregistrationGranularity:5]]
[2022.06.20-15.03.24:602][  0]LogConfig: Setting CVar [[s.FlushStreamingOnExit:1]]
[2022.06.20-15.03.24:602][  0]LogConfig: Applying CVar settings from Section [/Script/Engine.GarbageCollectionSettings] File [../../../ActionRoguelike/Saved/Config/WindowsNoEditor/Engine.ini]
[2022.06.20-15.03.24:602][  0]LogConfig: Setting CVar [[gc.MaxObjectsNotConsideredByGC:1]]
[2022.06.20-15.03.24:602][  0]LogConfig: Setting CVar [[gc.SizeOfPermanentObjectPool:0]]
[2022.06.20-15.03.24:602][  0]LogConfig: Setting CVar [[gc.FlushStreamingOnGC:0]]
[2022.06.20-15.03.24:602][  0]LogConfig: Setting CVar [[gc.NumRetriesBeforeForcingGC:10]]
[2022.06.20-15.03.24:602][  0]LogConfig: Setting CVar [[gc.AllowParallelGC:1]]
[2022.06.20-15.03.24:602][  0]LogConfig: Setting CVar [[gc.TimeBetweenPurgingPendingKillObjects:61.1]]
[2022.06.20-15.03.24:602][  0]LogConfig: Setting CVar [[gc.MaxObjectsInEditor:25165824]]
[2022.06.20-15.03.24:602][  0]LogConfig: Setting CVar [[gc.IncrementalBeginDestroyEnabled:1]]
[2022.06.20-15.03.24:602][  0]LogConfig: Setting CVar [[gc.CreateGCClusters:1]]
[2022.06.20-15.03.24:602][  0]LogConfig: Setting CVar [[gc.MinGCClusterSize:5]]
[2022.06.20-15.03.24:602][  0]LogConfig: Setting CVar [[gc.ActorClusteringEnabled:0]]
[2022.06.20-15.03.24:602][  0]LogConfig: Setting CVar [[gc.BlueprintClusteringEnabled:0]]
[2022.06.20-15.03.24:602][  0]LogConfig: Setting CVar [[gc.UseDisregardForGCOnDedicatedServers:0]]
[2022.06.20-15.03.24:602][  0]LogConfig: Setting CVar [[gc.MultithreadedDestructionEnabled:1]]
[2022.06.20-15.03.24:602][  0]LogConfig: Applying CVar settings from Section [/Script/Engine.NetworkSettings] File [../../../ActionRoguelike/Saved/Config/WindowsNoEditor/Engine.ini]
[2022.06.20-15.03.24:629][  0]LogConfig: Applying CVar settings from Section [ViewDistanceQuality@3] File [../../../ActionRoguelike/Saved/Config/WindowsNoEditor/Scalability.ini]
[2022.06.20-15.03.24:629][  0]LogConfig: Setting CVar [[r.SkeletalMeshLODBias:0]]
[2022.06.20-15.03.24:629][  0]LogConfig: Setting CVar [[r.ViewDistanceScale:1.0]]
[2022.06.20-15.03.24:629][  0]LogConfig: Applying CVar settings from Section [AntiAliasingQuality@3] File [../../../ActionRoguelike/Saved/Config/WindowsNoEditor/Scalability.ini]
[2022.06.20-15.03.24:629][  0]LogConfig: Setting CVar [[r.PostProcessAAQuality:4]]
[2022.06.20-15.03.24:629][  0]LogConfig: Applying CVar settings from Section [ShadowQuality@3] File [../../../ActionRoguelike/Saved/Config/WindowsNoEditor/Scalability.ini]
[2022.06.20-15.03.24:629][  0]LogConfig: Setting CVar [[r.LightFunctionQuality:1]]
[2022.06.20-15.03.24:629][  0]LogConfig: Setting CVar [[r.ShadowQuality:5]]
[2022.06.20-15.03.24:629][  0]LogConfig: Setting CVar [[r.Shadow.CSM.MaxCascades:10]]
[2022.06.20-15.03.24:629][  0]LogConfig: Setting CVar [[r.Shadow.MaxResolution:2048]]
[2022.06.20-15.03.24:629][  0]LogConfig: Setting CVar [[r.Shadow.MaxCSMResolution:2048]]
[2022.06.20-15.03.24:629][  0]LogConfig: Setting CVar [[r.Shadow.RadiusThreshold:0.01]]
[2022.06.20-15.03.24:629][  0]LogConfig: Setting CVar [[r.Shadow.DistanceScale:1.0]]
[2022.06.20-15.03.24:630][  0]LogConfig: Setting CVar [[r.Shadow.CSM.TransitionScale:1.0]]
[2022.06.20-15.03.24:630][  0]LogConfig: Setting CVar [[r.Shadow.PreShadowResolutionFactor:1.0]]
[2022.06.20-15.03.24:630][  0]LogConfig: Setting CVar [[r.DistanceFieldShadowing:1]]
[2022.06.20-15.03.24:630][  0]LogConfig: Setting CVar [[r.DistanceFieldAO:1]]
[2022.06.20-15.03.24:630][  0]LogConfig: Setting CVar [[r.AOQuality:2]]
[2022.06.20-15.03.24:630][  0]LogConfig: Setting CVar [[r.VolumetricFog:1]]
[2022.06.20-15.03.24:630][  0]LogConfig: Setting CVar [[r.VolumetricFog.GridPixelSize:8]]
[2022.06.20-15.03.24:630][  0]LogConfig: Setting CVar [[r.VolumetricFog.GridSizeZ:128]]
[2022.06.20-15.03.24:630][  0]LogConfig: Setting CVar [[r.VolumetricFog.HistoryMissSupersampleCount:4]]
[2022.06.20-15.03.24:630][  0]LogConfig: Setting CVar [[r.LightMaxDrawDistanceScale:1]]
[2022.06.20-15.03.24:630][  0]LogConfig: Setting CVar [[r.CapsuleShadows:1]]
[2022.06.20-15.03.24:630][  0]LogConfig: Applying CVar settings from Section [PostProcessQuality@3] File [../../../ActionRoguelike/Saved/Config/WindowsNoEditor/Scalability.ini]
[2022.06.20-15.03.24:630][  0]LogConfig: Setting CVar [[r.MotionBlurQuality:4]]
[2022.06.20-15.03.24:630][  0]LogConfig: Setting CVar [[r.AmbientOcclusionMipLevelFactor:0.4]]
[2022.06.20-15.03.24:630][  0]LogConfig: Setting CVar [[r.AmbientOcclusionMaxQuality:100]]
[2022.06.20-15.03.24:630][  0]LogConfig: Setting CVar [[r.AmbientOcclusionLevels:-1]]
[2022.06.20-15.03.24:630][  0]LogConfig: Setting CVar [[r.AmbientOcclusionRadiusScale:1.0]]
[2022.06.20-15.03.24:630][  0]LogConfig: Setting CVar [[r.DepthOfFieldQuality:2]]
[2022.06.20-15.03.24:630][  0]LogConfig: Setting CVar [[r.RenderTargetPoolMin:400]]
[2022.06.20-15.03.24:630][  0]LogConfig: Setting CVar [[r.LensFlareQuality:2]]
[2022.06.20-15.03.24:630][  0]LogConfig: Setting CVar [[r.SceneColorFringeQuality:1]]
[2022.06.20-15.03.24:630][  0]LogConfig: Setting CVar [[r.EyeAdaptationQuality:2]]
[2022.06.20-15.03.24:630][  0]LogConfig: Setting CVar [[r.BloomQuality:5]]
[2022.06.20-15.03.24:630][  0]LogConfig: Setting CVar [[r.FastBlurThreshold:100]]
[2022.06.20-15.03.24:630][  0]LogConfig: Setting CVar [[r.Upscale.Quality:3]]
[2022.06.20-15.03.24:630][  0]LogConfig: Setting CVar [[r.Tonemapper.GrainQuantization:1]]
[2022.06.20-15.03.24:630][  0]LogConfig: Setting CVar [[r.LightShaftQuality:1]]
[2022.06.20-15.03.24:630][  0]LogConfig: Setting CVar [[r.Filter.SizeScale:1]]
[2022.06.20-15.03.24:630][  0]LogConfig: Setting CVar [[r.Tonemapper.Quality:5]]
[2022.06.20-15.03.24:630][  0]LogConfig: Setting CVar [[r.DOF.Gather.AccumulatorQuality:1        ; higher gathering accumulator quality]]
[2022.06.20-15.03.24:630][  0]LogConfig: Setting CVar [[r.DOF.Gather.PostfilterMethod:1          ; Median3x3 postfilering method]]
[2022.06.20-15.03.24:630][  0]LogConfig: Setting CVar [[r.DOF.Gather.EnableBokehSettings:0       ; no bokeh simulation when gathering]]
[2022.06.20-15.03.24:630][  0]LogConfig: Setting CVar [[r.DOF.Gather.RingCount:4                 ; medium number of samples when gathering]]
[2022.06.20-15.03.24:630][  0]LogConfig: Setting CVar [[r.DOF.Scatter.ForegroundCompositing:1    ; additive foreground scattering]]
[2022.06.20-15.03.24:630][  0]LogConfig: Setting CVar [[r.DOF.Scatter.BackgroundCompositing:2    ; additive background scattering]]
[2022.06.20-15.03.24:630][  0]LogConfig: Setting CVar [[r.DOF.Scatter.EnableBokehSettings:1      ; bokeh simulation when scattering]]
[2022.06.20-15.03.24:630][  0]LogConfig: Setting CVar [[r.DOF.Scatter.MaxSpriteRatio:0.1         ; only a maximum of 10% of scattered bokeh]]
[2022.06.20-15.03.24:630][  0]LogConfig: Setting CVar [[r.DOF.Recombine.Quality:1                ; cheap slight out of focus]]
[2022.06.20-15.03.24:630][  0]LogConfig: Setting CVar [[r.DOF.Recombine.EnableBokehSettings:0    ; no bokeh simulation on slight out of focus]]
[2022.06.20-15.03.24:630][  0]LogConfig: Setting CVar [[r.DOF.TemporalAAQuality:1                ; more stable temporal accumulation]]
[2022.06.20-15.03.24:630][  0]LogConfig: Setting CVar [[r.DOF.Kernel.MaxForegroundRadius:0.025]]
[2022.06.20-15.03.24:630][  0]LogConfig: Setting CVar [[r.DOF.Kernel.MaxBackgroundRadius:0.025]]
[2022.06.20-15.03.24:630][  0]LogConfig: Applying CVar settings from Section [TextureQuality@3] File [../../../ActionRoguelike/Saved/Config/WindowsNoEditor/Scalability.ini]
[2022.06.20-15.03.24:630][  0]LogConfig: Setting CVar [[r.Streaming.MipBias:0]]
[2022.06.20-15.03.24:630][  0]LogConfig: Setting CVar [[r.Streaming.AmortizeCPUToGPUCopy:0]]
[2022.06.20-15.03.24:630][  0]LogConfig: Setting CVar [[r.Streaming.MaxNumTexturesToStreamPerFrame:0]]
[2022.06.20-15.03.24:630][  0]LogConfig: Setting CVar [[r.Streaming.Boost:1]]
[2022.06.20-15.03.24:630][  0]LogConfig: Setting CVar [[r.MaxAnisotropy:8]]
[2022.06.20-15.03.24:630][  0]LogConfig: Setting CVar [[r.VT.MaxAnisotropy:8]]
[2022.06.20-15.03.24:630][  0]LogConfig: Setting CVar [[r.Streaming.LimitPoolSizeToVRAM:0]]
[2022.06.20-15.03.24:630][  0]LogConfig: Setting CVar [[r.Streaming.PoolSize:1000]]
[2022.06.20-15.03.24:630][  0]LogConfig: Setting CVar [[r.Streaming.MaxEffectiveScreenSize:0]]
[2022.06.20-15.03.24:630][  0]LogConfig: Applying CVar settings from Section [EffectsQuality@3] File [../../../ActionRoguelike/Saved/Config/WindowsNoEditor/Scalability.ini]
[2022.06.20-15.03.24:630][  0]LogConfig: Setting CVar [[r.TranslucencyLightingVolumeDim:64]]
[2022.06.20-15.03.24:630][  0]LogConfig: Setting CVar [[r.RefractionQuality:2]]
[2022.06.20-15.03.24:630][  0]LogConfig: Setting CVar [[r.SSR.Quality:3]]
[2022.06.20-15.03.24:630][  0]LogConfig: Setting CVar [[r.SSR.HalfResSceneColor:0]]
[2022.06.20-15.03.24:630][  0]LogConfig: Setting CVar [[r.SceneColorFormat:4]]
[2022.06.20-15.03.24:630][  0]LogConfig: Setting CVar [[r.DetailMode:2]]
[2022.06.20-15.03.24:630][  0]LogConfig: Setting CVar [[r.TranslucencyVolumeBlur:1]]
[2022.06.20-15.03.24:630][  0]LogConfig: Setting CVar [[r.MaterialQualityLevel:1 ; High quality]]
[2022.06.20-15.03.24:630][  0]LogConfig: Setting CVar [[r.AnisotropicMaterials:1]]
[2022.06.20-15.03.24:630][  0]LogConfig: Setting CVar [[r.SSS.Scale:1]]
[2022.06.20-15.03.24:630][  0]LogConfig: Setting CVar [[r.SSS.SampleSet:2]]
[2022.06.20-15.03.24:630][  0]LogConfig: Setting CVar [[r.SSS.Quality:1]]
[2022.06.20-15.03.24:630][  0]LogConfig: Setting CVar [[r.SSS.HalfRes:0]]
[2022.06.20-15.03.24:630][  0]LogConfig: Setting CVar [[r.SSGI.Quality:3]]
[2022.06.20-15.03.24:630][  0]LogConfig: Setting CVar [[r.EmitterSpawnRateScale:1.0]]
[2022.06.20-15.03.24:630][  0]LogConfig: Setting CVar [[r.ParticleLightQuality:2]]
[2022.06.20-15.03.24:630][  0]LogConfig: Setting CVar [[r.SkyAtmosphere.AerialPerspectiveLUT.FastApplyOnOpaque:1 ; Always have FastSkyLUT 1 in this case to avoid wrong sky]]
[2022.06.20-15.03.24:630][  0]LogConfig: Setting CVar [[r.SkyAtmosphere.AerialPerspectiveLUT.SampleCountMaxPerSlice:4]]
[2022.06.20-15.03.24:630][  0]LogConfig: Setting CVar [[r.SkyAtmosphere.AerialPerspectiveLUT.DepthResolution:16.0]]
[2022.06.20-15.03.24:630][  0]LogConfig: Setting CVar [[r.SkyAtmosphere.FastSkyLUT:1]]
[2022.06.20-15.03.24:630][  0]LogConfig: Setting CVar [[r.SkyAtmosphere.FastSkyLUT.SampleCountMin:4.0]]
[2022.06.20-15.03.24:630][  0]LogConfig: Setting CVar [[r.SkyAtmosphere.FastSkyLUT.SampleCountMax:128.0]]
[2022.06.20-15.03.24:630][  0]LogConfig: Setting CVar [[r.SkyAtmosphere.SampleCountMin:4.0]]
[2022.06.20-15.03.24:630][  0]LogConfig: Setting CVar [[r.SkyAtmosphere.SampleCountMax:128.0]]
[2022.06.20-15.03.24:630][  0]LogConfig: Setting CVar [[r.SkyAtmosphere.TransmittanceLUT.UseSmallFormat:0]]
[2022.06.20-15.03.24:630][  0]LogConfig: Setting CVar [[r.SkyAtmosphere.TransmittanceLUT.SampleCount:10.0]]
[2022.06.20-15.03.24:630][  0]LogConfig: Setting CVar [[r.SkyAtmosphere.MultiScatteringLUT.SampleCount:15.0]]
[2022.06.20-15.03.24:630][  0]LogConfig: Setting CVar [[r.SkyLight.RealTimeReflectionCapture:1]]
[2022.06.20-15.03.24:630][  0]LogConfig: Setting CVar [[fx.Niagara.QualityLevel:3]]
[2022.06.20-15.03.24:630][  0]LogConfig: Applying CVar settings from Section [FoliageQuality@3] File [../../../ActionRoguelike/Saved/Config/WindowsNoEditor/Scalability.ini]
[2022.06.20-15.03.24:630][  0]LogConfig: Setting CVar [[foliage.DensityScale:1.0]]
[2022.06.20-15.03.24:630][  0]LogConfig: Setting CVar [[grass.DensityScale:1.0]]
[2022.06.20-15.03.24:630][  0]LogConfig: Applying CVar settings from Section [ShadingQuality@3] File [../../../ActionRoguelike/Saved/Config/WindowsNoEditor/Scalability.ini]
[2022.06.20-15.03.24:630][  0]LogConfig: Setting CVar [[r.HairStrands.SkyLighting.IntegrationType:2]]
[2022.06.20-15.03.24:630][  0]LogConfig: Setting CVar [[r.HairStrands.SkyAO.SampleCount:4]]
[2022.06.20-15.03.24:630][  0]LogConfig: Setting CVar [[r.HairStrands.Visibility.MSAA.SamplePerPixel:4]]
[2022.06.20-15.03.24:630][  0]LogInit: Selected Device Profile: [WindowsNoEditor]
[2022.06.20-15.03.24:630][  0]LogInit: Applying CVar settings loaded from the selected device profile: [WindowsNoEditor]
[2022.06.20-15.03.24:630][  0]LogHAL: Display: Platform has ~ 32 GB [34287190016 / 34359738368 / 32], which maps to Largest [LargestMinGB=32, LargerMinGB=12, DefaultMinGB=8, SmallerMinGB=6, SmallestMinGB=0)
[2022.06.20-15.03.24:630][  0]LogInit: Going up to parent DeviceProfile [Windows]
[2022.06.20-15.03.24:630][  0]LogInit: Going up to parent DeviceProfile []
[2022.06.20-15.03.24:630][  0]LogConfig: Applying CVar settings from Section [ViewDistanceQuality@3] File [../../../ActionRoguelike/Saved/Config/WindowsNoEditor/Scalability.ini]
[2022.06.20-15.03.24:630][  0]LogConfig: Setting CVar [[r.SkeletalMeshLODBias:0]]
[2022.06.20-15.03.24:630][  0]LogConfig: Setting CVar [[r.ViewDistanceScale:1.0]]
[2022.06.20-15.03.24:630][  0]LogConfig: Applying CVar settings from Section [AntiAliasingQuality@3] File [../../../ActionRoguelike/Saved/Config/WindowsNoEditor/Scalability.ini]
[2022.06.20-15.03.24:630][  0]LogConfig: Setting CVar [[r.PostProcessAAQuality:4]]
[2022.06.20-15.03.24:630][  0]LogConfig: Applying CVar settings from Section [ShadowQuality@3] File [../../../ActionRoguelike/Saved/Config/WindowsNoEditor/Scalability.ini]
[2022.06.20-15.03.24:630][  0]LogConfig: Setting CVar [[r.LightFunctionQuality:1]]
[2022.06.20-15.03.24:630][  0]LogConfig: Setting CVar [[r.ShadowQuality:5]]
[2022.06.20-15.03.24:630][  0]LogConfig: Setting CVar [[r.Shadow.CSM.MaxCascades:10]]
[2022.06.20-15.03.24:630][  0]LogConfig: Setting CVar [[r.Shadow.MaxResolution:2048]]
[2022.06.20-15.03.24:630][  0]LogConfig: Setting CVar [[r.Shadow.MaxCSMResolution:2048]]
[2022.06.20-15.03.24:630][  0]LogConfig: Setting CVar [[r.Shadow.RadiusThreshold:0.01]]
[2022.06.20-15.03.24:630][  0]LogConfig: Setting CVar [[r.Shadow.DistanceScale:1.0]]
[2022.06.20-15.03.24:630][  0]LogConfig: Setting CVar [[r.Shadow.CSM.TransitionScale:1.0]]
[2022.06.20-15.03.24:630][  0]LogConfig: Setting CVar [[r.Shadow.PreShadowResolutionFactor:1.0]]
[2022.06.20-15.03.24:631][  0]LogConfig: Setting CVar [[r.DistanceFieldShadowing:1]]
[2022.06.20-15.03.24:631][  0]LogConfig: Setting CVar [[r.DistanceFieldAO:1]]
[2022.06.20-15.03.24:631][  0]LogConfig: Setting CVar [[r.AOQuality:2]]
[2022.06.20-15.03.24:631][  0]LogConfig: Setting CVar [[r.VolumetricFog:1]]
[2022.06.20-15.03.24:631][  0]LogConfig: Setting CVar [[r.VolumetricFog.GridPixelSize:8]]
[2022.06.20-15.03.24:631][  0]LogConfig: Setting CVar [[r.VolumetricFog.GridSizeZ:128]]
[2022.06.20-15.03.24:631][  0]LogConfig: Setting CVar [[r.VolumetricFog.HistoryMissSupersampleCount:4]]
[2022.06.20-15.03.24:631][  0]LogConfig: Setting CVar [[r.LightMaxDrawDistanceScale:1]]
[2022.06.20-15.03.24:631][  0]LogConfig: Setting CVar [[r.CapsuleShadows:1]]
[2022.06.20-15.03.24:631][  0]LogConfig: Applying CVar settings from Section [PostProcessQuality@3] File [../../../ActionRoguelike/Saved/Config/WindowsNoEditor/Scalability.ini]
[2022.06.20-15.03.24:631][  0]LogConfig: Setting CVar [[r.MotionBlurQuality:4]]
[2022.06.20-15.03.24:631][  0]LogConfig: Setting CVar [[r.AmbientOcclusionMipLevelFactor:0.4]]
[2022.06.20-15.03.24:631][  0]LogConfig: Setting CVar [[r.AmbientOcclusionMaxQuality:100]]
[2022.06.20-15.03.24:631][  0]LogConfig: Setting CVar [[r.AmbientOcclusionLevels:-1]]
[2022.06.20-15.03.24:631][  0]LogConfig: Setting CVar [[r.AmbientOcclusionRadiusScale:1.0]]
[2022.06.20-15.03.24:631][  0]LogConfig: Setting CVar [[r.DepthOfFieldQuality:2]]
[2022.06.20-15.03.24:631][  0]LogConfig: Setting CVar [[r.RenderTargetPoolMin:400]]
[2022.06.20-15.03.24:631][  0]LogConfig: Setting CVar [[r.LensFlareQuality:2]]
[2022.06.20-15.03.24:631][  0]LogConfig: Setting CVar [[r.SceneColorFringeQuality:1]]
[2022.06.20-15.03.24:631][  0]LogConfig: Setting CVar [[r.EyeAdaptationQuality:2]]
[2022.06.20-15.03.24:631][  0]LogConfig: Setting CVar [[r.BloomQuality:5]]
[2022.06.20-15.03.24:631][  0]LogConfig: Setting CVar [[r.FastBlurThreshold:100]]
[2022.06.20-15.03.24:631][  0]LogConfig: Setting CVar [[r.Upscale.Quality:3]]
[2022.06.20-15.03.24:631][  0]LogConfig: Setting CVar [[r.Tonemapper.GrainQuantization:1]]
[2022.06.20-15.03.24:631][  0]LogConfig: Setting CVar [[r.LightShaftQuality:1]]
[2022.06.20-15.03.24:631][  0]LogConfig: Setting CVar [[r.Filter.SizeScale:1]]
[2022.06.20-15.03.24:631][  0]LogConfig: Setting CVar [[r.Tonemapper.Quality:5]]
[2022.06.20-15.03.24:631][  0]LogConfig: Setting CVar [[r.DOF.Gather.AccumulatorQuality:1        ; higher gathering accumulator quality]]
[2022.06.20-15.03.24:631][  0]LogConfig: Setting CVar [[r.DOF.Gather.PostfilterMethod:1          ; Median3x3 postfilering method]]
[2022.06.20-15.03.24:631][  0]LogConfig: Setting CVar [[r.DOF.Gather.EnableBokehSettings:0       ; no bokeh simulation when gathering]]
[2022.06.20-15.03.24:631][  0]LogConfig: Setting CVar [[r.DOF.Gather.RingCount:4                 ; medium number of samples when gathering]]
[2022.06.20-15.03.24:631][  0]LogConfig: Setting CVar [[r.DOF.Scatter.ForegroundCompositing:1    ; additive foreground scattering]]
[2022.06.20-15.03.24:631][  0]LogConfig: Setting CVar [[r.DOF.Scatter.BackgroundCompositing:2    ; additive background scattering]]
[2022.06.20-15.03.24:631][  0]LogConfig: Setting CVar [[r.DOF.Scatter.EnableBokehSettings:1      ; bokeh simulation when scattering]]
[2022.06.20-15.03.24:631][  0]LogConfig: Setting CVar [[r.DOF.Scatter.MaxSpriteRatio:0.1         ; only a maximum of 10% of scattered bokeh]]
[2022.06.20-15.03.24:631][  0]LogConfig: Setting CVar [[r.DOF.Recombine.Quality:1                ; cheap slight out of focus]]
[2022.06.20-15.03.24:631][  0]LogConfig: Setting CVar [[r.DOF.Recombine.EnableBokehSettings:0    ; no bokeh simulation on slight out of focus]]
[2022.06.20-15.03.24:631][  0]LogConfig: Setting CVar [[r.DOF.TemporalAAQuality:1                ; more stable temporal accumulation]]
[2022.06.20-15.03.24:631][  0]LogConfig: Setting CVar [[r.DOF.Kernel.MaxForegroundRadius:0.025]]
[2022.06.20-15.03.24:631][  0]LogConfig: Setting CVar [[r.DOF.Kernel.MaxBackgroundRadius:0.025]]
[2022.06.20-15.03.24:631][  0]LogConfig: Applying CVar settings from Section [TextureQuality@3] File [../../../ActionRoguelike/Saved/Config/WindowsNoEditor/Scalability.ini]
[2022.06.20-15.03.24:631][  0]LogConfig: Setting CVar [[r.Streaming.MipBias:0]]
[2022.06.20-15.03.24:631][  0]LogConfig: Setting CVar [[r.Streaming.AmortizeCPUToGPUCopy:0]]
[2022.06.20-15.03.24:631][  0]LogConfig: Setting CVar [[r.Streaming.MaxNumTexturesToStreamPerFrame:0]]
[2022.06.20-15.03.24:631][  0]LogConfig: Setting CVar [[r.Streaming.Boost:1]]
[2022.06.20-15.03.24:631][  0]LogConfig: Setting CVar [[r.MaxAnisotropy:8]]
[2022.06.20-15.03.24:631][  0]LogConfig: Setting CVar [[r.VT.MaxAnisotropy:8]]
[2022.06.20-15.03.24:631][  0]LogConfig: Setting CVar [[r.Streaming.LimitPoolSizeToVRAM:0]]
[2022.06.20-15.03.24:631][  0]LogConfig: Setting CVar [[r.Streaming.PoolSize:1000]]
[2022.06.20-15.03.24:631][  0]LogConfig: Setting CVar [[r.Streaming.MaxEffectiveScreenSize:0]]
[2022.06.20-15.03.24:631][  0]LogConfig: Applying CVar settings from Section [EffectsQuality@3] File [../../../ActionRoguelike/Saved/Config/WindowsNoEditor/Scalability.ini]
[2022.06.20-15.03.24:631][  0]LogConfig: Setting CVar [[r.TranslucencyLightingVolumeDim:64]]
[2022.06.20-15.03.24:631][  0]LogConfig: Setting CVar [[r.RefractionQuality:2]]
[2022.06.20-15.03.24:631][  0]LogConfig: Setting CVar [[r.SSR.Quality:3]]
[2022.06.20-15.03.24:631][  0]LogConfig: Setting CVar [[r.SSR.HalfResSceneColor:0]]
[2022.06.20-15.03.24:631][  0]LogConfig: Setting CVar [[r.SceneColorFormat:4]]
[2022.06.20-15.03.24:631][  0]LogConfig: Setting CVar [[r.DetailMode:2]]
[2022.06.20-15.03.24:631][  0]LogConfig: Setting CVar [[r.TranslucencyVolumeBlur:1]]
[2022.06.20-15.03.24:631][  0]LogConfig: Setting CVar [[r.MaterialQualityLevel:1 ; High quality]]
[2022.06.20-15.03.24:631][  0]LogConfig: Setting CVar [[r.AnisotropicMaterials:1]]
[2022.06.20-15.03.24:631][  0]LogConfig: Setting CVar [[r.SSS.Scale:1]]
[2022.06.20-15.03.24:631][  0]LogConfig: Setting CVar [[r.SSS.SampleSet:2]]
[2022.06.20-15.03.24:631][  0]LogConfig: Setting CVar [[r.SSS.Quality:1]]
[2022.06.20-15.03.24:631][  0]LogConfig: Setting CVar [[r.SSS.HalfRes:0]]
[2022.06.20-15.03.24:631][  0]LogConfig: Setting CVar [[r.SSGI.Quality:3]]
[2022.06.20-15.03.24:631][  0]LogConfig: Setting CVar [[r.EmitterSpawnRateScale:1.0]]
[2022.06.20-15.03.24:631][  0]LogConfig: Setting CVar [[r.ParticleLightQuality:2]]
[2022.06.20-15.03.24:631][  0]LogConfig: Setting CVar [[r.SkyAtmosphere.AerialPerspectiveLUT.FastApplyOnOpaque:1 ; Always have FastSkyLUT 1 in this case to avoid wrong sky]]
[2022.06.20-15.03.24:631][  0]LogConfig: Setting CVar [[r.SkyAtmosphere.AerialPerspectiveLUT.SampleCountMaxPerSlice:4]]
[2022.06.20-15.03.24:631][  0]LogConfig: Setting CVar [[r.SkyAtmosphere.AerialPerspectiveLUT.DepthResolution:16.0]]
[2022.06.20-15.03.24:631][  0]LogConfig: Setting CVar [[r.SkyAtmosphere.FastSkyLUT:1]]
[2022.06.20-15.03.24:631][  0]LogConfig: Setting CVar [[r.SkyAtmosphere.FastSkyLUT.SampleCountMin:4.0]]
[2022.06.20-15.03.24:631][  0]LogConfig: Setting CVar [[r.SkyAtmosphere.FastSkyLUT.SampleCountMax:128.0]]
[2022.06.20-15.03.24:631][  0]LogConfig: Setting CVar [[r.SkyAtmosphere.SampleCountMin:4.0]]
[2022.06.20-15.03.24:631][  0]LogConfig: Setting CVar [[r.SkyAtmosphere.SampleCountMax:128.0]]
[2022.06.20-15.03.24:631][  0]LogConfig: Setting CVar [[r.SkyAtmosphere.TransmittanceLUT.UseSmallFormat:0]]
[2022.06.20-15.03.24:631][  0]LogConfig: Setting CVar [[r.SkyAtmosphere.TransmittanceLUT.SampleCount:10.0]]
[2022.06.20-15.03.24:631][  0]LogConfig: Setting CVar [[r.SkyAtmosphere.MultiScatteringLUT.SampleCount:15.0]]
[2022.06.20-15.03.24:631][  0]LogConfig: Setting CVar [[r.SkyLight.RealTimeReflectionCapture:1]]
[2022.06.20-15.03.24:631][  0]LogConfig: Setting CVar [[fx.Niagara.QualityLevel:3]]
[2022.06.20-15.03.24:631][  0]LogConfig: Applying CVar settings from Section [FoliageQuality@3] File [../../../ActionRoguelike/Saved/Config/WindowsNoEditor/Scalability.ini]
[2022.06.20-15.03.24:631][  0]LogConfig: Setting CVar [[foliage.DensityScale:1.0]]
[2022.06.20-15.03.24:631][  0]LogConfig: Setting CVar [[grass.DensityScale:1.0]]
[2022.06.20-15.03.24:631][  0]LogConfig: Applying CVar settings from Section [ShadingQuality@3] File [../../../ActionRoguelike/Saved/Config/WindowsNoEditor/Scalability.ini]
[2022.06.20-15.03.24:631][  0]LogConfig: Setting CVar [[r.HairStrands.SkyLighting.IntegrationType:2]]
[2022.06.20-15.03.24:631][  0]LogConfig: Setting CVar [[r.HairStrands.SkyAO.SampleCount:4]]
[2022.06.20-15.03.24:631][  0]LogConfig: Setting CVar [[r.HairStrands.Visibility.MSAA.SamplePerPixel:4]]
[2022.06.20-15.03.24:631][  0]LogConfig: Applying CVar settings from Section [Startup] File [../../../Engine/Config/ConsoleVariables.ini]
[2022.06.20-15.03.24:631][  0]LogConfig: Setting CVar [[net.UseAdaptiveNetUpdateFrequency:0]]
[2022.06.20-15.03.24:631][  0]LogConfig: Setting CVar [[p.chaos.AllowCreatePhysxBodies:1]]
[2022.06.20-15.03.24:631][  0]LogConfig: Setting CVar [[fx.SkipVectorVMBackendOptimizations:1]]
[2022.06.20-15.03.24:631][  0]LogConfig: Applying CVar settings from Section [ConsoleVariables] File [../../../ActionRoguelike/Saved/Config/WindowsNoEditor/Engine.ini]
[2022.06.20-15.03.24:631][  0]LogInit: Computer: DESKTOP-TQMRRMC
[2022.06.20-15.03.24:631][  0]LogInit: User: tylerfedoris
[2022.06.20-15.03.24:631][  0]LogInit: CPU Page size=4096, Cores=8
[2022.06.20-15.03.24:631][  0]LogInit: High frequency timer resolution =10.000000 MHz
[2022.06.20-15.03.24:631][  0]LogMemory: Memory total: Physical=31.9GB (32GB approx)
[2022.06.20-15.03.24:631][  0]LogMemory: Platform Memory Stats for WindowsNoEditor
[2022.06.20-15.03.24:631][  0]LogMemory: Process Physical Memory: 117.79 MB used, 117.79 MB peak
[2022.06.20-15.03.24:631][  0]LogMemory: Process Virtual Memory: 82.73 MB used, 82.73 MB peak
[2022.06.20-15.03.24:631][  0]LogMemory: Physical Memory: 14576.77 MB used,  18122.04 MB free, 32698.81 MB total
[2022.06.20-15.03.24:631][  0]LogMemory: Virtual Memory: 134198216.00 MB used,  19508.79 MB free, 134217728.00 MB total
[2022.06.20-15.03.24:633][  0]LogWindows: WindowsPlatformFeatures enabled
[2022.06.20-15.03.24:656][  0]LogInit: Physics initialised using underlying interface: PhysX
[2022.06.20-15.03.24:656][  0]LogInit: Using OS detected language (en-US).
[2022.06.20-15.03.24:656][  0]LogInit: Using OS detected locale (en-US).
[2022.06.20-15.03.24:656][  0]LogTextLocalizationManager: No specific localization for 'en-US' exists, so the 'en' localization will be used.
[2022.06.20-15.03.24:675][  0]LogWindowsTextInputMethodSystem: Display: IME system deactivated.
[2022.06.20-15.03.24:700][  0]LogSlate: New Slate User Created.  User Index 0, Is Virtual User: 0
[2022.06.20-15.03.24:700][  0]LogSlate: Slate User Registered.  User Index 0, Is Virtual User: 0
[2022.06.20-15.03.24:730][  0]LogD3D11RHI: Loaded GFSDK_Aftermath_Lib.x64.dll
[2022.06.20-15.03.24:731][  0]LogD3D11RHI: D3D11 min allowed feature level: 11_0
[2022.06.20-15.03.24:731][  0]LogD3D11RHI: D3D11 max allowed feature level: 11_0
[2022.06.20-15.03.24:731][  0]LogD3D11RHI: D3D11 adapters:
[2022.06.20-15.03.24:807][  0]LogD3D11RHI:    0. 'NVIDIA GeForce RTX 3080 Ti' (Feature Level 11_0)
[2022.06.20-15.03.24:807][  0]LogD3D11RHI:       12108/0/16349 MB DedicatedVideo/DedicatedSystem/SharedSystem, Outputs:2, VendorId:0x10de
[2022.06.20-15.03.24:808][  0]LogD3D11RHI:    1. 'Microsoft Basic Render Driver' (Feature Level 11_0)
[2022.06.20-15.03.24:808][  0]LogD3D11RHI:       0/0/16349 MB DedicatedVideo/DedicatedSystem/SharedSystem, Outputs:0, VendorId:0x1414
[2022.06.20-15.03.24:808][  0]LogD3D11RHI: Chosen D3D11 Adapter:
[2022.06.20-15.03.24:808][  0]LogD3D11RHI:     Description : NVIDIA GeForce RTX 3080 Ti
[2022.06.20-15.03.24:808][  0]LogD3D11RHI:     VendorId    : 10de
[2022.06.20-15.03.24:808][  0]LogD3D11RHI:     DeviceId    : 2208
[2022.06.20-15.03.24:808][  0]LogD3D11RHI:     SubSysId    : 39673842
[2022.06.20-15.03.24:808][  0]LogD3D11RHI:     Revision    : 00a1
[2022.06.20-15.03.24:808][  0]LogD3D11RHI:     DedicatedVideoMemory : 12696158208 bytes
[2022.06.20-15.03.24:808][  0]LogD3D11RHI:     DedicatedSystemMemory : 0 bytes
[2022.06.20-15.03.24:808][  0]LogD3D11RHI:     SharedSystemMemory : 17143595008 bytes
[2022.06.20-15.03.24:808][  0]LogD3D11RHI:     AdapterLuid : 0 66852
[2022.06.20-15.03.24:813][  0]LogD3D11RHI: Creating new Direct3DDevice
[2022.06.20-15.03.24:813][  0]LogD3D11RHI:     GPU DeviceId: 0x2208 (for the marketing name, search the web for "GPU Device Id")
[2022.06.20-15.03.24:813][  0]LogWindows: EnumDisplayDevices:
[2022.06.20-15.03.24:814][  0]LogWindows:    0. 'NVIDIA GeForce RTX 3080 Ti' (P:1 D:1)
[2022.06.20-15.03.24:814][  0]LogWindows:    1. 'NVIDIA GeForce RTX 3080 Ti' (P:0 D:1)
[2022.06.20-15.03.24:814][  0]LogWindows:    2. 'NVIDIA GeForce RTX 3080 Ti' (P:0 D:0)
[2022.06.20-15.03.24:814][  0]LogWindows:    3. 'NVIDIA GeForce RTX 3080 Ti' (P:0 D:0)
[2022.06.20-15.03.24:814][  0]LogWindows: DebugString: FoundDriverCount:4 
[2022.06.20-15.03.24:814][  0]LogD3D11RHI:     Adapter Name: NVIDIA GeForce RTX 3080 Ti
[2022.06.20-15.03.24:814][  0]LogD3D11RHI:   Driver Version: 516.40 (internal:31.0.15.1640, unified:516.40)
[2022.06.20-15.03.24:814][  0]LogD3D11RHI:      Driver Date: 6-6-2022
[2022.06.20-15.03.24:814][  0]LogRHI: Texture pool is 8475 MB (70% of 12108 MB)
[2022.06.20-15.03.24:814][  0]LogD3D11RHI: Creating D3DDevice using adapter:
[2022.06.20-15.03.24:814][  0]LogD3D11RHI:     Description : NVIDIA GeForce RTX 3080 Ti
[2022.06.20-15.03.24:814][  0]LogD3D11RHI:     VendorId    : 10de
[2022.06.20-15.03.24:814][  0]LogD3D11RHI:     DeviceId    : 2208
[2022.06.20-15.03.24:814][  0]LogD3D11RHI:     SubSysId    : 39673842
[2022.06.20-15.03.24:814][  0]LogD3D11RHI:     Revision    : 00a1
[2022.06.20-15.03.24:814][  0]LogD3D11RHI:     DedicatedVideoMemory : 12696158208 bytes
[2022.06.20-15.03.24:814][  0]LogD3D11RHI:     DedicatedSystemMemory : 0 bytes
[2022.06.20-15.03.24:814][  0]LogD3D11RHI:     SharedSystemMemory : 17143595008 bytes
[2022.06.20-15.03.24:814][  0]LogD3D11RHI:     AdapterLuid : 0 66852
[2022.06.20-15.03.24:864][  0]LogD3D11RHI: RHI has support for 64 bit atomics
[2022.06.20-15.03.24:864][  0]LogD3D11RHI: Async texture creation enabled
[2022.06.20-15.03.24:864][  0]LogD3D11RHI: Array index from any shader is supported
[2022.06.20-15.03.24:878][  0]LogD3D11RHI: GPU Timing Frequency: 1000.000000 (Debug: 2 1)
[2022.06.20-15.03.24:909][  0]LogRHI: GeForceNow SDK initialized: 1
[2022.06.20-15.03.24:909][  0]LogRendererCore: Ray tracing is disabled. Reason: r.RayTracing=0.
[2022.06.20-15.03.24:911][  0]LogShaderLibrary: Display: Using ../../../ActionRoguelike/Content/ShaderArchive-Global-PCD3D_SM5.ushaderbytecode for material shader code. Total 1951 unique shaders.
[2022.06.20-15.03.24:912][  0]LogShaderLibrary: Display: Cooked Context: Using Shared Shader Library Global
[2022.06.20-15.03.24:912][  0]LogShaderLibrary: Display: Logical shader library 'Global' has been created, components 1
[2022.06.20-15.03.24:912][  0]LogTemp: Warning: Clearing the OS Cache
[2022.06.20-15.03.24:912][  0]LogODSC: ODSC Thread active.
[2022.06.20-15.03.24:913][  0]LogPakFile: New pak file ../../../ActionRoguelike/Content/Paks/ActionRoguelike-WindowsNoEditor.pak added to pak precacher.
[2022.06.20-15.03.24:928][  0]LogSlate: Using FreeType 2.10.0
[2022.06.20-15.03.24:929][  0]LogSlate: SlateFontServices - WITH_FREETYPE: 1, WITH_HARFBUZZ: 1
[2022.06.20-15.03.24:956][  0]LogShaderLibrary: Display: Using ../../../ActionRoguelike/Content/ShaderArchive-ActionRoguelike-PCD3D_SM5.ushaderbytecode for material shader code. Total 2590 unique shaders.
[2022.06.20-15.03.24:956][  0]LogShaderLibrary: Display: Cooked Context: Using Shared Shader Library ActionRoguelike
[2022.06.20-15.03.24:956][  0]LogShaderLibrary: Display: Logical shader library 'ActionRoguelike' has been created, components 1
[2022.06.20-15.03.24:956][  0]LogRHI: Display: Opened pipeline cache after state change and enqueued 0 of 0 tasks for precompile.
[2022.06.20-15.03.24:956][  0]LogShaderLibrary: Display: Using ../../../ActionRoguelike/Content/ShaderArchive-ActionRoguelike-PCD3D_SM5.ushaderbytecode for material shader code. Total 2590 unique shaders.
[2022.06.20-15.03.24:956][  0]LogShaderLibrary: Display: Cooked Context: Using Shared Shader Library ActionRoguelike
[2022.06.20-15.03.24:956][  0]LogRHI: Display: Opened pipeline cache after state change and enqueued 0 of 0 tasks for precompile.
[2022.06.20-15.03.24:956][  0]LogRHI: Display: Failed to open default shader pipeline cache for ActionRoguelike using shader platform 0.
[2022.06.20-15.03.24:956][  0]LogRHI: Display: Failed to open default shader pipeline cache for ActionRoguelike using shader platform 0.
[2022.06.20-15.03.24:956][  0]LogInit: Using OS detected language (en-US).
[2022.06.20-15.03.24:956][  0]LogInit: Using OS detected locale (en-US).
[2022.06.20-15.03.24:956][  0]LogTextLocalizationManager: No localization for 'en-US' exists, so 'en' will be used for the language.
[2022.06.20-15.03.24:956][  0]LogTextLocalizationManager: No localization for 'en-US' exists, so 'en' will be used for the locale.
[2022.06.20-15.03.24:956][  0]LogSlate: FontCache flush requested. Reason: Culture for localization was changed
[2022.06.20-15.03.24:956][  0]LogSlate: FontCache flush requested. Reason: Culture for localization was changed
[2022.06.20-15.03.24:957][  0]LogTextLocalizationManager: Compacting localization data took   0.50ms
[2022.06.20-15.03.24:957][  0]LogAssetRegistry: FAssetRegistry took 0.0005 seconds to start up
[2022.06.20-15.03.25:006][  0]LogStreaming: Display: FlushAsyncLoading: 1 QueuedPackages, 0 AsyncPackages
[2022.06.20-15.03.25:006][  0]LogPackageLocalizationCache: Processed 20 localized package path(s) for 1 prioritized culture(s) in 0.000033 seconds
[2022.06.20-15.03.25:011][  0]LogSerialization: Display: AllowBulkDataInIoStore: 'true'
[2022.06.20-15.03.25:011][  0]LogInit: Selected Device Profile: [WindowsNoEditor]
[2022.06.20-15.03.25:012][  0]LogInit: Active device profile: [000001A3C6CCD540][000001A3B8140010 49] WindowsNoEditor
[2022.06.20-15.03.25:012][  0]LogInit: Profiles: [000001A3C6CCD840][000001A3C4094930 49] Windows, [000001A3C6CCD540][000001A3B8140010 49] WindowsNoEditor, 
[2022.06.20-15.03.25:043][  0]LogNetVersion: ActionRoguelike 1.0.0, NetCL: 17155196, EngineNetVer: 17, GameNetVer: 0 (Checksum: 1099936942)
[2022.06.20-15.03.25:071][  0]LogAudioCaptureCore: Display: No Audio Capture implementations found. Audio input will be silent.
[2022.06.20-15.03.25:071][  0]LogAudioCaptureCore: Display: No Audio Capture implementations found. Audio input will be silent.
[2022.06.20-15.03.25:072][  0]LogActor: Warning: SetReplicates called on non-initialized actor Default__SProjectile. Directly setting bReplicates is the correct procedure for pre-init actors.
[2022.06.20-15.03.25:072][  0]LogActor: Warning: SetReplicates called on non-initialized actor Default__SBlackHoleProjectile. Directly setting bReplicates is the correct procedure for pre-init actors.
[2022.06.20-15.03.25:072][  0]LogActor: Warning: SetReplicates called on non-initialized actor Default__SPickUpBase. Directly setting bReplicates is the correct procedure for pre-init actors.
[2022.06.20-15.03.25:072][  0]LogActor: Warning: SetReplicates called on non-initialized actor Default__SCoin. Directly setting bReplicates is the correct procedure for pre-init actors.
[2022.06.20-15.03.25:072][  0]LogActor: Warning: SetReplicates called on non-initialized actor Default__SHealthPotion. Directly setting bReplicates is the correct procedure for pre-init actors.
[2022.06.20-15.03.25:072][  0]LogActor: Warning: SetReplicates called on non-initialized actor Default__SItemChest. Directly setting bReplicates is the correct procedure for pre-init actors.
[2022.06.20-15.03.25:073][  0]LogActor: Warning: SetReplicates called on non-initialized actor Default__SParryableProjectile. Directly setting bReplicates is the correct procedure for pre-init actors.
[2022.06.20-15.03.25:073][  0]LogActor: Warning: SetReplicates called on non-initialized actor Default__SMagicProjectile. Directly setting bReplicates is the correct procedure for pre-init actors.
[2022.06.20-15.03.25:073][  0]LogActor: Warning: SetReplicates called on non-initialized actor Default__SPickUpAction. Directly setting bReplicates is the correct procedure for pre-init actors.
[2022.06.20-15.03.25:073][  0]LogActor: Warning: SetReplicates called on non-initialized actor Default__STeleportProjectile. Directly setting bReplicates is the correct procedure for pre-init actors.
[2022.06.20-15.03.25:086][  0]LogMoviePlayer: Initializing movie player
[2022.06.20-15.03.25:086][  0]LogNiagaraDebuggerClient: Niagara Debugger Client Initialized | Session: 7602AC8A45F6E2517154EFADBF47A4B1 | Instance: 550446094BA256E9224A76949086BD44 (DESKTOP-TQMRRMC-2284).
[2022.06.20-15.03.25:087][  0]LogAndroidPermission: UAndroidPermissionCallbackProxy::GetInstance
[2022.06.20-15.03.25:090][  0]LogUObjectArray: 15622 objects as part of root set at end of initial load.
[2022.06.20-15.03.25:090][  0]LogUObjectArray: 2 objects are not in the root set, but can never be destroyed because they are in the DisregardForGC set.
[2022.06.20-15.03.25:090][  0]LogUObjectAllocator: 3238424 out of 0 bytes used by permanent object pool.
[2022.06.20-15.03.25:090][  0]LogUObjectArray: CloseDisregardForGC: 15622/15622 objects in disregard for GC pool
[2022.06.20-15.03.25:092][  0]LogEngine: Initializing Engine...
[2022.06.20-15.03.25:092][  0]LogStats: UGameplayTagsManager::InitializeManager -  0.000 s
[2022.06.20-15.03.25:127][  0]LogInit: Initializing FReadOnlyCVARCache
[2022.06.20-15.03.25:127][  0]LogAudio: Display: Initializing Audio Device Manager...
[2022.06.20-15.03.25:127][  0]LogAudio: Display: Loading Default Audio Settings Objects...
[2022.06.20-15.03.25:128][  0]LogAudio: Display: No default SoundConcurrencyObject specified (or failed to load).
[2022.06.20-15.03.25:128][  0]LogAudio: Display: Audio Device Manager Initialized
[2022.06.20-15.03.25:128][  0]LogAudio: Display: Creating Audio Device:                 Id: 1, Scope: Shared, Realtime: True
[2022.06.20-15.03.25:128][  0]LogAudioMixer: Display: Audio Mixer Platform Settings:
[2022.06.20-15.03.25:128][  0]LogAudioMixer: Display: 	Sample Rate:						  48000
[2022.06.20-15.03.25:128][  0]LogAudioMixer: Display: 	Callback Buffer Frame Size Requested: 1024
[2022.06.20-15.03.25:128][  0]LogAudioMixer: Display: 	Callback Buffer Frame Size To Use:	  1024
[2022.06.20-15.03.25:128][  0]LogAudioMixer: Display: 	Number of buffers to queue:			  2
[2022.06.20-15.03.25:128][  0]LogAudioMixer: Display: 	Max Channels (voices):				  32
[2022.06.20-15.03.25:128][  0]LogAudioMixer: Display: 	Number of Async Source Workers:		  0
[2022.06.20-15.03.25:128][  0]LogAudio: Display: AudioDevice MaxSources: 32
[2022.06.20-15.03.25:128][  0]LogAudio: Display: Audio Spatialization Plugin: None (built-in).
[2022.06.20-15.03.25:128][  0]LogAudio: Display: Audio Reverb Plugin: None (built-in).
[2022.06.20-15.03.25:128][  0]LogAudio: Display: Audio Occlusion Plugin: None (built-in).
[2022.06.20-15.03.25:128][  0]LogAudioMixer: Display: Initializing audio mixer.
[2022.06.20-15.03.25:132][  0]LogAudioDebug: Display: Lib vorbis DLL was dynamically loaded.
[2022.06.20-15.03.25:139][  0]LogAudioMixer: Display: 0: FrontLeft
[2022.06.20-15.03.25:139][  0]LogAudioMixer: Display: 1: FrontRight
[2022.06.20-15.03.25:154][  0]LogAudioMixer: Display: Using Audio Device Speakers (Realtek(R) Audio)
[2022.06.20-15.03.25:154][  0]LogAudioMixer: Display: Initializing Sound Submixes...
[2022.06.20-15.03.25:155][  0]LogAudioMixer: Display: Creating Master Submix 'MasterSubmixDefault'
[2022.06.20-15.03.25:155][  0]LogAudioMixer: Display: Creating Master Submix 'MasterReverbSubmixDefault'
[2022.06.20-15.03.25:156][  0]LogAudioMixer: Display: Creating Master Submix 'MasterEQSubmixDefault'
[2022.06.20-15.03.25:156][  0]LogAudioMixer: FMixerPlatformXAudio2::StartAudioStream() called
[2022.06.20-15.03.25:156][  0]LogAudioMixer: Display: Output buffers initialized: Frames=1024, Channels=2, Samples=2048
[2022.06.20-15.03.25:156][  0]LogAudioMixer: Display: Starting AudioMixerPlatformInterface::RunInternal()
[2022.06.20-15.03.25:156][  0]LogAudioMixer: Display: FMixerPlatformXAudio2::SubmitBuffer() called for the first time
[2022.06.20-15.03.25:156][  0]LogInit: FAudioDevice initialized.
[2022.06.20-15.03.25:156][  0]LogNetVersion: Set ProjectVersion to 1.0.0.0. Version Checksum will be recalculated on next use.
[2022.06.20-15.03.25:156][  0]LogInit: Texture streaming: Enabled
[2022.06.20-15.03.25:158][  0]LogAudio: Display: Audio Device (ID: 1) registered with world 'Untitled'.
[2022.06.20-15.03.25:158][  0]LogSlate: Updating window title bar state: overlay mode, drag disabled, window buttons hidden, title bar hidden
[2022.06.20-15.03.25:159][  0]LogInit: Display: Game Engine Initialized.
[2022.06.20-15.03.25:159][  0]LogInit: Display: Starting Game.
[2022.06.20-15.03.25:159][  0]LogNet: Browse: /Game/ActionRoguelike/Maps/MainMenu_Entry?Name=Player
[2022.06.20-15.03.25:159][  0]LogLoad: LoadMap: /Game/ActionRoguelike/Maps/MainMenu_Entry?Name=Player
[2022.06.20-15.03.25:159][  0]LogWorld: BeginTearingDown for /Temp/Untitled_0
[2022.06.20-15.03.25:160][  0]LogWorld: UWorld::CleanupWorld for Untitled, bSessionEnded=true, bCleanupResources=true
[2022.06.20-15.03.25:160][  0]LogSlate: InvalidateAllWidgets triggered.  All widgets were invalidated
[2022.06.20-15.03.25:162][  0]LogAudio: Display: Audio Device unregistered from world 'None'.
[2022.06.20-15.03.25:163][  0]LogUObjectHash: Compacting FUObjectHashTables data took   0.51ms
[2022.06.20-15.03.25:169][  0]LogAudio: Display: Audio Device (ID: 1) registered with world 'MainMenu_Entry'.
[2022.06.20-15.03.25:170][  0]LogAIModule: Creating AISystem for world MainMenu_Entry
[2022.06.20-15.03.25:170][  0]LogLoad: Game class is 'BP_MainMenuGameMode_C'
[2022.06.20-15.03.25:171][  0]LogWorld: Bringing World /Game/ActionRoguelike/Maps/MainMenu_Entry.MainMenu_Entry up for play (max tick rate 0) at 2022.06.20-11.03.25
[2022.06.20-15.03.25:171][  0]LogWorld: Bringing up level for play took: 0.000229
[2022.06.20-15.03.25:171][  0]LogGameMode: FindPlayerStart: PATHS NOT DEFINED or NO PLAYERSTART with positive rating
[2022.06.20-15.03.25:172][  0]LogPlayerController: Error: InputMode:UIOnly - Attempting to focus Non-Focusable widget SObjectWidget [Widget.cpp(799)]!
[2022.06.20-15.03.25:172][  0]LogViewport: Display: Viewport MouseLockMode Changed, LockOnCapture -> LockInFullscreen
[2022.06.20-15.03.25:172][  0]LogViewport: Display: Viewport MouseCaptureMode Changed, CapturePermanently_IncludingInitialMouseDown -> NoCapture
[2022.06.20-15.03.25:172][  0]LogLoad: Took 0.013158 seconds to LoadMap(/Game/ActionRoguelike/Maps/MainMenu_Entry)
[2022.06.20-15.03.25:172][  0]LogSlate: Took 0.000131 seconds to synchronously load lazily loaded font '../../../ActionRoguelike/Content/ExampleContent/UI/Fonts/Cinzel/Cinzel-Bold.ufont' (84K)
[2022.06.20-15.03.25:173][  0]LogSlate: Took 0.000222 seconds to synchronously load lazily loaded font '../../../Engine/Content/Slate/Fonts/Roboto-Regular.ttf' (155K)
[2022.06.20-15.03.25:294][  0]LogRenderer: Reallocating scene render targets to support 3440x1440 Format 10 NumSamples 1 (Frame:1).
[2022.06.20-15.03.25:294][  0]LogRHI: Display: ShaderPipelineCache: Paused Batching. 1
[2022.06.20-15.03.25:294][  0]LogPakFile: AllPaks IndexSizes: DirectoryHashSize=272276, PathHashSize=16, EntriesSize=40960, TotalSize=313252
[2022.06.20-15.03.25:294][  0]LogRHI: Display: ShaderPipelineCache: Resumed Batching. 0
[2022.06.20-15.03.25:294][  0]LogRHI: Display: ShaderPipelineCache: Batching Resumed.
[2022.06.20-15.03.25:294][  0]LogInit: Display: Engine is initialized. Leaving FEngineLoop::Init()
[2022.06.20-15.03.25:294][  0]LogLoad: (Engine Initialization) Total time: 0.87 seconds
[2022.06.20-15.03.25:295][  0]LogContentStreaming: Texture pool size now 1000 MB
[2022.06.20-15.03.25:296][  0]LogSlate: InvalidateAllWidgets triggered.  All widgets were invalidated
[2022.06.20-15.03.25:305][  0]LogSlate: Slate font cache was flushed
[2022.06.20-15.03.25:306][  1]LogSlate: Took 0.000182 seconds to synchronously load lazily loaded font '../../../Engine/Content/Slate/Fonts/Roboto-Regular.ttf' (155K)
[2022.06.20-15.03.25:307][  1]LogSlate: Took 0.000105 seconds to synchronously load lazily loaded font '../../../ActionRoguelike/Content/ExampleContent/UI/Fonts/Cinzel/Cinzel-Bold.ufont' (84K)
[2022.06.20-15.03.26:649][162]LogNet: Browse: /Game/ActionRoguelike/Maps/TestLevel??listen
[2022.06.20-15.03.26:649][162]LogLoad: LoadMap: /Game/ActionRoguelike/Maps/TestLevel??listen
[2022.06.20-15.03.26:649][162]LogWorld: BeginTearingDown for /Game/ActionRoguelike/Maps/MainMenu_Entry
[2022.06.20-15.03.26:649][162]LogWorld: UWorld::CleanupWorld for MainMenu_Entry, bSessionEnded=true, bCleanupResources=true
[2022.06.20-15.03.26:649][162]LogSlate: InvalidateAllWidgets triggered.  All widgets were invalidated
[2022.06.20-15.03.26:672][162]LogAudio: Display: Audio Device unregistered from world 'None'.
[2022.06.20-15.03.26:673][162]LogUObjectHash: Compacting FUObjectHashTables data took   0.70ms
[2022.06.20-15.03.26:675][162]LogStreaming: Display: FlushAsyncLoading: 1 QueuedPackages, 0 AsyncPackages
[2022.06.20-15.03.26:701][162]LogActor: Warning: SetReplicates called on non-initialized actor Default__BP_TeleportProjectile_C. Directly setting bReplicates is the correct procedure for pre-init actors.
[2022.06.20-15.03.26:712][162]LogActor: Warning: SetReplicates called on non-initialized actor Default__BP_MagicProjectile_C. Directly setting bReplicates is the correct procedure for pre-init actors.
[2022.06.20-15.03.26:723][162]LogActor: Warning: SetReplicates called on non-initialized actor Default__BP_HealthPotion_C. Directly setting bReplicates is the correct procedure for pre-init actors.
[2022.06.20-15.03.26:723][162]LogActor: Warning: SetReplicates called on non-initialized actor Default__BP_Coin_C. Directly setting bReplicates is the correct procedure for pre-init actors.
[2022.06.20-15.03.26:729][162]LogActor: Warning: SetReplicates called on non-initialized actor Default__BP_ItemChest_C. Directly setting bReplicates is the correct procedure for pre-init actors.
[2022.06.20-15.03.26:729][162]LogActor: Warning: SetReplicates called on non-initialized actor Default__BP_PickUp_Dash_C. Directly setting bReplicates is the correct procedure for pre-init actors.
[2022.06.20-15.03.26:730][162]LogActor: Warning: SetReplicates called on non-initialized actor BP_ItemChest2. Directly setting bReplicates is the correct procedure for pre-init actors.
[2022.06.20-15.03.26:730][162]LogActor: Warning: SetReplicates called on non-initialized actor BP_ItemChest3_2. Directly setting bReplicates is the correct procedure for pre-init actors.
[2022.06.20-15.03.26:730][162]LogActor: Warning: SetReplicates called on non-initialized actor BP_ItemChest_2. Directly setting bReplicates is the correct procedure for pre-init actors.
[2022.06.20-15.03.26:730][162]LogActor: Warning: SetReplicates called on non-initialized actor BP_PickUp_Dash_2. Directly setting bReplicates is the correct procedure for pre-init actors.
[2022.06.20-15.03.26:745][162]LogAudio: Display: Audio Device (ID: 1) registered with world 'TestLevel'.
[2022.06.20-15.03.26:745][162]LogAIModule: Creating AISystem for world TestLevel
[2022.06.20-15.03.26:746][162]LogLoad: Game class is 'BP_GameMode_C'
[2022.06.20-15.03.26:746][162]LogNet: ReplicationDriverClass is null! Not using ReplicationDriver.
[2022.06.20-15.03.26:746][162]LogNetCore: DDoS detection status: detection enabled: 0 analytics enabled: 0
[2022.06.20-15.03.26:746][162]LogInit: WinSock: Socket queue. Rx: 131072 (config 131072) Tx: 131072 (config 131072)
[2022.06.20-15.03.26:746][162]LogNet: Created socket for bind address: 0.0.0.0 on port 7777
[2022.06.20-15.03.26:746][162]PacketHandlerLog: Loaded PacketHandler component: Engine.EngineHandlerComponentFactory (StatelessConnectHandlerComponent)
[2022.06.20-15.03.26:746][162]LogNet: GameNetDriver IpNetDriver_2147482517 IpNetDriver listening on port 7777
[2022.06.20-15.03.26:751][162]LogWorld: Bringing World /Game/ActionRoguelike/Maps/TestLevel.TestLevel up for play (max tick rate 0) at 2022.06.20-11.03.26
[2022.06.20-15.03.26:751][162]LogTemp: Warning: Created new SaveGame data.
[2022.06.20-15.03.26:752][162]LogWorld: Bringing up level for play took: 0.004918
[2022.06.20-15.03.26:752][162]LogOnlineSession: Warning: OSS: No game present to join for session (GameSession)
[2022.06.20-15.03.26:753][162]LogScript: Warning: Script Msg: Divide by zero detected: 159.999847 / 0
Script call stack:
	Function /Game/ParagonGideon/Characters/Heroes/Gideon/Gideon_AnimBlueprint.Gideon_AnimBlueprint_C:BlueprintUpdateAnimation
	Function /Game/ParagonGideon/Characters/Heroes/Gideon/Gideon_AnimBlueprint.Gideon_AnimBlueprint_C:ExecuteUbergraph_Gideon_AnimBlueprint

[2022.06.20-15.03.26:757][162]LogViewport: Display: Viewport MouseLockMode Changed, LockInFullscreen -> LockOnCapture
[2022.06.20-15.03.26:757][162]LogViewport: Display: Viewport MouseCaptureMode Changed, NoCapture -> CapturePermanently
[2022.06.20-15.03.26:758][162]LogLoad: Took 0.108887 seconds to LoadMap(/Game/ActionRoguelike/Maps/TestLevel)
[2022.06.20-15.03.26:773][162]LogSlate: Took 0.000277 seconds to synchronously load lazily loaded font '../../../Engine/Content/EngineFonts/Faces/RobotoBold.ufont' (160K)
[2022.06.20-15.03.26:774][162]LogSlate: InvalidateAllWidgets triggered.  All widgets were invalidated
[2022.06.20-15.03.26:787][163]LogSlate: Took 0.000186 seconds to synchronously load lazily loaded font '../../../Engine/Content/Slate/Fonts/Roboto-Regular.ttf' (155K)
[2022.06.20-15.03.26:789][163]LogSlate: Took 0.000159 seconds to synchronously load lazily loaded font '../../../Engine/Content/EngineFonts/Faces/RobotoBold.ufont' (160K)
[2022.06.20-15.03.26:826][164]LogActor: Warning: SetReplicates called on non-initialized actor BP_Coin_C_2147482459. Directly setting bReplicates is the correct procedure for pre-init actors.
[2022.06.20-15.03.26:840][165]LogActor: Warning: SetReplicates called on non-initialized actor BP_Coin_C_2147482457. Directly setting bReplicates is the correct procedure for pre-init actors.
[2022.06.20-15.03.26:852][166]LogActor: Warning: SetReplicates called on non-initialized actor BP_Coin_C_2147482456. Directly setting bReplicates is the correct procedure for pre-init actors.
[2022.06.20-15.03.26:852][166]LogActor: Warning: SetReplicates called on non-initialized actor BP_Coin_C_2147482455. Directly setting bReplicates is the correct procedure for pre-init actors.
[2022.06.20-15.03.26:865][167]LogActor: Warning: SetReplicates called on non-initialized actor BP_Coin_C_2147482454. Directly setting bReplicates is the correct procedure for pre-init actors.
[2022.06.20-15.03.26:865][167]LogActor: Warning: SetReplicates called on non-initialized actor BP_Coin_C_2147482453. Directly setting bReplicates is the correct procedure for pre-init actors.
[2022.06.20-15.03.26:865][167]LogActor: Warning: SetReplicates called on non-initialized actor BP_Coin_C_2147482452. Directly setting bReplicates is the correct procedure for pre-init actors.
[2022.06.20-15.03.26:865][167]LogActor: Warning: SetReplicates called on non-initialized actor BP_Coin_C_2147482451. Directly setting bReplicates is the correct procedure for pre-init actors.
[2022.06.20-15.03.26:877][168]LogActor: Warning: SetReplicates called on non-initialized actor BP_Coin_C_2147482450. Directly setting bReplicates is the correct procedure for pre-init actors.
[2022.06.20-15.03.26:877][168]LogActor: Warning: SetReplicates called on non-initialized actor BP_Coin_C_2147482449. Directly setting bReplicates is the correct procedure for pre-init actors.
[2022.06.20-15.03.26:878][168]LogActor: Warning: SetReplicates called on non-initialized actor BP_HealthPotion_C_2147482448. Directly setting bReplicates is the correct procedure for pre-init actors.
[2022.06.20-15.03.26:878][168]LogActor: Warning: SetReplicates called on non-initialized actor BP_HealthPotion_C_2147482446. Directly setting bReplicates is the correct procedure for pre-init actors.
[2022.06.20-15.03.26:890][169]LogActor: Warning: SetReplicates called on non-initialized actor BP_HealthPotion_C_2147482445. Directly setting bReplicates is the correct procedure for pre-init actors.
[2022.06.20-15.03.26:891][169]LogActor: Warning: SetReplicates called on non-initialized actor BP_HealthPotion_C_2147482444. Directly setting bReplicates is the correct procedure for pre-init actors.
[2022.06.20-15.03.26:892][169]LogActor: Warning: SetReplicates called on non-initialized actor BP_HealthPotion_C_2147482443. Directly setting bReplicates is the correct procedure for pre-init actors.
[2022.06.20-15.03.28:507][364]LogTemp: Running: Action_MagicProjectile_C_2147482482
[2022.06.20-15.03.28:650][381]LogTemp: Found 0 alive bots
[2022.06.20-15.03.28:664][383]LogActor: Warning: SetReplicates called on non-initialized actor Default__BP_MagicProjectile_AI_C. Directly setting bReplicates is the correct procedure for pre-init actors.
[2022.06.20-15.03.28:675][384]LogTemp: Running: Effect_Burning_C_2147482424
[2022.06.20-15.03.28:715][389]LogActor: Warning: SetReplicates called on non-initialized actor BP_MagicProjectile_C_2147482422. Directly setting bReplicates is the correct procedure for pre-init actors.
[2022.06.20-15.03.28:716][389]LogTemp: Stopped: Action_MagicProjectile_C_2147482482
[2022.06.20-15.03.29:060][430]LogTemp: Running: Action_MagicProjectile_C_2147482482
[2022.06.20-15.03.29:267][455]LogActor: Warning: SetReplicates called on non-initialized actor BP_MagicProjectile_C_2147482417. Directly setting bReplicates is the correct procedure for pre-init actors.
[2022.06.20-15.03.29:267][455]LogTemp: Stopped: Action_MagicProjectile_C_2147482482
[2022.06.20-15.03.29:551][489]LogTemp: Running: Action_MagicProjectile_C_2147482482
[2022.06.20-15.03.29:751][513]LogActor: Warning: SetReplicates called on non-initialized actor BP_MagicProjectile_C_2147482405. Directly setting bReplicates is the correct procedure for pre-init actors.
[2022.06.20-15.03.29:751][513]LogTemp: Stopped: Action_MagicProjectile_C_2147482482
[2022.06.20-15.03.30:061][550]LogTemp: Running: Action_MagicProjectile_C_2147482482
[2022.06.20-15.03.30:269][575]LogActor: Warning: SetReplicates called on non-initialized actor BP_MagicProjectile_C_2147482402. Directly setting bReplicates is the correct procedure for pre-init actors.
[2022.06.20-15.03.30:269][575]LogTemp: Stopped: Action_MagicProjectile_C_2147482482
[2022.06.20-15.03.30:656][619]LogTemp: Found 1 alive bots
[2022.06.20-15.03.30:656][619]LogTemp: At maximum bot capacity. Skipping bot spawn.
[2022.06.20-15.03.30:731][628]LogTemp: Running: Action_Sprint_C_2147482481
[2022.06.20-15.03.31:679][741]LogTemp: Stopped: Effect_Burning_C_2147482424
[2022.06.20-15.03.32:659][858]LogTemp: Found 1 alive bots
[2022.06.20-15.03.32:659][858]LogTemp: At maximum bot capacity. Skipping bot spawn.
[2022.06.20-15.03.34:590][ 89]LogSlate: Took 0.000312 seconds to synchronously load lazily loaded font '../../../ActionRoguelike/Content/ExampleContent/UI/Fonts/Cinzel/Cinzel-Regular.ufont' (76K)
[2022.06.20-15.03.34:652][ 97]LogTemp: Found 1 alive bots
[2022.06.20-15.03.34:652][ 97]LogTemp: At maximum bot capacity. Skipping bot spawn.
[2022.06.20-15.03.35:623][213]LogTemp: Stopped: Action_Sprint_C_2147482481
[2022.06.20-15.03.35:791][233]LogTemp: Running: Action_MagicProjectile_C_2147482482
[2022.06.20-15.03.35:992][257]LogActor: Warning: SetReplicates called on non-initialized actor BP_MagicProjectile_C_2147482389. Directly setting bReplicates is the correct procedure for pre-init actors.
[2022.06.20-15.03.35:992][257]LogTemp: Stopped: Action_MagicProjectile_C_2147482482
[2022.06.20-15.03.36:176][279]LogTemp: Running: Action_MagicProjectile_C_2147482482
[2022.06.20-15.03.36:380][304]LogActor: Warning: SetReplicates called on non-initialized actor BP_MagicProjectile_C_2147482386. Directly setting bReplicates is the correct procedure for pre-init actors.
[2022.06.20-15.03.36:381][304]LogTemp: Stopped: Action_MagicProjectile_C_2147482482
[2022.06.20-15.03.36:651][336]LogTemp: Found 1 alive bots
[2022.06.20-15.03.36:651][336]LogTemp: At maximum bot capacity. Skipping bot spawn.
[2022.06.20-15.03.36:662][337]LogTemp: Running: Action_MagicProjectile_C_2147482482
[2022.06.20-15.03.36:864][360]LogActor: Warning: SetReplicates called on non-initialized actor BP_MagicProjectile_C_2147482384. Directly setting bReplicates is the correct procedure for pre-init actors.
[2022.06.20-15.03.36:864][360]LogTemp: Stopped: Action_MagicProjectile_C_2147482482
[2022.06.20-15.03.37:084][385]LogTemp: Running: Effect_Burning_C_2147482378
[2022.06.20-15.03.37:149][392]LogTemp: Running: Action_MagicProjectile_C_2147482482
[2022.06.20-15.03.37:349][413]LogActor: Warning: SetReplicates called on non-initialized actor BP_MagicProjectile_C_2147482373. Directly setting bReplicates is the correct procedure for pre-init actors.
[2022.06.20-15.03.37:349][413]LogTemp: Stopped: Action_MagicProjectile_C_2147482482
[2022.06.20-15.03.37:464][425]LogActor: Warning: SetReplicates called on non-initialized actor BP_MagicProjectile_AI_C_2147482372. Directly setting bReplicates is the correct procedure for pre-init actors.
[2022.06.20-15.03.37:524][431]LogTemp: Running: Effect_Burning_C_2147482366
[2022.06.20-15.03.37:691][447]LogTemp: Running: Action_MagicProjectile_C_2147482482
[2022.06.20-15.03.37:895][466]LogActor: Warning: SetReplicates called on non-initialized actor BP_MagicProjectile_C_2147482344. Directly setting bReplicates is the correct procedure for pre-init actors.
[2022.06.20-15.03.37:895][466]LogTemp: Stopped: Action_MagicProjectile_C_2147482482
[2022.06.20-15.03.37:983][474]LogActor: Warning: SetReplicates called on non-initialized actor BP_MagicProjectile_AI_C_2147482343. Directly setting bReplicates is the correct procedure for pre-init actors.
[2022.06.20-15.03.38:039][479]LogTemp: Running: Effect_Burning_C_2147482338
[2022.06.20-15.03.38:152][489]LogTemp: Running: Action_MagicProjectile_C_2147482482
[2022.06.20-15.03.38:359][507]LogActor: Warning: SetReplicates called on non-initialized actor BP_MagicProjectile_C_2147482326. Directly setting bReplicates is the correct procedure for pre-init actors.
[2022.06.20-15.03.38:359][507]LogTemp: Stopped: Action_MagicProjectile_C_2147482482
[2022.06.20-15.03.38:473][517]LogTemp: OnActorKilled: Victim: BP_MinionRanged_C_2147482435, Killer: BP_PlayerCharacter_C_2147482487
[2022.06.20-15.03.38:473][517]LogTemp: Running: Effect_Burning_C_2147482323
[2022.06.20-15.03.38:660][534]LogTemp: Found 0 alive bots
[2022.06.20-15.03.38:685][536]LogTemp: Running: Effect_Thorns_C_2147482316
[2022.06.20-15.03.39:140][573]LogTemp: Running: Action_Sprint_C_2147482481
[2022.06.20-15.03.40:086][674]LogTemp: Stopped: Effect_Burning_C_2147482378
[2022.06.20-15.03.40:531][727]LogTemp: Stopped: Effect_Burning_C_2147482366
[2022.06.20-15.03.40:654][742]LogTemp: Found 1 alive bots
[2022.06.20-15.03.40:654][742]LogTemp: At maximum bot capacity. Skipping bot spawn.
[2022.06.20-15.03.41:041][788]LogTemp: Stopped: Effect_Burning_C_2147482338
[2022.06.20-15.03.41:288][818]LogTemp: Stopped: Action_Sprint_C_2147482481
[2022.06.20-15.03.41:475][840]LogTemp: Stopped: Effect_Burning_C_2147482323
[2022.06.20-15.03.41:923][894]LogTemp: Running: Action_Sprint_C_2147482481
[2022.06.20-15.03.42:652][978]LogTemp: Found 1 alive bots
[2022.06.20-15.03.42:652][978]LogTemp: At maximum bot capacity. Skipping bot spawn.
[2022.06.20-15.03.44:651][218]LogTemp: Found 1 alive bots
[2022.06.20-15.03.44:651][218]LogTemp: At maximum bot capacity. Skipping bot spawn.
[2022.06.20-15.03.46:655][459]LogTemp: Found 1 alive bots
[2022.06.20-15.03.46:655][459]LogTemp: At maximum bot capacity. Skipping bot spawn.
[2022.06.20-15.03.48:150][637]LogTemp: Stopped: Action_Sprint_C_2147482481
[2022.06.20-15.03.48:656][698]LogTemp: Found 1 alive bots
[2022.06.20-15.03.48:656][698]LogTemp: At maximum bot capacity. Skipping bot spawn.
[2022.06.20-15.03.49:875][844]LogViewport: Display: Viewport MouseLockMode Changed, LockOnCapture -> LockInFullscreen
[2022.06.20-15.03.49:875][844]LogViewport: Display: Viewport MouseCaptureMode Changed, CapturePermanently -> NoCapture
[2022.06.20-15.03.49:877][844]LogSlate: Took 0.000172 seconds to synchronously load lazily loaded font '../../../ActionRoguelike/Content/ExampleContent/UI/Fonts/Cinzel/Cinzel-Bold.ufont' (84K)
[2022.06.20-15.03.50:652][937]LogTemp: Found 1 alive bots
[2022.06.20-15.03.50:652][937]LogTemp: At maximum bot capacity. Skipping bot spawn.
[2022.06.20-15.03.52:656][177]LogTemp: Found 1 alive bots
[2022.06.20-15.03.52:656][177]LogTemp: At maximum bot capacity. Skipping bot spawn.
[2022.06.20-15.03.53:899][326]Closing by request
[2022.06.20-15.03.53:899][326]LogWindows: FPlatformMisc::RequestExit(0)
[2022.06.20-15.03.53:899][326]LogWindows: FPlatformMisc::RequestExitWithStatus(0, 0)
[2022.06.20-15.03.53:899][326]LogCore: Engine exit requested (reason: Win RequestExit)
[2022.06.20-15.03.53:907][327]LogCore: Engine exit requested (reason: EngineExit() was called; note: exit was already requested)
[2022.06.20-15.03.53:907][327]LogInit: Display: PreExit Game.
[2022.06.20-15.03.53:911][327]LogWorld: BeginTearingDown for /Game/ActionRoguelike/Maps/TestLevel
[2022.06.20-15.03.53:911][327]LogNet: World NetDriver shutdown IpNetDriver_2147482517 [GameNetDriver]
[2022.06.20-15.03.53:911][327]LogNet: DestroyNamedNetDriver IpNetDriver_2147482517 [GameNetDriver]
[2022.06.20-15.03.53:911][327]LogExit: GameNetDriver IpNetDriver_2147482517 shut down
[2022.06.20-15.03.53:911][327]LogWorld: UWorld::CleanupWorld for TestLevel, bSessionEnded=true, bCleanupResources=true
[2022.06.20-15.03.53:913][327]LogSlate: InvalidateAllWidgets triggered.  All widgets were invalidated
[2022.06.20-15.03.54:111][327]LogAudio: Display: Beginning Audio Device Manager Shutdown (Module: AudioMixerXAudio2)...
[2022.06.20-15.03.54:111][327]LogAudio: Display: Destroying 1 Remaining Audio Device(s)...
[2022.06.20-15.03.54:111][327]LogAudio: Display: Audio Device unregistered from world 'TestLevel'.
[2022.06.20-15.03.54:151][327]LogAudioMixer: FMixerPlatformXAudio2::StopAudioStream() called
[2022.06.20-15.03.54:151][327]LogAudioMixer: FMixerPlatformXAudio2::StopAudioStream() called
[2022.06.20-15.03.54:167][327]LogAudio: Display: Audio Device Manager Shutdown
[2022.06.20-15.03.54:167][327]LogSlate: Request Window 'ActionRoguelike (64-bit Development PCD3D_SM5) ' being destroyed
[2022.06.20-15.03.54:175][327]LogSlate: Window 'ActionRoguelike (64-bit Development PCD3D_SM5) ' being destroyed
[2022.06.20-15.03.54:179][327]LogWindowsTextInputMethodSystem: Display: IME system deactivated.
[2022.06.20-15.03.54:191][327]LogExit: Preparing to exit.
[2022.06.20-15.03.54:191][327]LogMoviePlayer: Shutting down movie player
[2022.06.20-15.03.54:193][327]LogSlate: Updating window title bar state: overlay mode, drag disabled, window buttons hidden, title bar hidden
[2022.06.20-15.03.54:209][327]LogDemo: Cleaned up 0 splitscreen connections with owner deletion
[2022.06.20-15.03.54:210][327]LogExit: Game engine shut down
[2022.06.20-15.03.54:225][327]LogExit: Object subsystem successfully closed.
[2022.06.20-15.03.54:232][327]LogModuleManager: Shutting down and abandoning module AutomationController (330)
[2022.06.20-15.03.54:232][327]LogModuleManager: Shutting down and abandoning module AutomationWorker (328)
[2022.06.20-15.03.54:232][327]LogModuleManager: Shutting down and abandoning module Voice (326)
[2022.06.20-15.03.54:232][327]LogModuleManager: Shutting down and abandoning module AIModule (324)
[2022.06.20-15.03.54:232][327]LogModuleManager: Shutting down and abandoning module GameplayDebugger (323)
[2022.06.20-15.03.54:232][327]LogModuleManager: Shutting down and abandoning module NavigationSystem (321)
[2022.06.20-15.03.54:232][327]LogModuleManager: Shutting down and abandoning module WebMMediaFactory (318)
[2022.06.20-15.03.54:232][327]LogModuleManager: Shutting down and abandoning module WebMMedia (316)
[2022.06.20-15.03.54:232][327]LogModuleManager: Shutting down and abandoning module WmfMediaFactory (314)
[2022.06.20-15.03.54:232][327]LogModuleManager: Shutting down and abandoning module OpenExrWrapper (312)
[2022.06.20-15.03.54:232][327]LogModuleManager: Shutting down and abandoning module ImgMediaFactory (310)
[2022.06.20-15.03.54:232][327]LogModuleManager: Shutting down and abandoning module AvfMediaFactory (308)
[2022.06.20-15.03.54:232][327]LogModuleManager: Shutting down and abandoning module CharacterAI (306)
[2022.06.20-15.03.54:232][327]LogModuleManager: Shutting down and abandoning module PlanarCut (304)
[2022.06.20-15.03.54:232][327]LogModuleManager: Shutting down and abandoning module SessionServices (302)
[2022.06.20-15.03.54:232][327]LogModuleManager: Shutting down and abandoning module LiveCoding (300)
[2022.06.20-15.03.54:232][327]LogModuleManager: Shutting down and abandoning module LevelSequence (298)
[2022.06.20-15.03.54:232][327]LogModuleManager: Shutting down and abandoning module MovieSceneTracks (296)
[2022.06.20-15.03.54:232][327]LogModuleManager: Shutting down and abandoning module MovieScene (294)
[2022.06.20-15.03.54:232][327]LogModuleManager: Shutting down and abandoning module StreamingPauseRendering (292)
[2022.06.20-15.03.54:232][327]LogModuleManager: Shutting down and abandoning module AudioMixerXAudio2 (290)
[2022.06.20-15.03.54:232][327]LogModuleManager: Shutting down and abandoning module AudioMixerCore (289)
[2022.06.20-15.03.54:232][327]LogModuleManager: Shutting down and abandoning module ImageWriteQueue (286)
[2022.06.20-15.03.54:232][327]LogModuleManager: Shutting down and abandoning module ProfilerService (284)
[2022.06.20-15.03.54:390][327]LogModuleManager: Shutting down and abandoning module TaskGraph (282)
[2022.06.20-15.03.54:390][327]LogModuleManager: Shutting down and abandoning module Synthesis (280)
[2022.06.20-15.03.54:390][327]LogModuleManager: Shutting down and abandoning module MobilePatchingUtils (278)
[2022.06.20-15.03.54:390][327]LogModuleManager: Shutting down and abandoning module GooglePAD (276)
[2022.06.20-15.03.54:390][327]LogModuleManager: Shutting down and abandoning module CustomMeshComponent (274)
[2022.06.20-15.03.54:390][327]LogModuleManager: Shutting down and abandoning module CableComponent (272)
[2022.06.20-15.03.54:390][327]LogModuleManager: Shutting down and abandoning module AudioCapture (270)
[2022.06.20-15.03.54:390][327]LogModuleManager: Shutting down and abandoning module AudioCaptureRtAudio (269)
[2022.06.20-15.03.54:390][327]LogModuleManager: Shutting down and abandoning module AssetTags (266)
[2022.06.20-15.03.54:390][327]LogModuleManager: Shutting down and abandoning module ArchVisCharacter (264)
[2022.06.20-15.03.54:390][327]LogModuleManager: Shutting down and abandoning module AppleImageUtils (262)
[2022.06.20-15.03.54:390][327]LogModuleManager: Shutting down and abandoning module AndroidPermission (260)
[2022.06.20-15.03.54:390][327]LogModuleManager: Shutting down and abandoning module ActorLayerUtilities (258)
[2022.06.20-15.03.54:390][327]LogModuleManager: Shutting down and abandoning module MediaCompositing (256)
[2022.06.20-15.03.54:390][327]LogModuleManager: Shutting down and abandoning module ImgMedia (254)
[2022.06.20-15.03.54:390][327]LogModuleManager: Shutting down and abandoning module MagicLeapLightEstimation (252)
[2022.06.20-15.03.54:390][327]LogModuleManager: Shutting down and abandoning module MagicLeapHelperVulkan (250)
[2022.06.20-15.03.54:390][327]LogModuleManager: Shutting down and abandoning module MagicLeapHelperOpenGL (248)
[2022.06.20-15.03.54:390][327]LogModuleManager: Shutting down and abandoning module MagicLeapAudio (246)
[2022.06.20-15.03.54:390][327]LogModuleManager: Shutting down and abandoning module MagicLeapSharedWorld (244)
[2022.06.20-15.03.54:390][327]LogModuleManager: Shutting down and abandoning module OpenImageDenoise (242)
[2022.06.20-15.03.54:390][327]LogModuleManager: Shutting down and abandoning module MotoSynth (240)
[2022.06.20-15.03.54:390][327]LogModuleManager: Shutting down and abandoning module ChaosNiagara (238)
[2022.06.20-15.03.54:390][327]LogModuleManager: Shutting down and abandoning module ProceduralMeshComponent (236)
[2022.06.20-15.03.54:390][327]LogModuleManager: Shutting down and abandoning module GeometryCollectionTracks (234)
[2022.06.20-15.03.54:390][327]LogModuleManager: Shutting down and abandoning module EditableMesh (232)
[2022.06.20-15.03.54:390][327]LogModuleManager: Shutting down and abandoning module MeshConversion (230)
[2022.06.20-15.03.54:390][327]LogModuleManager: Shutting down and abandoning module DynamicMesh (228)
[2022.06.20-15.03.54:390][327]LogModuleManager: Shutting down and abandoning module GeometryAlgorithms (226)
[2022.06.20-15.03.54:390][327]LogModuleManager: Shutting down and abandoning module GeometricObjects (224)
[2022.06.20-15.03.54:390][327]LogModuleManager: Shutting down and abandoning module BackChannel (222)
[2022.06.20-15.03.54:390][327]LogModuleManager: Shutting down and abandoning module AutomationUtils (220)
[2022.06.20-15.03.54:390][327]LogModuleManager: Shutting down and abandoning module GeometryCacheTracks (218)
[2022.06.20-15.03.54:390][327]LogModuleManager: Shutting down and abandoning module GeometryCache (216)
[2022.06.20-15.03.54:390][327]LogModuleManager: Shutting down and abandoning module UObjectPlugin (214)
[2022.06.20-15.03.54:390][327]LogModuleManager: Shutting down and abandoning module OodleNetworkHandlerComponent (212)
[2022.06.20-15.03.54:390][327]LogModuleManager: Shutting down and abandoning module TemplateSequence (210)
[2022.06.20-15.03.54:390][327]LogModuleManager: Shutting down and abandoning module ActionRoguelike (208)
[2022.06.20-15.03.54:390][327]LogModuleManager: Shutting down and abandoning module AudioSynesthesia (206)
[2022.06.20-15.03.54:390][327]LogModuleManager: Shutting down and abandoning module AudioSynesthesiaCore (204)
[2022.06.20-15.03.54:390][327]LogModuleManager: Shutting down and abandoning module SoundFields (202)
[2022.06.20-15.03.54:390][327]LogModuleManager: Shutting down and abandoning module RuntimePhysXCooking (200)
[2022.06.20-15.03.54:390][327]LogModuleManager: Shutting down and abandoning module LocationServicesBPLibrary (196)
[2022.06.20-15.03.54:390][327]LogModuleManager: Shutting down and abandoning module ActorSequence (194)
[2022.06.20-15.03.54:390][327]LogModuleManager: Shutting down and abandoning module UdpMessaging (192)
[2022.06.20-15.03.54:390][327]LogModuleManager: Shutting down and abandoning module TcpMessaging (190)
[2022.06.20-15.03.54:390][327]LogModuleManager: Shutting down and abandoning module ImgMediaEngine (188)
[2022.06.20-15.03.54:390][327]LogModuleManager: Shutting down and abandoning module MagicLeapHandMeshing (186)
[2022.06.20-15.03.54:390][327]LogModuleManager: Shutting down and abandoning module MagicLeapSecureStorage (184)
[2022.06.20-15.03.54:390][327]LogModuleManager: Shutting down and abandoning module MagicLeapPrivileges (182)
[2022.06.20-15.03.54:390][327]LogModuleManager: Shutting down and abandoning module MagicLeapPlanes (180)
[2022.06.20-15.03.54:390][327]LogModuleManager: Shutting down and abandoning module MagicLeapImageTracker (178)
[2022.06.20-15.03.54:390][327]LogModuleManager: Shutting down and abandoning module MagicLeapIdentity (176)
[2022.06.20-15.03.54:390][327]LogModuleManager: Shutting down and abandoning module MagicLeapHandTracking (174)
[2022.06.20-15.03.54:390][327]LogModuleManager: Shutting down and abandoning module MagicLeapEyeTracker (172)
[2022.06.20-15.03.54:390][327]LogModuleManager: Shutting down and abandoning module MagicLeapController (170)
[2022.06.20-15.03.54:390][327]LogSlate: Slate User Destroyed.  User Index 0, Is Virtual User: 0
[2022.06.20-15.03.54:390][327]LogModuleManager: Shutting down and abandoning module MagicLeapARPinImpl (168)
[2022.06.20-15.03.54:390][327]LogModuleManager: Shutting down and abandoning module MagicLeapAR (166)
[2022.06.20-15.03.54:390][327]LogModuleManager: Shutting down and abandoning module AugmentedReality (165)
[2022.06.20-15.03.54:390][327]LogModuleManager: Shutting down and abandoning module MagicLeapARPin (162)
[2022.06.20-15.03.54:390][327]LogModuleManager: Shutting down and abandoning module NiagaraAnimNotifies (160)
[2022.06.20-15.03.54:390][327]LogModuleManager: Shutting down and abandoning module Niagara (158)
[2022.06.20-15.03.54:390][327]LogModuleManager: Shutting down and abandoning module SignalProcessing (157)
[2022.06.20-15.03.54:390][327]LogModuleManager: Shutting down and abandoning module NiagaraCore (154)
[2022.06.20-15.03.54:390][327]LogModuleManager: Shutting down and abandoning module FacialAnimation (152)
[2022.06.20-15.03.54:390][327]LogModuleManager: Shutting down and abandoning module SignificanceManager (150)
[2022.06.20-15.03.54:390][327]LogModuleManager: Shutting down and abandoning module AnimationSharing (148)
[2022.06.20-15.03.54:390][327]LogModuleManager: Shutting down and abandoning module GameplayCameras (146)
[2022.06.20-15.03.54:390][327]LogModuleManager: Shutting down and abandoning module LightPropagationVolumeRuntime (144)
[2022.06.20-15.03.54:390][327]LogModuleManager: Shutting down and abandoning module Paper2D (142)
[2022.06.20-15.03.54:390][327]LogModuleManager: Shutting down and abandoning module WindowsMoviePlayer (140)
[2022.06.20-15.03.54:390][327]LogModuleManager: Shutting down and abandoning module WebMMoviePlayer (138)
[2022.06.20-15.03.54:390][327]LogModuleManager: Shutting down and abandoning module NetworkReplayStreaming (136)
[2022.06.20-15.03.54:390][327]LogModuleManager: Shutting down and abandoning module PacketHandler (134)
[2022.06.20-15.03.54:390][327]LogModuleManager: Shutting down and abandoning module ClothingSystemRuntimeNv (132)
[2022.06.20-15.03.54:390][327]LogModuleManager: Shutting down and abandoning module MediaAssets (130)
[2022.06.20-15.03.54:390][327]LogModuleManager: Shutting down and abandoning module Overlay (128)
[2022.06.20-15.03.54:390][327]LogModuleManager: Shutting down and abandoning module FunctionalTesting (126)
[2022.06.20-15.03.54:390][327]LogModuleManager: Shutting down and abandoning module MessageLog (124)
[2022.06.20-15.03.54:391][327]LogModuleManager: Shutting down and abandoning module UMG (122)
[2022.06.20-15.03.54:391][327]LogModuleManager: Shutting down and abandoning module SlateReflector (120)
[2022.06.20-15.03.54:391][327]LogModuleManager: Shutting down and abandoning module Slate (118)
[2022.06.20-15.03.54:391][327]LogModuleManager: Shutting down and abandoning module SlateCore (116)
[2022.06.20-15.03.54:391][327]LogModuleManager: Shutting down and abandoning module MRMesh (114)
[2022.06.20-15.03.54:391][327]LogModuleManager: Shutting down and abandoning module Messaging (112)
[2022.06.20-15.03.54:391][327]LogModuleManager: Shutting down and abandoning module HeadMountedDisplay (110)
[2022.06.20-15.03.54:391][327]LogModuleManager: Shutting down and abandoning module XAudio2 (108)
[2022.06.20-15.03.54:391][327]LogModuleManager: Shutting down and abandoning module Networking (106)
[2022.06.20-15.03.54:391][327]LogModuleManager: Shutting down and abandoning module Core (104)
[2022.06.20-15.03.54:391][327]LogModuleManager: Shutting down and abandoning module FieldSystemEngine (102)
[2022.06.20-15.03.54:391][327]LogModuleManager: Shutting down and abandoning module ImageWrapper (98)
[2022.06.20-15.03.54:391][327]LogModuleManager: Shutting down and abandoning module D3D11RHI (96)
[2022.06.20-15.03.54:391][327]LogModuleManager: Shutting down and abandoning module InputCore (94)
[2022.06.20-15.03.54:391][327]LogModuleManager: Shutting down and abandoning module Settings (92)
[2022.06.20-15.03.54:391][327]LogModuleManager: Shutting down and abandoning module PhysXCooking (90)
[2022.06.20-15.03.54:391][327]LogModuleManager: Shutting down and abandoning module Chaos (88)
[2022.06.20-15.03.54:391][327]LogModuleManager: Shutting down and abandoning module WindowsPlatformFeatures (86)
[2022.06.20-15.03.54:391][327]LogModuleManager: Shutting down and abandoning module GameplayMediaEncoder (85)
[2022.06.20-15.03.54:391][327]LogModuleManager: Shutting down and abandoning module AVEncoder (84)
[2022.06.20-15.03.54:391][327]LogModuleManager: Shutting down and abandoning module ExampleDeviceProfileSelector (80)
[2022.06.20-15.03.54:391][327]LogModuleManager: Shutting down and abandoning module ChunkDownloader (78)
[2022.06.20-15.03.54:391][327]LogModuleManager: Shutting down and abandoning module LauncherChunkInstaller (76)
[2022.06.20-15.03.54:391][327]LogModuleManager: Shutting down and abandoning module OnlineSubsystem (72)
[2022.06.20-15.03.54:392][327]LogModuleManager: Shutting down and abandoning module HTTP (67)
[2022.06.20-15.03.54:392][327]LogHttp: Display: cleaning up 0 outstanding Http requests.
[2022.06.20-15.03.54:422][327]LogModuleManager: Shutting down and abandoning module SSL (66)
[2022.06.20-15.03.54:422][327]LogModuleManager: Shutting down and abandoning module WmfMedia (62)
[2022.06.20-15.03.54:422][327]LogModuleManager: Shutting down and abandoning module Media (61)
[2022.06.20-15.03.54:423][327]LogModuleManager: Shutting down and abandoning module MediaInfo (60)
[2022.06.20-15.03.54:423][327]LogModuleManager: Shutting down and abandoning module ExrReaderGpu (56)
[2022.06.20-15.03.54:423][327]LogModuleManager: Shutting down and abandoning module MLSDK (54)
[2022.06.20-15.03.54:423][327]LogModuleManager: Shutting down and abandoning module MagicLeap (52)
[2022.06.20-15.03.54:423][327]LogModuleManager: Shutting down and abandoning module NiagaraVertexFactories (50)
[2022.06.20-15.03.54:423][327]LogModuleManager: Shutting down and abandoning module NiagaraShader (48)
[2022.06.20-15.03.54:423][327]LogModuleManager: Shutting down and abandoning module ChaosCloth (46)
[2022.06.20-15.03.54:423][327]LogModuleManager: Shutting down and abandoning module VariantManagerContent (44)
[2022.06.20-15.03.54:423][327]LogModuleManager: Shutting down and abandoning module DatasmithContent (42)
[2022.06.20-15.03.54:423][327]LogModuleManager: Shutting down and abandoning module PixWinPlugin (40)
[2022.06.20-15.03.54:423][327]LogModuleManager: Shutting down and abandoning module AISupportModule (38)
[2022.06.20-15.03.54:423][327]LogModuleManager: Shutting down and abandoning module PlatformCryptoOpenSSL (36)
[2022.06.20-15.03.54:423][327]LogModuleManager: Shutting down and abandoning module PlatformCryptoTypes (34)
[2022.06.20-15.03.54:423][327]LogModuleManager: Shutting down and abandoning module PlatformCrypto (32)
[2022.06.20-15.03.54:423][327]LogModuleManager: Shutting down and abandoning module PythonScriptPluginPreload (30)
[2022.06.20-15.03.54:423][327]LogModuleManager: Shutting down and abandoning module OodleDataCompressionFormat (28)
[2022.06.20-15.03.54:423][327]LogModuleManager: Shutting down and abandoning module RenderCore (26)
[2022.06.20-15.03.54:423][327]LogModuleManager: Shutting down and abandoning module Landscape (24)
[2022.06.20-15.03.54:423][327]LogModuleManager: Shutting down and abandoning module SlateRHIRenderer (22)
[2022.06.20-15.03.54:423][327]LogModuleManager: Shutting down and abandoning module AnimGraphRuntime (20)
[2022.06.20-15.03.54:424][327]LogModuleManager: Shutting down and abandoning module Renderer (18)
[2022.06.20-15.03.54:424][327]LogModuleManager: Shutting down and abandoning module Engine (16)
[2022.06.20-15.03.54:424][327]LogModuleManager: Shutting down and abandoning module CoreUObject (14)
[2022.06.20-15.03.54:424][327]LogModuleManager: Shutting down and abandoning module NetworkFile (12)
[2022.06.20-15.03.54:424][327]LogModuleManager: Shutting down and abandoning module CookedIterativeFile (10)
[2022.06.20-15.03.54:424][327]LogModuleManager: Shutting down and abandoning module StreamingFile (8)
[2022.06.20-15.03.54:424][327]LogModuleManager: Shutting down and abandoning module SandboxFile (6)
[2022.06.20-15.03.54:424][327]LogModuleManager: Shutting down and abandoning module PakFile (4)
[2022.06.20-15.03.54:424][327]LogModuleManager: Shutting down and abandoning module RSA (3)
[2022.06.20-15.03.54:424][327]LogContentStreaming: Display: There are 1 unreleased StreamingManagers
[2022.06.20-15.03.54:431][327]LogD3D11RHI: Shutdown
[2022.06.20-15.03.54:431][327]LogD3D11RHI: CleanupD3DDevice
[2022.06.20-15.03.54:432][327]LogExit: Exiting.
[2022.06.20-15.03.54:442][327]Log file closed, 06/20/22 11:03:54
